2022-09-28 01:39:22.083 +00:00 [DBG] Successfully parsed data for Senior Financial Advisor (Belize) from Glo Recruitment & HR.
2022-09-28 01:39:23.033 +00:00 [DBG] Successfully parsed data for Analyst Programmer II Innovation and Technology from Guardian Group.
2022-09-28 01:39:24.061 +00:00 [DBG] Successfully parsed data for IT Change Management Coordinator from Guardian Group.
2022-09-28 01:39:25.047 +00:00 [DBG] Successfully parsed data for Quantity Surveyor/ Technician from Not Disclosed.
2022-09-28 01:39:26.370 +00:00 [DBG] Successfully parsed data for Medical Laboratory Technician from Southern Medical Services Company Limited.
2022-09-28 01:39:27.756 +00:00 [DBG] Successfully parsed data for Manager Deals Management from Guardian Group.
2022-09-28 01:39:29.000 +00:00 [DBG] Successfully parsed data for FACILITIES TECHNICIAN III from Kapok Hotel.
2022-09-28 01:39:30.027 +00:00 [DBG] Successfully parsed data for Telephone Operator / Receptionist from Eastman & Associates.
2022-09-28 01:39:30.947 +00:00 [DBG] Successfully parsed data for Data Preparedness Officer SC-8 (Caribbean Multi-Country Office) from United Nations World Food Programme.
2022-09-28 01:39:31.905 +00:00 [DBG] Successfully parsed data for Auditing Assistant (Internal Audit) from Public Transport Service Corporation of Trinidad and Tobago.
2022-09-28 01:39:33.048 +00:00 [DBG] Successfully parsed data for RELIEF SPANISH TEACHER from Bishop Anstey High School East & Trinity College East.
2022-09-28 01:39:34.046 +00:00 [DBG] Successfully parsed data for Technical Officer- Partnerships & Resource Development from International Federation of Red Cross & Red Cross & Red Cross Societies.
2022-09-28 01:39:34.984 +00:00 [DBG] Successfully parsed data for Sr. Laboratory Technician from Nutrien (formerly PCS Nitrogen Trinidad Limited).
2022-09-28 01:39:35.919 +00:00 [DBG] Successfully parsed data for PRODUCTION SHIFT MANAGER from Not Disclosed.
2022-09-28 01:39:36.790 +00:00 [DBG] Successfully parsed data for Senior Customs Manager from Not Disclosed.
2022-09-28 01:39:37.693 +00:00 [DBG] Successfully parsed data for Sales Representative from Not Disclosed.
2022-09-28 01:39:38.716 +00:00 [DBG] Successfully parsed data for Merchandiser from Not Disclosed.
2022-09-28 01:39:39.725 +00:00 [DBG] Successfully parsed data for CSR from Not Disclosed.
2022-09-28 01:39:40.681 +00:00 [DBG] Successfully parsed data for DISPATCHER/PORTER from Not Disclosed.
2022-09-28 01:39:41.845 +00:00 [DBG] Successfully parsed data for Inventory Analyst from Not Disclosed.
2022-09-28 01:39:42.807 +00:00 [DBG] Successfully parsed data for Accounts Payables Assistant - Foreign (VEMCO) from Agostini's.
2022-09-28 01:39:43.765 +00:00 [DBG] Successfully parsed data for Network Engineer from Productive Business Solutions (PBS).
2022-09-28 01:39:44.674 +00:00 [DBG] Successfully parsed data for Commercial Business Officer from Urban Development Corporation of Trinidad & Tobago (UDeCOTT) Ltd.
2022-09-28 01:39:45.501 +00:00 [DBG] Successfully parsed data for Golang Developer - Remote Work / Ref. 0138E from BairesDev.
2022-09-28 01:39:46.392 +00:00 [DBG] Successfully parsed data for QA Analyst Senior - Remote Work / Ref. 0027E from BairesDev.
2022-09-28 01:39:47.433 +00:00 [DBG] Successfully parsed data for iOS Developer - Remote Work / Ref. 0047E from BairesDev.
2022-09-28 01:39:48.465 +00:00 [DBG] Successfully parsed data for Executive Headhunter - Remote Work / Ref. 0050E from BairesDev.
2022-09-28 01:39:49.590 +00:00 [DBG] Successfully parsed data for Senior DevOps - Remote Work / Ref. 0121E from BairesDev.
2022-09-28 01:39:50.555 +00:00 [DBG] Successfully parsed data for Android Developer - Remote Work / Ref. 0046E from BairesDev.
2022-09-28 01:39:52.263 +00:00 [DBG] Successfully parsed data for Angular Developer - Remote Work / Ref. 0615E from BairesDev.
2022-09-28 01:39:53.179 +00:00 [DBG] Successfully parsed data for QA Automation Senior - Remote Work / Ref. 0166E from BairesDev.
2022-09-28 01:39:54.488 +00:00 [DBG] Successfully parsed data for Consultant to review Disaster Laws and Policies in overseas NL from International Federation of Red Cross & Red Cross & Red Cross Societies.
2022-09-28 01:39:55.433 +00:00 [DBG] Successfully parsed data for PHP Developer - Remote Work / Ref. 0021E from BairesDev.
2022-09-28 01:39:56.314 +00:00 [DBG] Successfully parsed data for .NET Developer - Remote Work / Ref. 0001E from BairesDev.
2022-09-28 01:39:57.235 +00:00 [DBG] Successfully parsed data for Node Developer - Remote Work / Ref. 0111E from BairesDev.
2022-09-28 01:39:58.224 +00:00 [DBG] Successfully parsed data for React Developer - Remote Work / Ref. 0169E from BairesDev.
2022-09-28 01:39:59.119 +00:00 [DBG] Successfully parsed data for Java Developer - Remote Work / Ref. 0003E from BairesDev.
2022-09-28 01:40:00.201 +00:00 [DBG] Successfully parsed data for Python Developer - Remote Work / Ref. 0071E from BairesDev.
2022-09-28 01:40:01.319 +00:00 [DBG] Successfully parsed data for Administrative Assistant from Urban Development Corporation of Trinidad & Tobago (UDeCOTT) Ltd.
2022-09-28 01:40:02.629 +00:00 [DBG] Successfully parsed data for IT Recruiter - Remote Work / Ref. 0196E from BairesDev.
2022-09-28 01:40:04.110 +00:00 [DBG] Successfully parsed data for Talent Acquisition Leader - Remote Work / Ref. 0227E from BairesDev.
2022-09-28 01:40:05.026 +00:00 [DBG] Successfully parsed data for UX/UI Developer - Remote Work / Ref. 0066E from BairesDev.
2022-09-28 01:40:06.057 +00:00 [DBG] Successfully parsed data for Account Manager - Remote Work / Ref. 0224E from BairesDev.
2022-09-28 01:40:07.669 +00:00 [DBG] Successfully parsed data for Ruby on Rails Developer - Remote Work / Ref. 0494E from BairesDev.
2022-09-28 01:40:08.821 +00:00 [DBG] Successfully parsed data for Senior Project Manager - Remote Work / Ref. 0049E from BairesDev.
2022-09-28 01:40:09.948 +00:00 [DBG] Successfully parsed data for ICT Technician (Temporary) from Not Disclosed.
2022-09-28 01:40:10.851 +00:00 [DBG] Successfully parsed data for Senior Legal Advisor from Angostura Limited.
2022-09-28 01:40:11.937 +00:00 [DBG] Successfully parsed data for Warehouse & Distribution Manager from HRC Associates.
2022-09-28 01:40:13.404 +00:00 [DBG] Successfully parsed data for Maintenance Technician from Associated Brands Industries Ltd.
2022-09-28 01:40:14.702 +00:00 [DBG] Successfully parsed data for Senior Facilities Manager from iQor.
2022-09-28 01:40:15.737 +00:00 [DBG] Successfully parsed data for Monitoring and Evaluation Specialist from Hyacinth Guy Human Resource Company.
2022-09-28 01:40:16.701 +00:00 [DBG] Successfully parsed data for WEB DESIGNER from Council of Legal Education.
2022-09-28 01:40:18.049 +00:00 [DBG] Successfully parsed data for General Manager (Cylo Tracking) from HRC Associates.
2022-09-28 01:40:18.952 +00:00 [DBG] Successfully parsed data for CLINICAL LABORATORY SPECIALIST from Western Scientific Company Ltd.
2022-09-28 01:40:19.904 +00:00 [DBG] Successfully parsed data for Project Control Manager from Not Disclosed.
2022-09-28 01:40:20.971 +00:00 [DBG] Successfully parsed data for PS Core Network Engineer from Huawei Technologies (T&T) Ltd..
2022-09-28 01:40:22.108 +00:00 [DBG] Successfully parsed data for Assistant Company Secretary & Paralegal from NATIONAL GENERAL INSURANCE CO. N.V..
2022-09-28 01:40:23.093 +00:00 [DBG] Successfully parsed data for Technical Assistant 11 - IT Security from National Insurance Board (NIB).
2022-09-28 01:40:24.091 +00:00 [DBG] Successfully parsed data for Systems Administrator from NIPDEC.
2022-09-28 01:40:25.054 +00:00 [DBG] Successfully parsed data for Senior Instrumentation & Controls Engineer - Design from Massy Wood Group.
2022-09-28 01:40:26.081 +00:00 [DBG] Successfully parsed data for Receptionist Oil and Gas from Eve Anderson Recruitment Ltd.
2022-09-28 01:40:27.100 +00:00 [DBG] Successfully parsed data for Senior Communications Associate (Contract for Services) from The Children's Authority of Trinidad & Tobago.
2022-09-28 01:40:28.053 +00:00 [DBG] Successfully parsed data for Volunteer Programme Coordinator from The Children's Authority of Trinidad & Tobago.
2022-09-28 01:40:29.544 +00:00 [DBG] Successfully parsed data for Customer Service Representative - Seasonal from iQor.
2022-09-28 01:40:30.801 +00:00 [DBG] Successfully parsed data for General Manager, Couva Shopping Complex from Hyacinth Guy Human Resource Company.
2022-09-28 01:40:31.790 +00:00 [DBG] Successfully parsed data for Assistant General Manager from Regency Recruitment and Resources Limited.
2022-09-28 01:40:33.270 +00:00 [DBG] Successfully parsed data for Senior Analyst - Sales Forecasting from S.M. Jaleel & Company Limited.
2022-09-28 01:40:34.214 +00:00 [DBG] Successfully parsed data for Accounts Supervisor from Aegis Business Solutions Limited.
2022-09-28 01:40:35.188 +00:00 [DBG] Successfully parsed data for Process Engineer II from Massy Wood Group.
2022-09-28 01:40:36.193 +00:00 [DBG] Successfully parsed data for COMMUNICATION STUDIES TEACHER from Bishop Anstey High School East & Trinity College East.
2022-09-28 01:40:37.213 +00:00 [DBG] Successfully parsed data for Project Delivery Lead from Massy Wood Group.
2022-09-28 01:40:38.223 +00:00 [DBG] Successfully parsed data for Business Operations Assistant II from Eve Anderson Recruitment Ltd.
2022-09-28 01:40:39.216 +00:00 [DBG] Successfully parsed data for Group IFRS Compliance Manager from ANSA McAL Group of Companies.
2022-09-28 01:40:40.202 +00:00 [DBG] Successfully parsed data for Collection Officer from NES Fircroft.
2022-09-28 01:40:41.508 +00:00 [DBG] Successfully parsed data for Performance Analyst from Phoenix Park Gas Processors Limited.
2022-09-28 01:40:42.452 +00:00 [DBG] Successfully parsed data for PRINCIPAL, SPECIAL EDUCATION from RecruitmentXperts Ltd.
2022-09-28 01:40:43.328 +00:00 [DBG] Successfully parsed data for Account Executive from Regency Recruitment and Resources Limited.
2022-09-28 01:40:44.743 +00:00 [DBG] Successfully parsed data for Trade Marketing Assistant from Kaleidoscope Paints Limited.
2022-09-28 01:40:45.659 +00:00 [DBG] Successfully parsed data for HSSE Manager from GCG Trinidad.
2022-09-28 01:40:46.986 +00:00 [DBG] Successfully parsed data for CEDI- Sales & Operations Manager from Ramco Industries Limited.
2022-09-28 01:40:47.916 +00:00 [DBG] Successfully parsed data for Legal Services Manager from S.M. Jaleel & Company Limited.
2022-09-28 01:40:50.337 +00:00 [DBG] Successfully parsed data for Operations Analyst from National Flour Mills Limited.
2022-09-28 01:40:51.316 +00:00 [DBG] Successfully parsed data for Tractor Driver from Not Disclosed.
2022-09-28 01:40:52.309 +00:00 [DBG] Successfully parsed data for Retail Associate from Digicel.
2022-09-28 01:40:53.234 +00:00 [DBG] Successfully parsed data for Account Executive from Digicel.
2022-09-28 01:40:54.777 +00:00 [DBG] Successfully parsed data for Accounting Assistant from The Maritime Financial Group.
2022-09-28 01:40:55.715 +00:00 [DBG] Successfully parsed data for FASHION MARKETING ASSISTANT from Ecliff Elie Limited.
2022-09-28 01:40:56.723 +00:00 [DBG] Successfully parsed data for Branch Supervisor from J & K Signature Styles.
2022-09-28 01:40:57.597 +00:00 [DBG] Successfully parsed data for Senior Technical Support Professional from Amplia Communications Limited.
2022-09-28 01:40:58.470 +00:00 [DBG] Successfully parsed data for Accountant from Not Disclosed.
2022-09-28 01:40:59.589 +00:00 [DBG] Successfully parsed data for Country Ecommerce Officer from UNICOMER (Trinidad) Ltd.
2022-09-28 01:41:00.645 +00:00 [DBG] Successfully parsed data for TECHNICIAN from Not Disclosed.
2022-09-28 01:41:01.696 +00:00 [DBG] Successfully parsed data for Customer Service Representative from Not Disclosed.
2022-09-28 01:41:02.791 +00:00 [DBG] Successfully parsed data for Project Coordinator from Associated Brands Industries Ltd.
2022-09-28 01:41:04.008 +00:00 [DBG] Successfully parsed data for Maintenance Planning Assistant from Associated Brands Industries Ltd.
2022-09-28 01:41:05.059 +00:00 [DBG] Successfully parsed data for RESEARCH OFFICER from North Central Regional Health Authority.
2022-09-28 01:41:05.990 +00:00 [DBG] Successfully parsed data for EXECUTIVE SECRETARY from North Central Regional Health Authority.
2022-09-28 01:41:06.920 +00:00 [DBG] Successfully parsed data for MANAGER, LEGAL from North Central Regional Health Authority.
2022-09-28 01:41:07.907 +00:00 [DBG] Successfully parsed data for ELECTRICAL ENGINEER I from North Central Regional Health Authority.
2022-09-28 01:41:08.891 +00:00 [DBG] Successfully parsed data for Corporate Services Administrator from Regency Recruitment and Resources Limited.
2022-09-28 01:41:08.892 +00:00 [DBG] All job post data added to list successfully.
2022-09-28 01:41:09.697 +00:00 [INF] Updated/inserted Senior Financial Advisor (Belize) from Glo Recruitment & HR into database.
2022-09-28 01:41:09.788 +00:00 [INF] Updated/inserted Analyst Programmer II Innovation and Technology from Guardian Group into database.
2022-09-28 01:41:09.877 +00:00 [INF] Updated/inserted IT Change Management Coordinator from Guardian Group into database.
2022-09-28 01:41:10.050 +00:00 [INF] Updated/inserted Quantity Surveyor/ Technician from Not Disclosed into database.
2022-09-28 01:41:10.138 +00:00 [INF] Updated/inserted Medical Laboratory Technician from Southern Medical Services Company Limited into database.
2022-09-28 01:41:10.225 +00:00 [INF] Updated/inserted Manager Deals Management from Guardian Group into database.
2022-09-28 01:41:10.312 +00:00 [INF] Updated/inserted FACILITIES TECHNICIAN III from Kapok Hotel into database.
2022-09-28 01:41:10.399 +00:00 [INF] Updated/inserted Telephone Operator / Receptionist from Eastman & Associates into database.
2022-09-28 01:41:10.486 +00:00 [INF] Updated/inserted Data Preparedness Officer SC-8 (Caribbean Multi-Country Office) from United Nations World Food Programme into database.
2022-09-28 01:41:10.575 +00:00 [INF] Updated/inserted Auditing Assistant (Internal Audit) from Public Transport Service Corporation of Trinidad and Tobago into database.
2022-09-28 01:41:10.662 +00:00 [INF] Updated/inserted RELIEF SPANISH TEACHER from Bishop Anstey High School East & Trinity College East into database.
2022-09-28 01:41:10.749 +00:00 [INF] Updated/inserted Technical Officer- Partnerships & Resource Development from International Federation of Red Cross & Red Cross & Red Cross Societies into database.
2022-09-28 01:41:10.923 +00:00 [INF] Updated/inserted Sr. Laboratory Technician from Nutrien (formerly PCS Nitrogen Trinidad Limited) into database.
2022-09-28 01:41:11.096 +00:00 [INF] Updated/inserted PRODUCTION SHIFT MANAGER from Not Disclosed into database.
2022-09-28 01:41:11.268 +00:00 [INF] Updated/inserted Senior Customs Manager from Not Disclosed into database.
2022-09-28 01:41:11.442 +00:00 [INF] Updated/inserted Sales Representative from Not Disclosed into database.
2022-09-28 01:41:11.617 +00:00 [INF] Updated/inserted Merchandiser from Not Disclosed into database.
2022-09-28 01:41:11.794 +00:00 [INF] Updated/inserted CSR from Not Disclosed into database.
2022-09-28 01:41:11.979 +00:00 [INF] Updated/inserted DISPATCHER/PORTER from Not Disclosed into database.
2022-09-28 01:41:12.153 +00:00 [INF] Updated/inserted Inventory Analyst from Not Disclosed into database.
2022-09-28 01:41:12.326 +00:00 [INF] Updated/inserted Accounts Payables Assistant - Foreign (VEMCO) from Agostini's into database.
2022-09-28 01:41:12.499 +00:00 [INF] Updated/inserted Network Engineer from Productive Business Solutions (PBS) into database.
2022-09-28 01:41:12.672 +00:00 [INF] Updated/inserted Commercial Business Officer from Urban Development Corporation of Trinidad & Tobago (UDeCOTT) Ltd into database.
2022-09-28 01:41:12.845 +00:00 [INF] Updated/inserted Golang Developer - Remote Work / Ref. 0138E from BairesDev into database.
2022-09-28 01:41:13.022 +00:00 [INF] Updated/inserted QA Analyst Senior - Remote Work / Ref. 0027E from BairesDev into database.
2022-09-28 01:41:13.195 +00:00 [INF] Updated/inserted iOS Developer - Remote Work / Ref. 0047E from BairesDev into database.
2022-09-28 01:41:13.368 +00:00 [INF] Updated/inserted Executive Headhunter - Remote Work / Ref. 0050E from BairesDev into database.
2022-09-28 01:41:13.542 +00:00 [INF] Updated/inserted Senior DevOps - Remote Work / Ref. 0121E from BairesDev into database.
2022-09-28 01:41:13.722 +00:00 [INF] Updated/inserted Android Developer - Remote Work / Ref. 0046E from BairesDev into database.
2022-09-28 01:41:13.895 +00:00 [INF] Updated/inserted Angular Developer - Remote Work / Ref. 0615E from BairesDev into database.
2022-09-28 01:41:14.068 +00:00 [INF] Updated/inserted QA Automation Senior - Remote Work / Ref. 0166E from BairesDev into database.
2022-09-28 01:41:14.242 +00:00 [INF] Updated/inserted Consultant to review Disaster Laws and Policies in overseas NL from International Federation of Red Cross & Red Cross & Red Cross Societies into database.
2022-09-28 01:41:14.415 +00:00 [INF] Updated/inserted PHP Developer - Remote Work / Ref. 0021E from BairesDev into database.
2022-09-28 01:41:14.588 +00:00 [INF] Updated/inserted .NET Developer - Remote Work / Ref. 0001E from BairesDev into database.
2022-09-28 01:41:14.762 +00:00 [INF] Updated/inserted Node Developer - Remote Work / Ref. 0111E from BairesDev into database.
2022-09-28 01:41:14.936 +00:00 [INF] Updated/inserted React Developer - Remote Work / Ref. 0169E from BairesDev into database.
2022-09-28 01:41:15.110 +00:00 [INF] Updated/inserted Java Developer - Remote Work / Ref. 0003E from BairesDev into database.
2022-09-28 01:41:15.287 +00:00 [INF] Updated/inserted Python Developer - Remote Work / Ref. 0071E from BairesDev into database.
2022-09-28 01:41:15.461 +00:00 [INF] Updated/inserted Administrative Assistant from Urban Development Corporation of Trinidad & Tobago (UDeCOTT) Ltd into database.
2022-09-28 01:41:15.634 +00:00 [INF] Updated/inserted IT Recruiter - Remote Work / Ref. 0196E from BairesDev into database.
2022-09-28 01:41:15.807 +00:00 [INF] Updated/inserted Talent Acquisition Leader - Remote Work / Ref. 0227E from BairesDev into database.
2022-09-28 01:41:15.981 +00:00 [INF] Updated/inserted UX/UI Developer - Remote Work / Ref. 0066E from BairesDev into database.
2022-09-28 01:41:16.155 +00:00 [INF] Updated/inserted Account Manager - Remote Work / Ref. 0224E from BairesDev into database.
2022-09-28 01:41:16.331 +00:00 [INF] Updated/inserted Ruby on Rails Developer - Remote Work / Ref. 0494E from BairesDev into database.
2022-09-28 01:41:16.504 +00:00 [INF] Updated/inserted Senior Project Manager - Remote Work / Ref. 0049E from BairesDev into database.
2022-09-28 01:41:16.677 +00:00 [INF] Updated/inserted ICT Technician (Temporary) from Not Disclosed into database.
2022-09-28 01:41:16.849 +00:00 [INF] Updated/inserted Senior Legal Advisor from Angostura Limited into database.
2022-09-28 01:41:17.024 +00:00 [INF] Updated/inserted Warehouse & Distribution Manager from HRC Associates into database.
2022-09-28 01:41:17.198 +00:00 [INF] Updated/inserted Maintenance Technician from Associated Brands Industries Ltd into database.
2022-09-28 01:41:17.371 +00:00 [INF] Updated/inserted Senior Facilities Manager from iQor into database.
2022-09-28 01:41:17.544 +00:00 [INF] Updated/inserted Monitoring and Evaluation Specialist from Hyacinth Guy Human Resource Company into database.
2022-09-28 01:41:17.718 +00:00 [INF] Updated/inserted WEB DESIGNER from Council of Legal Education into database.
2022-09-28 01:41:17.892 +00:00 [INF] Updated/inserted General Manager (Cylo Tracking) from HRC Associates into database.
2022-09-28 01:41:18.066 +00:00 [INF] Updated/inserted CLINICAL LABORATORY SPECIALIST from Western Scientific Company Ltd into database.
2022-09-28 01:41:18.239 +00:00 [INF] Updated/inserted Project Control Manager from Not Disclosed into database.
2022-09-28 01:41:18.413 +00:00 [INF] Updated/inserted PS Core Network Engineer from Huawei Technologies (T&T) Ltd. into database.
2022-09-28 01:41:18.587 +00:00 [INF] Updated/inserted Assistant Company Secretary & Paralegal from NATIONAL GENERAL INSURANCE CO. N.V. into database.
2022-09-28 01:41:18.760 +00:00 [INF] Updated/inserted Technical Assistant 11 - IT Security from National Insurance Board (NIB) into database.
2022-09-28 01:41:18.933 +00:00 [INF] Updated/inserted Systems Administrator from NIPDEC into database.
2022-09-28 01:41:19.106 +00:00 [INF] Updated/inserted Senior Instrumentation & Controls Engineer - Design from Massy Wood Group into database.
2022-09-28 01:41:19.279 +00:00 [INF] Updated/inserted Receptionist Oil and Gas from Eve Anderson Recruitment Ltd into database.
2022-09-28 01:41:19.457 +00:00 [INF] Updated/inserted Senior Communications Associate (Contract for Services) from The Children's Authority of Trinidad & Tobago into database.
2022-09-28 01:41:19.720 +00:00 [INF] Updated/inserted Volunteer Programme Coordinator from The Children's Authority of Trinidad & Tobago into database.
2022-09-28 01:41:19.896 +00:00 [INF] Updated/inserted Customer Service Representative - Seasonal from iQor into database.
2022-09-28 01:41:20.069 +00:00 [INF] Updated/inserted General Manager, Couva Shopping Complex from Hyacinth Guy Human Resource Company into database.
2022-09-28 01:41:20.263 +00:00 [INF] Updated/inserted Assistant General Manager from Regency Recruitment and Resources Limited into database.
2022-09-28 01:41:20.436 +00:00 [INF] Updated/inserted Senior Analyst - Sales Forecasting from S.M. Jaleel & Company Limited into database.
2022-09-28 01:41:20.608 +00:00 [INF] Updated/inserted Accounts Supervisor from Aegis Business Solutions Limited into database.
2022-09-28 01:41:20.783 +00:00 [INF] Updated/inserted Process Engineer II from Massy Wood Group into database.
2022-09-28 01:41:20.957 +00:00 [INF] Updated/inserted COMMUNICATION STUDIES TEACHER from Bishop Anstey High School East & Trinity College East into database.
2022-09-28 01:41:21.130 +00:00 [INF] Updated/inserted Project Delivery Lead from Massy Wood Group into database.
2022-09-28 01:41:21.303 +00:00 [INF] Updated/inserted Business Operations Assistant II from Eve Anderson Recruitment Ltd into database.
2022-09-28 01:41:21.477 +00:00 [INF] Updated/inserted Group IFRS Compliance Manager from ANSA McAL Group of Companies into database.
2022-09-28 01:41:21.649 +00:00 [INF] Updated/inserted Collection Officer from NES Fircroft into database.
2022-09-28 01:41:21.823 +00:00 [INF] Updated/inserted Performance Analyst from Phoenix Park Gas Processors Limited into database.
2022-09-28 01:41:21.996 +00:00 [INF] Updated/inserted PRINCIPAL, SPECIAL EDUCATION from RecruitmentXperts Ltd into database.
2022-09-28 01:41:22.169 +00:00 [INF] Updated/inserted Account Executive from Regency Recruitment and Resources Limited into database.
2022-09-28 01:41:22.343 +00:00 [INF] Updated/inserted Trade Marketing Assistant from Kaleidoscope Paints Limited into database.
2022-09-28 01:41:22.517 +00:00 [INF] Updated/inserted HSSE Manager from GCG Trinidad into database.
2022-09-28 01:41:22.691 +00:00 [INF] Updated/inserted CEDI- Sales & Operations Manager from Ramco Industries Limited into database.
2022-09-28 01:41:22.864 +00:00 [INF] Updated/inserted Legal Services Manager from S.M. Jaleel & Company Limited into database.
2022-09-28 01:41:23.038 +00:00 [INF] Updated/inserted Operations Analyst from National Flour Mills Limited into database.
2022-09-28 01:41:23.210 +00:00 [INF] Updated/inserted Tractor Driver from Not Disclosed into database.
2022-09-28 01:41:23.384 +00:00 [INF] Updated/inserted Retail Associate from Digicel into database.
2022-09-28 01:41:23.558 +00:00 [INF] Updated/inserted Account Executive from Digicel into database.
2022-09-28 01:41:23.731 +00:00 [INF] Updated/inserted Accounting Assistant from The Maritime Financial Group into database.
2022-09-28 01:41:23.905 +00:00 [INF] Updated/inserted FASHION MARKETING ASSISTANT from Ecliff Elie Limited into database.
2022-09-28 01:41:24.078 +00:00 [INF] Updated/inserted Branch Supervisor from J & K Signature Styles into database.
2022-09-28 01:41:24.251 +00:00 [INF] Updated/inserted Senior Technical Support Professional from Amplia Communications Limited into database.
2022-09-28 01:41:24.428 +00:00 [INF] Updated/inserted Accountant from Not Disclosed into database.
2022-09-28 01:41:24.602 +00:00 [INF] Updated/inserted Country Ecommerce Officer from UNICOMER (Trinidad) Ltd into database.
2022-09-28 01:41:24.777 +00:00 [INF] Updated/inserted TECHNICIAN from Not Disclosed into database.
2022-09-28 01:41:24.962 +00:00 [INF] Updated/inserted Customer Service Representative from Not Disclosed into database.
2022-09-28 01:41:25.135 +00:00 [INF] Updated/inserted Project Coordinator from Associated Brands Industries Ltd into database.
2022-09-28 01:41:25.310 +00:00 [INF] Updated/inserted Maintenance Planning Assistant from Associated Brands Industries Ltd into database.
2022-09-28 01:41:25.487 +00:00 [INF] Updated/inserted RESEARCH OFFICER from North Central Regional Health Authority into database.
2022-09-28 01:41:25.660 +00:00 [INF] Updated/inserted EXECUTIVE SECRETARY from North Central Regional Health Authority into database.
2022-09-28 01:41:25.841 +00:00 [INF] Updated/inserted MANAGER, LEGAL from North Central Regional Health Authority into database.
2022-09-28 01:41:26.019 +00:00 [INF] Updated/inserted ELECTRICAL ENGINEER I from North Central Regional Health Authority into database.
2022-09-28 01:41:26.193 +00:00 [INF] Updated/inserted Corporate Services Administrator from Regency Recruitment and Resources Limited into database.
2022-09-28 01:41:26.843 +00:00 [INF] Finished fetching current posts successfully.
