2022-10-02 01:39:14.729 +00:00 [DBG] Successfully parsed data for FACILITIES TECHNICIAN III from Kapok Hotel.
2022-10-02 01:39:15.730 +00:00 [DBG] Successfully parsed data for Maintenance Supervisor from Movie Towne.
2022-10-02 01:39:16.677 +00:00 [DBG] Successfully parsed data for HR Officer from Not Disclosed.
2022-10-02 01:39:17.631 +00:00 [DBG] Successfully parsed data for Credit and Risk Supervisor from Not Disclosed.
2022-10-02 01:39:18.682 +00:00 [DBG] Successfully parsed data for Inventory Analyst from Not Disclosed.
2022-10-02 01:39:19.660 +00:00 [DBG] Successfully parsed data for Strategy Analyst (Intern) from Agostini's.
2022-10-02 01:39:20.644 +00:00 [DBG] Successfully parsed data for Warehouse and Distribution Manager from Not Disclosed.
2022-10-02 01:39:21.720 +00:00 [DBG] Successfully parsed data for Client Services Supervisor from Not Disclosed.
2022-10-02 01:39:22.736 +00:00 [DBG] Successfully parsed data for Legal Assistant from Regency Recruitment and Resources Limited.
2022-10-02 01:39:23.844 +00:00 [DBG] Successfully parsed data for Business Security Officer from Republic Bank Limited.
2022-10-02 01:39:24.826 +00:00 [DBG] Successfully parsed data for Customs Clerk (Grade 1 & 2) from Not Disclosed.
2022-10-02 01:39:25.819 +00:00 [DBG] Successfully parsed data for Sales Account Executive (Telesales) - TRINIDAD from CaribbeanJobs.com.
2022-10-02 01:39:27.283 +00:00 [DBG] Successfully parsed data for Insurance Sales Representatives / Advisors from Guardian Group – Dexter George Unit.
2022-10-02 01:39:28.299 +00:00 [DBG] Successfully parsed data for Senior Dealer- Treasury, ANSA Merchant Bank Limited from ANSA McAL Group of Companies.
2022-10-02 01:39:29.335 +00:00 [DBG] Successfully parsed data for Pastry Cook from Safran Patisserie Ltd.
2022-10-02 01:39:30.380 +00:00 [DBG] Successfully parsed data for AIR TRAFFIC CONTROL (ATC) TRAINEE from Trinidad & Tobago Civil Aviation Authority.
2022-10-02 01:39:31.495 +00:00 [DBG] Successfully parsed data for Executive Manager, Marketing from HRC Associates.
2022-10-02 01:39:32.571 +00:00 [DBG] Successfully parsed data for Marketing Supervisor from IGT Latin America Corporation.
2022-10-02 01:39:33.519 +00:00 [DBG] Successfully parsed data for Customer Service Representative, Berger Paints Jamaica Limited from ANSA McAL Group of Companies.
2022-10-02 01:39:34.469 +00:00 [DBG] Successfully parsed data for Marketing and Sales Officer from Not Disclosed.
2022-10-02 01:39:35.425 +00:00 [DBG] Successfully parsed data for Purchasing & Logistics Clerk from Western Scientific Company Ltd.
2022-10-02 01:39:36.364 +00:00 [DBG] Successfully parsed data for Scientific Laboratory Specialist from Western Scientific Company Ltd.
2022-10-02 01:39:37.327 +00:00 [DBG] Successfully parsed data for Accounting Assistant from Scott & Ahloy Limited.
2022-10-02 01:39:38.351 +00:00 [DBG] Successfully parsed data for Merchandiser from Not Disclosed.
2022-10-02 01:39:39.387 +00:00 [DBG] Successfully parsed data for DISPATCHER/PORTER from Not Disclosed.
2022-10-02 01:39:40.621 +00:00 [DBG] Successfully parsed data for CSR from Not Disclosed.
2022-10-02 01:39:41.612 +00:00 [DBG] Successfully parsed data for Inventory Analyst from GCG Trinidad.
2022-10-02 01:39:42.875 +00:00 [DBG] Successfully parsed data for Sales Representative from Not Disclosed.
2022-10-02 01:39:44.249 +00:00 [DBG] Successfully parsed data for Front of House Staff from Stages on the Avenue.
2022-10-02 01:39:45.367 +00:00 [DBG] Successfully parsed data for Psychologist from The Children's Authority of Trinidad & Tobago.
2022-10-02 01:39:46.416 +00:00 [DBG] Successfully parsed data for Bartender from Stages on the Avenue.
2022-10-02 01:39:47.610 +00:00 [DBG] Successfully parsed data for Operations Manager from Newtown Capital Group.
2022-10-02 01:39:48.706 +00:00 [DBG] Successfully parsed data for Business Developer from Newtown Capital Group.
2022-10-02 01:39:49.740 +00:00 [DBG] Successfully parsed data for ETL Developer (RBL) from HRC Associates.
2022-10-02 01:39:50.883 +00:00 [DBG] Successfully parsed data for Communications Engineer (RBL) from HRC Associates.
2022-10-02 01:39:51.852 +00:00 [DBG] Successfully parsed data for Assistant Accountant from Regency Recruitment and Resources Limited.
2022-10-02 01:39:52.807 +00:00 [DBG] Successfully parsed data for Chief Architect (RBL) from HRC Associates.
2022-10-02 01:39:53.956 +00:00 [DBG] Successfully parsed data for Network Administrator, Network Administrator II, and Network Analyst (RBL) from HRC Associates.
2022-10-02 01:39:55.052 +00:00 [DBG] Successfully parsed data for Production Assistant from Newtown Capital Group.
2022-10-02 01:39:56.024 +00:00 [DBG] Successfully parsed data for BI Analyst, BI Architect, and BI Developer (RBL) from HRC Associates.
2022-10-02 01:39:57.049 +00:00 [DBG] Successfully parsed data for Manager Legal Services and Corporate Secretary from Eastman & Associates.
2022-10-02 01:39:58.079 +00:00 [DBG] Successfully parsed data for Recruitment Expert from Regency Recruitment and Resources Limited.
2022-10-02 01:39:59.151 +00:00 [DBG] Successfully parsed data for Import Export Officer from Regency Recruitment and Resources Limited.
2022-10-02 01:40:00.136 +00:00 [DBG] Successfully parsed data for Manager, Research, Strategy & Marketing from Eastman & Associates.
2022-10-02 01:40:01.123 +00:00 [DBG] Successfully parsed data for Senior Brownfield Project Engineer from NES Fircroft.
2022-10-02 01:40:02.143 +00:00 [DBG] Successfully parsed data for RECOVERIES OFFICER from Tranquillity Credit Union.
2022-10-02 01:40:03.141 +00:00 [DBG] Successfully parsed data for Technical Solutions Specialist from Telecommunications Services of Trinidad and Tobago Limited.
2022-10-02 01:40:04.249 +00:00 [DBG] Successfully parsed data for MANAGER - INTERNAL AUDITOR from Eastman & Associates.
2022-10-02 01:40:05.313 +00:00 [DBG] Successfully parsed data for Manager, Investment and Business Development from Eastman & Associates.
2022-10-02 01:40:06.594 +00:00 [DBG] Successfully parsed data for Senior Account Executive from Eve Anderson Recruitment Ltd.
2022-10-02 01:40:07.672 +00:00 [DBG] Successfully parsed data for Sr. Laboratory Technician from Nutrien (formerly PCS Nitrogen Trinidad Limited).
2022-10-02 01:40:08.672 +00:00 [DBG] Successfully parsed data for Administrative Support Officer from Dairy Distributors Limited.
2022-10-02 01:40:09.741 +00:00 [DBG] Successfully parsed data for Medical Laboratory Technician from Southern Medical Services Company Limited.
2022-10-02 01:40:10.921 +00:00 [DBG] Successfully parsed data for LEAD AUTOMOTIVE TECHNICIAN from Rahamut Enterprises Limited.
2022-10-02 01:40:11.942 +00:00 [DBG] Successfully parsed data for Registered Nurse from Southern Medical Services Company Limited.
2022-10-02 01:40:12.985 +00:00 [DBG] Successfully parsed data for Electrical Technician from National Flour Mills Limited.
2022-10-02 01:40:13.970 +00:00 [DBG] Successfully parsed data for Accounts Administrator -Billing & Inventory from Dairy Distributors Limited.
2022-10-02 01:40:15.046 +00:00 [DBG] Successfully parsed data for Maintenance & Engineering Manager, CCPSL from ANSA McAL Group of Companies.
2022-10-02 01:40:16.071 +00:00 [DBG] Successfully parsed data for Head of Quality, ABS from ANSA McAL Group of Companies.
2022-10-02 01:40:17.192 +00:00 [DBG] Successfully parsed data for Branch Sales Representative from Island Finance Ltd.
2022-10-02 01:40:18.345 +00:00 [DBG] Successfully parsed data for Branch Sales Representative from Island Finance Ltd.
2022-10-02 01:40:19.355 +00:00 [DBG] Successfully parsed data for Production Manager, Caribbean Clay Processing Services Limited from ANSA McAL Group of Companies.
2022-10-02 01:40:20.332 +00:00 [DBG] Successfully parsed data for Business Consulting Professionals from EY Caribbean.
2022-10-02 01:40:21.428 +00:00 [DBG] Successfully parsed data for Service Advisor, ANSA Motors from ANSA McAL Group of Companies.
2022-10-02 01:40:22.432 +00:00 [DBG] Successfully parsed data for Analyst Programmer II Innovation and Technology from Guardian Group.
2022-10-02 01:40:23.433 +00:00 [DBG] Successfully parsed data for IT Change Management Coordinator from Guardian Group.
2022-10-02 01:40:24.451 +00:00 [DBG] Successfully parsed data for Manager Deals Management from Guardian Group.
2022-10-02 01:40:25.493 +00:00 [DBG] Successfully parsed data for Data Preparedness Officer SC-8 (Caribbean Multi-Country Office) from United Nations World Food Programme.
2022-10-02 01:40:26.542 +00:00 [DBG] Successfully parsed data for Auditing Assistant (Internal Audit) from Public Transport Service Corporation of Trinidad and Tobago.
2022-10-02 01:40:27.615 +00:00 [DBG] Successfully parsed data for Senior Financial Advisor (Belize) from Glo Recruitment & HR.
2022-10-02 01:40:28.590 +00:00 [DBG] Successfully parsed data for RELIEF SPANISH TEACHER from Bishop Anstey High School East & Trinity College East.
2022-10-02 01:40:29.610 +00:00 [DBG] Successfully parsed data for Technical Officer- Partnerships & Resource Development from International Federation of Red Cross & Red Cross & Red Cross Societies.
2022-10-02 01:40:30.912 +00:00 [DBG] Successfully parsed data for Network Engineer from Productive Business Solutions (PBS).
2022-10-02 01:40:31.920 +00:00 [DBG] Successfully parsed data for Commercial Business Officer from Urban Development Corporation of Trinidad & Tobago (UDeCOTT) Ltd.
2022-10-02 01:40:32.888 +00:00 [DBG] Successfully parsed data for Golang Developer - Remote Work / Ref. 0138E from BairesDev.
2022-10-02 01:40:33.791 +00:00 [DBG] Successfully parsed data for QA Analyst Senior - Remote Work / Ref. 0027E from BairesDev.
2022-10-02 01:40:34.711 +00:00 [DBG] Successfully parsed data for iOS Developer - Remote Work / Ref. 0047E from BairesDev.
2022-10-02 01:40:35.664 +00:00 [DBG] Successfully parsed data for Executive Headhunter - Remote Work / Ref. 0050E from BairesDev.
2022-10-02 01:40:36.663 +00:00 [DBG] Successfully parsed data for Senior DevOps - Remote Work / Ref. 0121E from BairesDev.
2022-10-02 01:40:37.907 +00:00 [DBG] Successfully parsed data for Android Developer - Remote Work / Ref. 0046E from BairesDev.
2022-10-02 01:40:38.869 +00:00 [DBG] Successfully parsed data for Angular Developer - Remote Work / Ref. 0615E from BairesDev.
2022-10-02 01:40:39.999 +00:00 [DBG] Successfully parsed data for QA Automation Senior - Remote Work / Ref. 0166E from BairesDev.
2022-10-02 01:40:41.187 +00:00 [DBG] Successfully parsed data for Consultant to review Disaster Laws and Policies in overseas NL from International Federation of Red Cross & Red Cross & Red Cross Societies.
2022-10-02 01:40:42.169 +00:00 [DBG] Successfully parsed data for PHP Developer - Remote Work / Ref. 0021E from BairesDev.
2022-10-02 01:40:43.186 +00:00 [DBG] Successfully parsed data for .NET Developer - Remote Work / Ref. 0001E from BairesDev.
2022-10-02 01:40:44.171 +00:00 [DBG] Successfully parsed data for Node Developer - Remote Work / Ref. 0111E from BairesDev.
2022-10-02 01:40:45.159 +00:00 [DBG] Successfully parsed data for React Developer - Remote Work / Ref. 0169E from BairesDev.
2022-10-02 01:40:46.132 +00:00 [DBG] Successfully parsed data for Java Developer - Remote Work / Ref. 0003E from BairesDev.
2022-10-02 01:40:47.192 +00:00 [DBG] Successfully parsed data for Python Developer - Remote Work / Ref. 0071E from BairesDev.
2022-10-02 01:40:48.211 +00:00 [DBG] Successfully parsed data for Administrative Assistant from Urban Development Corporation of Trinidad & Tobago (UDeCOTT) Ltd.
2022-10-02 01:40:49.224 +00:00 [DBG] Successfully parsed data for IT Recruiter - Remote Work / Ref. 0196E from BairesDev.
2022-10-02 01:40:50.262 +00:00 [DBG] Successfully parsed data for Talent Acquisition Leader - Remote Work / Ref. 0227E from BairesDev.
2022-10-02 01:40:51.198 +00:00 [DBG] Successfully parsed data for UX/UI Developer - Remote Work / Ref. 0066E from BairesDev.
2022-10-02 01:40:52.128 +00:00 [DBG] Successfully parsed data for Account Manager - Remote Work / Ref. 0224E from BairesDev.
2022-10-02 01:40:53.075 +00:00 [DBG] Successfully parsed data for Ruby on Rails Developer - Remote Work / Ref. 0494E from BairesDev.
2022-10-02 01:40:54.042 +00:00 [DBG] Successfully parsed data for Senior Project Manager - Remote Work / Ref. 0049E from BairesDev.
2022-10-02 01:40:55.290 +00:00 [DBG] Successfully parsed data for Senior Legal Advisor from Angostura Limited.
2022-10-02 01:40:56.294 +00:00 [DBG] Successfully parsed data for Warehouse & Distribution Manager from HRC Associates.
2022-10-02 01:40:57.220 +00:00 [DBG] Successfully parsed data for Maintenance Technician from Associated Brands Industries Ltd.
2022-10-02 01:40:58.550 +00:00 [DBG] Successfully parsed data for Senior Facilities Manager from iQor.
2022-10-02 01:40:58.550 +00:00 [DBG] All job post data added to list successfully.
2022-10-02 01:40:59.264 +00:00 [INF] Updated/inserted FACILITIES TECHNICIAN III from Kapok Hotel into database.
2022-10-02 01:40:59.344 +00:00 [INF] Updated/inserted Maintenance Supervisor from Movie Towne into database.
2022-10-02 01:40:59.425 +00:00 [INF] Updated/inserted HR Officer from Not Disclosed into database.
2022-10-02 01:40:59.506 +00:00 [INF] Updated/inserted Credit and Risk Supervisor from Not Disclosed into database.
2022-10-02 01:40:59.667 +00:00 [INF] Updated/inserted Inventory Analyst from Not Disclosed into database.
2022-10-02 01:40:59.827 +00:00 [INF] Updated/inserted Strategy Analyst (Intern) from Agostini's into database.
2022-10-02 01:40:59.989 +00:00 [INF] Updated/inserted Warehouse and Distribution Manager from Not Disclosed into database.
2022-10-02 01:41:00.150 +00:00 [INF] Updated/inserted Client Services Supervisor from Not Disclosed into database.
2022-10-02 01:41:00.312 +00:00 [INF] Updated/inserted Legal Assistant from Regency Recruitment and Resources Limited into database.
2022-10-02 01:41:00.473 +00:00 [INF] Updated/inserted Business Security Officer from Republic Bank Limited into database.
2022-10-02 01:41:00.634 +00:00 [INF] Updated/inserted Customs Clerk (Grade 1 & 2) from Not Disclosed into database.
2022-10-02 01:41:00.797 +00:00 [INF] Updated/inserted Sales Account Executive (Telesales) - TRINIDAD from CaribbeanJobs.com into database.
2022-10-02 01:41:00.957 +00:00 [INF] Updated/inserted Insurance Sales Representatives / Advisors from Guardian Group – Dexter George Unit into database.
2022-10-02 01:41:01.117 +00:00 [INF] Updated/inserted Senior Dealer- Treasury, ANSA Merchant Bank Limited from ANSA McAL Group of Companies into database.
2022-10-02 01:41:01.278 +00:00 [INF] Updated/inserted Pastry Cook from Safran Patisserie Ltd into database.
2022-10-02 01:41:01.440 +00:00 [INF] Updated/inserted AIR TRAFFIC CONTROL (ATC) TRAINEE from Trinidad & Tobago Civil Aviation Authority into database.
2022-10-02 01:41:01.612 +00:00 [INF] Updated/inserted Executive Manager, Marketing from HRC Associates into database.
2022-10-02 01:41:01.772 +00:00 [INF] Updated/inserted Marketing Supervisor from IGT Latin America Corporation into database.
2022-10-02 01:41:01.932 +00:00 [INF] Updated/inserted Customer Service Representative, Berger Paints Jamaica Limited from ANSA McAL Group of Companies into database.
2022-10-02 01:41:02.092 +00:00 [INF] Updated/inserted Marketing and Sales Officer from Not Disclosed into database.
2022-10-02 01:41:02.252 +00:00 [INF] Updated/inserted Purchasing & Logistics Clerk from Western Scientific Company Ltd into database.
2022-10-02 01:41:02.413 +00:00 [INF] Updated/inserted Scientific Laboratory Specialist from Western Scientific Company Ltd into database.
2022-10-02 01:41:02.573 +00:00 [INF] Updated/inserted Accounting Assistant from Scott & Ahloy Limited into database.
2022-10-02 01:41:02.733 +00:00 [INF] Updated/inserted Merchandiser from Not Disclosed into database.
2022-10-02 01:41:02.892 +00:00 [INF] Updated/inserted DISPATCHER/PORTER from Not Disclosed into database.
2022-10-02 01:41:03.053 +00:00 [INF] Updated/inserted CSR from Not Disclosed into database.
2022-10-02 01:41:03.214 +00:00 [INF] Updated/inserted Inventory Analyst from GCG Trinidad into database.
2022-10-02 01:41:03.373 +00:00 [INF] Updated/inserted Sales Representative from Not Disclosed into database.
2022-10-02 01:41:03.535 +00:00 [INF] Updated/inserted Front of House Staff from Stages on the Avenue into database.
2022-10-02 01:41:03.695 +00:00 [INF] Updated/inserted Psychologist from The Children's Authority of Trinidad & Tobago into database.
2022-10-02 01:41:03.855 +00:00 [INF] Updated/inserted Bartender from Stages on the Avenue into database.
2022-10-02 01:41:04.015 +00:00 [INF] Updated/inserted Operations Manager from Newtown Capital Group into database.
2022-10-02 01:41:04.176 +00:00 [INF] Updated/inserted Business Developer from Newtown Capital Group into database.
2022-10-02 01:41:04.337 +00:00 [INF] Updated/inserted ETL Developer (RBL) from HRC Associates into database.
2022-10-02 01:41:04.497 +00:00 [INF] Updated/inserted Communications Engineer (RBL) from HRC Associates into database.
2022-10-02 01:41:04.658 +00:00 [INF] Updated/inserted Assistant Accountant from Regency Recruitment and Resources Limited into database.
2022-10-02 01:41:04.829 +00:00 [INF] Updated/inserted Chief Architect (RBL) from HRC Associates into database.
2022-10-02 01:41:04.991 +00:00 [INF] Updated/inserted Network Administrator, Network Administrator II, and Network Analyst (RBL) from HRC Associates into database.
2022-10-02 01:41:05.152 +00:00 [INF] Updated/inserted Production Assistant from Newtown Capital Group into database.
2022-10-02 01:41:05.314 +00:00 [INF] Updated/inserted BI Analyst, BI Architect, and BI Developer (RBL) from HRC Associates into database.
2022-10-02 01:41:05.476 +00:00 [INF] Updated/inserted Manager Legal Services and Corporate Secretary from Eastman & Associates into database.
2022-10-02 01:41:05.639 +00:00 [INF] Updated/inserted Recruitment Expert from Regency Recruitment and Resources Limited into database.
2022-10-02 01:41:05.800 +00:00 [INF] Updated/inserted Import Export Officer from Regency Recruitment and Resources Limited into database.
2022-10-02 01:41:05.962 +00:00 [INF] Updated/inserted Manager, Research, Strategy & Marketing from Eastman & Associates into database.
2022-10-02 01:41:06.122 +00:00 [INF] Updated/inserted Senior Brownfield Project Engineer from NES Fircroft into database.
2022-10-02 01:41:06.282 +00:00 [INF] Updated/inserted RECOVERIES OFFICER from Tranquillity Credit Union into database.
2022-10-02 01:41:06.442 +00:00 [INF] Updated/inserted Technical Solutions Specialist from Telecommunications Services of Trinidad and Tobago Limited into database.
2022-10-02 01:41:06.603 +00:00 [INF] Updated/inserted MANAGER - INTERNAL AUDITOR from Eastman & Associates into database.
2022-10-02 01:41:06.766 +00:00 [INF] Updated/inserted Manager, Investment and Business Development from Eastman & Associates into database.
2022-10-02 01:41:06.928 +00:00 [INF] Updated/inserted Senior Account Executive from Eve Anderson Recruitment Ltd into database.
2022-10-02 01:41:07.090 +00:00 [INF] Updated/inserted Sr. Laboratory Technician from Nutrien (formerly PCS Nitrogen Trinidad Limited) into database.
2022-10-02 01:41:07.251 +00:00 [INF] Updated/inserted Administrative Support Officer from Dairy Distributors Limited into database.
2022-10-02 01:41:07.412 +00:00 [INF] Updated/inserted Medical Laboratory Technician from Southern Medical Services Company Limited into database.
2022-10-02 01:41:07.575 +00:00 [INF] Updated/inserted LEAD AUTOMOTIVE TECHNICIAN from Rahamut Enterprises Limited into database.
2022-10-02 01:41:07.735 +00:00 [INF] Updated/inserted Registered Nurse from Southern Medical Services Company Limited into database.
2022-10-02 01:41:07.896 +00:00 [INF] Updated/inserted Electrical Technician from National Flour Mills Limited into database.
2022-10-02 01:41:08.057 +00:00 [INF] Updated/inserted Accounts Administrator -Billing & Inventory from Dairy Distributors Limited into database.
2022-10-02 01:41:08.217 +00:00 [INF] Updated/inserted Maintenance & Engineering Manager, CCPSL from ANSA McAL Group of Companies into database.
2022-10-02 01:41:08.379 +00:00 [INF] Updated/inserted Head of Quality, ABS from ANSA McAL Group of Companies into database.
2022-10-02 01:41:08.540 +00:00 [INF] Updated/inserted Branch Sales Representative from Island Finance Ltd into database.
2022-10-02 01:41:08.700 +00:00 [INF] Updated/inserted Branch Sales Representative from Island Finance Ltd into database.
2022-10-02 01:41:08.872 +00:00 [INF] Updated/inserted Production Manager, Caribbean Clay Processing Services Limited from ANSA McAL Group of Companies into database.
2022-10-02 01:41:09.034 +00:00 [INF] Updated/inserted Business Consulting Professionals from EY Caribbean into database.
2022-10-02 01:41:09.194 +00:00 [INF] Updated/inserted Service Advisor, ANSA Motors from ANSA McAL Group of Companies into database.
2022-10-02 01:41:09.355 +00:00 [INF] Updated/inserted Analyst Programmer II Innovation and Technology from Guardian Group into database.
2022-10-02 01:41:09.515 +00:00 [INF] Updated/inserted IT Change Management Coordinator from Guardian Group into database.
2022-10-02 01:41:09.676 +00:00 [INF] Updated/inserted Manager Deals Management from Guardian Group into database.
2022-10-02 01:41:09.836 +00:00 [INF] Updated/inserted Data Preparedness Officer SC-8 (Caribbean Multi-Country Office) from United Nations World Food Programme into database.
2022-10-02 01:41:09.997 +00:00 [INF] Updated/inserted Auditing Assistant (Internal Audit) from Public Transport Service Corporation of Trinidad and Tobago into database.
2022-10-02 01:41:10.157 +00:00 [INF] Updated/inserted Senior Financial Advisor (Belize) from Glo Recruitment & HR into database.
2022-10-02 01:41:10.318 +00:00 [INF] Updated/inserted RELIEF SPANISH TEACHER from Bishop Anstey High School East & Trinity College East into database.
2022-10-02 01:41:10.479 +00:00 [INF] Updated/inserted Technical Officer- Partnerships & Resource Development from International Federation of Red Cross & Red Cross & Red Cross Societies into database.
2022-10-02 01:41:10.640 +00:00 [INF] Updated/inserted Network Engineer from Productive Business Solutions (PBS) into database.
2022-10-02 01:41:10.800 +00:00 [INF] Updated/inserted Commercial Business Officer from Urban Development Corporation of Trinidad & Tobago (UDeCOTT) Ltd into database.
2022-10-02 01:41:10.970 +00:00 [INF] Updated/inserted Golang Developer - Remote Work / Ref. 0138E from BairesDev into database.
2022-10-02 01:41:11.130 +00:00 [INF] Updated/inserted QA Analyst Senior - Remote Work / Ref. 0027E from BairesDev into database.
2022-10-02 01:41:11.290 +00:00 [INF] Updated/inserted iOS Developer - Remote Work / Ref. 0047E from BairesDev into database.
2022-10-02 01:41:11.450 +00:00 [INF] Updated/inserted Executive Headhunter - Remote Work / Ref. 0050E from BairesDev into database.
2022-10-02 01:41:11.612 +00:00 [INF] Updated/inserted Senior DevOps - Remote Work / Ref. 0121E from BairesDev into database.
2022-10-02 01:41:11.778 +00:00 [INF] Updated/inserted Android Developer - Remote Work / Ref. 0046E from BairesDev into database.
2022-10-02 01:41:11.938 +00:00 [INF] Updated/inserted Angular Developer - Remote Work / Ref. 0615E from BairesDev into database.
2022-10-02 01:41:12.099 +00:00 [INF] Updated/inserted QA Automation Senior - Remote Work / Ref. 0166E from BairesDev into database.
2022-10-02 01:41:12.259 +00:00 [INF] Updated/inserted Consultant to review Disaster Laws and Policies in overseas NL from International Federation of Red Cross & Red Cross & Red Cross Societies into database.
2022-10-02 01:41:12.420 +00:00 [INF] Updated/inserted PHP Developer - Remote Work / Ref. 0021E from BairesDev into database.
2022-10-02 01:41:12.580 +00:00 [INF] Updated/inserted .NET Developer - Remote Work / Ref. 0001E from BairesDev into database.
2022-10-02 01:41:12.742 +00:00 [INF] Updated/inserted Node Developer - Remote Work / Ref. 0111E from BairesDev into database.
2022-10-02 01:41:12.902 +00:00 [INF] Updated/inserted React Developer - Remote Work / Ref. 0169E from BairesDev into database.
2022-10-02 01:41:13.066 +00:00 [INF] Updated/inserted Java Developer - Remote Work / Ref. 0003E from BairesDev into database.
2022-10-02 01:41:13.227 +00:00 [INF] Updated/inserted Python Developer - Remote Work / Ref. 0071E from BairesDev into database.
2022-10-02 01:41:13.387 +00:00 [INF] Updated/inserted Administrative Assistant from Urban Development Corporation of Trinidad & Tobago (UDeCOTT) Ltd into database.
2022-10-02 01:41:13.547 +00:00 [INF] Updated/inserted IT Recruiter - Remote Work / Ref. 0196E from BairesDev into database.
2022-10-02 01:41:13.707 +00:00 [INF] Updated/inserted Talent Acquisition Leader - Remote Work / Ref. 0227E from BairesDev into database.
2022-10-02 01:41:13.867 +00:00 [INF] Updated/inserted UX/UI Developer - Remote Work / Ref. 0066E from BairesDev into database.
2022-10-02 01:41:14.027 +00:00 [INF] Updated/inserted Account Manager - Remote Work / Ref. 0224E from BairesDev into database.
2022-10-02 01:41:14.187 +00:00 [INF] Updated/inserted Ruby on Rails Developer - Remote Work / Ref. 0494E from BairesDev into database.
2022-10-02 01:41:14.347 +00:00 [INF] Updated/inserted Senior Project Manager - Remote Work / Ref. 0049E from BairesDev into database.
2022-10-02 01:41:14.509 +00:00 [INF] Updated/inserted Senior Legal Advisor from Angostura Limited into database.
2022-10-02 01:41:14.670 +00:00 [INF] Updated/inserted Warehouse & Distribution Manager from HRC Associates into database.
2022-10-02 01:41:14.830 +00:00 [INF] Updated/inserted Maintenance Technician from Associated Brands Industries Ltd into database.
2022-10-02 01:41:14.990 +00:00 [INF] Updated/inserted Senior Facilities Manager from iQor into database.
2022-10-02 01:41:15.474 +00:00 [INF] Finished fetching current posts successfully.
