2022-09-27 01:39:24.879 +00:00 [DBG] Successfully parsed data for Monitoring and Evaluation Specialist from Hyacinth Guy Human Resource Company.
2022-09-27 01:39:26.075 +00:00 [DBG] Successfully parsed data for Sr. Laboratory Technician from Nutrien (formerly PCS Nitrogen Trinidad Limited).
2022-09-27 01:39:27.344 +00:00 [DBG] Successfully parsed data for PRODUCTION SHIFT MANAGER from Not Disclosed.
2022-09-27 01:39:28.638 +00:00 [DBG] Successfully parsed data for Senior Customs Manager from Not Disclosed.
2022-09-27 01:39:29.744 +00:00 [DBG] Successfully parsed data for Sales Representative from Not Disclosed.
2022-09-27 01:39:30.913 +00:00 [DBG] Successfully parsed data for Merchandiser from Not Disclosed.
2022-09-27 01:39:32.095 +00:00 [DBG] Successfully parsed data for CSR from Not Disclosed.
2022-09-27 01:39:33.175 +00:00 [DBG] Successfully parsed data for DISPATCHER/PORTER from Not Disclosed.
2022-09-27 01:39:34.424 +00:00 [DBG] Successfully parsed data for Inventory Analyst from Not Disclosed.
2022-09-27 01:39:35.406 +00:00 [DBG] Successfully parsed data for Accounts Payables Assistant - Foreign (VEMCO) from Agostini's.
2022-09-27 01:39:36.633 +00:00 [DBG] Successfully parsed data for Network Engineer from Productive Business Solutions (PBS).
2022-09-27 01:39:37.642 +00:00 [DBG] Successfully parsed data for Commercial Business Officer from Urban Development Corporation of Trinidad & Tobago (UDeCOTT) Ltd.
2022-09-27 01:39:38.832 +00:00 [DBG] Successfully parsed data for Golang Developer - Remote Work / Ref. 0138E from BairesDev.
2022-09-27 01:39:39.817 +00:00 [DBG] Successfully parsed data for QA Analyst Senior - Remote Work / Ref. 0027E from BairesDev.
2022-09-27 01:39:41.167 +00:00 [DBG] Successfully parsed data for iOS Developer - Remote Work / Ref. 0047E from BairesDev.
2022-09-27 01:39:42.457 +00:00 [DBG] Successfully parsed data for Executive Headhunter - Remote Work / Ref. 0050E from BairesDev.
2022-09-27 01:39:43.714 +00:00 [DBG] Successfully parsed data for Senior DevOps - Remote Work / Ref. 0121E from BairesDev.
2022-09-27 01:39:45.059 +00:00 [DBG] Successfully parsed data for Android Developer - Remote Work / Ref. 0046E from BairesDev.
2022-09-27 01:39:46.263 +00:00 [DBG] Successfully parsed data for Angular Developer - Remote Work / Ref. 0615E from BairesDev.
2022-09-27 01:39:47.443 +00:00 [DBG] Successfully parsed data for QA Automation Senior - Remote Work / Ref. 0166E from BairesDev.
2022-09-27 01:39:48.622 +00:00 [DBG] Successfully parsed data for Consultant to review Disaster Laws and Policies in overseas NL from International Federation of Red Cross & Red Cross & Red Cross Societies.
2022-09-27 01:39:49.742 +00:00 [DBG] Successfully parsed data for PHP Developer - Remote Work / Ref. 0021E from BairesDev.
2022-09-27 01:39:50.920 +00:00 [DBG] Successfully parsed data for .NET Developer - Remote Work / Ref. 0001E from BairesDev.
2022-09-27 01:39:52.088 +00:00 [DBG] Successfully parsed data for Node Developer - Remote Work / Ref. 0111E from BairesDev.
2022-09-27 01:39:53.245 +00:00 [DBG] Successfully parsed data for React Developer - Remote Work / Ref. 0169E from BairesDev.
2022-09-27 01:39:54.421 +00:00 [DBG] Successfully parsed data for Java Developer - Remote Work / Ref. 0003E from BairesDev.
2022-09-27 01:39:55.862 +00:00 [DBG] Successfully parsed data for Python Developer - Remote Work / Ref. 0071E from BairesDev.
2022-09-27 01:39:56.989 +00:00 [DBG] Successfully parsed data for Administrative Assistant from Urban Development Corporation of Trinidad & Tobago (UDeCOTT) Ltd.
2022-09-27 01:39:58.369 +00:00 [DBG] Successfully parsed data for IT Recruiter - Remote Work / Ref. 0196E from BairesDev.
2022-09-27 01:39:59.531 +00:00 [DBG] Successfully parsed data for Talent Acquisition Leader - Remote Work / Ref. 0227E from BairesDev.
2022-09-27 01:40:00.706 +00:00 [DBG] Successfully parsed data for UX/UI Developer - Remote Work / Ref. 0066E from BairesDev.
2022-09-27 01:40:01.708 +00:00 [DBG] Successfully parsed data for Account Manager - Remote Work / Ref. 0224E from BairesDev.
2022-09-27 01:40:02.872 +00:00 [DBG] Successfully parsed data for Ruby on Rails Developer - Remote Work / Ref. 0494E from BairesDev.
2022-09-27 01:40:04.243 +00:00 [DBG] Successfully parsed data for Senior Project Manager - Remote Work / Ref. 0049E from BairesDev.
2022-09-27 01:40:05.600 +00:00 [DBG] Successfully parsed data for ICT Technician (Temporary) from Not Disclosed.
2022-09-27 01:40:06.814 +00:00 [DBG] Successfully parsed data for Senior Legal Advisor from Angostura Limited.
2022-09-27 01:40:07.976 +00:00 [DBG] Successfully parsed data for Warehouse & Distribution Manager from HRC Associates.
2022-09-27 01:40:09.093 +00:00 [DBG] Successfully parsed data for MEDICAL ATTENDANT from Southern Medical Services Company Limited.
2022-09-27 01:40:10.021 +00:00 [DBG] Successfully parsed data for Maintenance Technician from Associated Brands Industries Ltd.
2022-09-27 01:40:11.173 +00:00 [DBG] Successfully parsed data for Senior Facilities Manager from iQor.
2022-09-27 01:40:12.188 +00:00 [DBG] Successfully parsed data for WEB DESIGNER from Council of Legal Education.
2022-09-27 01:40:13.360 +00:00 [DBG] Successfully parsed data for General Manager (Cylo Tracking) from HRC Associates.
2022-09-27 01:40:14.495 +00:00 [DBG] Successfully parsed data for CLINICAL LABORATORY SPECIALIST from Western Scientific Company Ltd.
2022-09-27 01:40:15.680 +00:00 [DBG] Successfully parsed data for Project Control Manager from Not Disclosed.
2022-09-27 01:40:16.853 +00:00 [DBG] Successfully parsed data for PS Core Network Engineer from Huawei Technologies (T&T) Ltd..
2022-09-27 01:40:17.878 +00:00 [DBG] Successfully parsed data for Assistant Company Secretary & Paralegal from NATIONAL GENERAL INSURANCE CO. N.V..
2022-09-27 01:40:18.806 +00:00 [DBG] Successfully parsed data for Technical Assistant 11 - IT Security from National Insurance Board (NIB).
2022-09-27 01:40:20.262 +00:00 [DBG] Successfully parsed data for Bar Tender/Cashier from J-ZZ'S International Steak House Ltd.
2022-09-27 01:40:21.574 +00:00 [DBG] Successfully parsed data for Systems Administrator from NIPDEC.
2022-09-27 01:40:22.695 +00:00 [DBG] Successfully parsed data for Senior Instrumentation & Controls Engineer - Design from Massy Wood Group.
2022-09-27 01:40:23.889 +00:00 [DBG] Successfully parsed data for Receptionist Oil and Gas from Eve Anderson Recruitment Ltd.
2022-09-27 01:40:25.045 +00:00 [DBG] Successfully parsed data for Senior Communications Associate (Contract for Services) from The Children's Authority of Trinidad & Tobago.
2022-09-27 01:40:26.215 +00:00 [DBG] Successfully parsed data for Volunteer Programme Coordinator from The Children's Authority of Trinidad & Tobago.
2022-09-27 01:40:27.394 +00:00 [DBG] Successfully parsed data for Customer Service Representative - Seasonal from iQor.
2022-09-27 01:40:28.565 +00:00 [DBG] Successfully parsed data for General Manager, Couva Shopping Complex from Hyacinth Guy Human Resource Company.
2022-09-27 01:40:29.750 +00:00 [DBG] Successfully parsed data for Assistant General Manager from Regency Recruitment and Resources Limited.
2022-09-27 01:40:30.878 +00:00 [DBG] Successfully parsed data for Quantity Surveyor/ Technician from Not Disclosed.
2022-09-27 01:40:32.536 +00:00 [DBG] Successfully parsed data for Senior Analyst - Sales Forecasting from S.M. Jaleel & Company Limited.
2022-09-27 01:40:33.841 +00:00 [DBG] Successfully parsed data for Accounts Supervisor from Aegis Business Solutions Limited.
2022-09-27 01:40:35.016 +00:00 [DBG] Successfully parsed data for Process Engineer II from Massy Wood Group.
2022-09-27 01:40:36.131 +00:00 [DBG] Successfully parsed data for COMMUNICATION STUDIES TEACHER from Bishop Anstey High School East & Trinity College East.
2022-09-27 01:40:37.308 +00:00 [DBG] Successfully parsed data for Project Delivery Lead from Massy Wood Group.
2022-09-27 01:40:38.214 +00:00 [DBG] Successfully parsed data for Business Operations Assistant II from Eve Anderson Recruitment Ltd.
2022-09-27 01:40:39.213 +00:00 [DBG] Successfully parsed data for Group IFRS Compliance Manager from ANSA McAL Group of Companies.
2022-09-27 01:40:40.171 +00:00 [DBG] Successfully parsed data for GRAPHIC ARTIST from Eastman & Associates.
2022-09-27 01:40:41.135 +00:00 [DBG] Successfully parsed data for Collection Officer from NES Fircroft.
2022-09-27 01:40:42.202 +00:00 [DBG] Successfully parsed data for Performance Analyst from Phoenix Park Gas Processors Limited.
2022-09-27 01:40:43.379 +00:00 [DBG] Successfully parsed data for PRINCIPAL, SPECIAL EDUCATION from RecruitmentXperts Ltd.
2022-09-27 01:40:44.278 +00:00 [DBG] Successfully parsed data for Account Executive from Regency Recruitment and Resources Limited.
2022-09-27 01:40:45.255 +00:00 [DBG] Successfully parsed data for Accounting Assistant from The Dachin Group of Companies.
2022-09-27 01:40:46.468 +00:00 [DBG] Successfully parsed data for Trade Marketing Assistant from Kaleidoscope Paints Limited.
2022-09-27 01:40:47.740 +00:00 [DBG] Successfully parsed data for Laboratory Shift Supervisor from Kenson Group of Companies.
2022-09-27 01:40:48.983 +00:00 [DBG] Successfully parsed data for Laboratory Technician from Kenson Group of Companies.
2022-09-27 01:40:50.313 +00:00 [DBG] Successfully parsed data for HSSE Manager from GCG Trinidad.
2022-09-27 01:40:51.512 +00:00 [DBG] Successfully parsed data for CEDI- Sales & Operations Manager from Ramco Industries Limited.
2022-09-27 01:40:52.856 +00:00 [DBG] Successfully parsed data for Legal Services Manager from S.M. Jaleel & Company Limited.
2022-09-27 01:40:54.034 +00:00 [DBG] Successfully parsed data for Operations Analyst from National Flour Mills Limited.
2022-09-27 01:40:55.224 +00:00 [DBG] Successfully parsed data for Tractor Driver from Not Disclosed.
2022-09-27 01:40:56.413 +00:00 [DBG] Successfully parsed data for Retail Associate from Digicel.
2022-09-27 01:40:57.507 +00:00 [DBG] Successfully parsed data for Account Executive from Digicel.
2022-09-27 01:41:00.735 +00:00 [DBG] Successfully parsed data for Accounting Assistant from The Maritime Financial Group.
2022-09-27 01:41:02.002 +00:00 [DBG] Successfully parsed data for FASHION MARKETING ASSISTANT from Ecliff Elie Limited.
2022-09-27 01:41:03.063 +00:00 [DBG] Successfully parsed data for Branch Supervisor from J & K Signature Styles.
2022-09-27 01:41:04.214 +00:00 [DBG] Successfully parsed data for Senior Technical Support Professional from Amplia Communications Limited.
2022-09-27 01:41:05.313 +00:00 [DBG] Successfully parsed data for Accountant from Not Disclosed.
2022-09-27 01:41:06.668 +00:00 [DBG] Successfully parsed data for Country Ecommerce Officer from UNICOMER (Trinidad) Ltd.
2022-09-27 01:41:07.673 +00:00 [DBG] Successfully parsed data for TECHNICIAN from Not Disclosed.
2022-09-27 01:41:08.720 +00:00 [DBG] Successfully parsed data for Customer Service Representative from Not Disclosed.
2022-09-27 01:41:09.662 +00:00 [DBG] Successfully parsed data for Project Coordinator from Associated Brands Industries Ltd.
2022-09-27 01:41:10.865 +00:00 [DBG] Successfully parsed data for Maintenance Planning Assistant from Associated Brands Industries Ltd.
2022-09-27 01:41:12.092 +00:00 [DBG] Successfully parsed data for RESEARCH OFFICER from North Central Regional Health Authority.
2022-09-27 01:41:13.092 +00:00 [DBG] Successfully parsed data for EXECUTIVE SECRETARY from North Central Regional Health Authority.
2022-09-27 01:41:14.118 +00:00 [DBG] Successfully parsed data for MANAGER, LEGAL from North Central Regional Health Authority.
2022-09-27 01:41:15.345 +00:00 [DBG] Successfully parsed data for ELECTRICAL ENGINEER I from North Central Regional Health Authority.
2022-09-27 01:41:16.522 +00:00 [DBG] Successfully parsed data for Corporate Services Administrator from Regency Recruitment and Resources Limited.
2022-09-27 01:41:17.693 +00:00 [DBG] Successfully parsed data for Store Supervisor (Courts) from UNICOMER (Trinidad) Ltd.
2022-09-27 01:41:18.861 +00:00 [DBG] Successfully parsed data for Optometrist from UNICOMER (Trinidad) Ltd.
2022-09-27 01:41:20.029 +00:00 [DBG] Successfully parsed data for Fulfillment Planner from UNICOMER (Trinidad) Ltd.
2022-09-27 01:41:21.201 +00:00 [DBG] Successfully parsed data for Customer Service Sales Representative from iQor.
2022-09-27 01:41:22.481 +00:00 [DBG] Successfully parsed data for Senior Financial Advisor (Belize) from Glo Recruitment & HR.
2022-09-27 01:41:22.481 +00:00 [DBG] All job post data added to list successfully.
2022-09-27 01:41:23.356 +00:00 [INF] Updated/inserted Monitoring and Evaluation Specialist from Hyacinth Guy Human Resource Company into database.
2022-09-27 01:41:23.473 +00:00 [INF] Updated/inserted Sr. Laboratory Technician from Nutrien (formerly PCS Nitrogen Trinidad Limited) into database.
2022-09-27 01:41:23.573 +00:00 [INF] Updated/inserted PRODUCTION SHIFT MANAGER from Not Disclosed into database.
2022-09-27 01:41:23.772 +00:00 [INF] Updated/inserted Senior Customs Manager from Not Disclosed into database.
2022-09-27 01:41:23.972 +00:00 [INF] Updated/inserted Sales Representative from Not Disclosed into database.
2022-09-27 01:41:24.172 +00:00 [INF] Updated/inserted Merchandiser from Not Disclosed into database.
2022-09-27 01:41:24.372 +00:00 [INF] Updated/inserted CSR from Not Disclosed into database.
2022-09-27 01:41:24.572 +00:00 [INF] Updated/inserted DISPATCHER/PORTER from Not Disclosed into database.
2022-09-27 01:41:24.772 +00:00 [INF] Updated/inserted Inventory Analyst from Not Disclosed into database.
2022-09-27 01:41:24.872 +00:00 [INF] Updated/inserted Accounts Payables Assistant - Foreign (VEMCO) from Agostini's into database.
2022-09-27 01:41:24.972 +00:00 [INF] Updated/inserted Network Engineer from Productive Business Solutions (PBS) into database.
2022-09-27 01:41:25.072 +00:00 [INF] Updated/inserted Commercial Business Officer from Urban Development Corporation of Trinidad & Tobago (UDeCOTT) Ltd into database.
2022-09-27 01:41:25.174 +00:00 [INF] Updated/inserted Golang Developer - Remote Work / Ref. 0138E from BairesDev into database.
2022-09-27 01:41:25.274 +00:00 [INF] Updated/inserted QA Analyst Senior - Remote Work / Ref. 0027E from BairesDev into database.
2022-09-27 01:41:25.374 +00:00 [INF] Updated/inserted iOS Developer - Remote Work / Ref. 0047E from BairesDev into database.
2022-09-27 01:41:25.483 +00:00 [INF] Updated/inserted Executive Headhunter - Remote Work / Ref. 0050E from BairesDev into database.
2022-09-27 01:41:25.583 +00:00 [INF] Updated/inserted Senior DevOps - Remote Work / Ref. 0121E from BairesDev into database.
2022-09-27 01:41:25.684 +00:00 [INF] Updated/inserted Android Developer - Remote Work / Ref. 0046E from BairesDev into database.
2022-09-27 01:41:25.791 +00:00 [INF] Updated/inserted Angular Developer - Remote Work / Ref. 0615E from BairesDev into database.
2022-09-27 01:41:25.891 +00:00 [INF] Updated/inserted QA Automation Senior - Remote Work / Ref. 0166E from BairesDev into database.
2022-09-27 01:41:25.996 +00:00 [INF] Updated/inserted Consultant to review Disaster Laws and Policies in overseas NL from International Federation of Red Cross & Red Cross & Red Cross Societies into database.
2022-09-27 01:41:26.102 +00:00 [INF] Updated/inserted PHP Developer - Remote Work / Ref. 0021E from BairesDev into database.
2022-09-27 01:41:26.202 +00:00 [INF] Updated/inserted .NET Developer - Remote Work / Ref. 0001E from BairesDev into database.
2022-09-27 01:41:26.301 +00:00 [INF] Updated/inserted Node Developer - Remote Work / Ref. 0111E from BairesDev into database.
2022-09-27 01:41:26.402 +00:00 [INF] Updated/inserted React Developer - Remote Work / Ref. 0169E from BairesDev into database.
2022-09-27 01:41:26.502 +00:00 [INF] Updated/inserted Java Developer - Remote Work / Ref. 0003E from BairesDev into database.
2022-09-27 01:41:26.602 +00:00 [INF] Updated/inserted Python Developer - Remote Work / Ref. 0071E from BairesDev into database.
2022-09-27 01:41:26.702 +00:00 [INF] Updated/inserted Administrative Assistant from Urban Development Corporation of Trinidad & Tobago (UDeCOTT) Ltd into database.
2022-09-27 01:41:26.802 +00:00 [INF] Updated/inserted IT Recruiter - Remote Work / Ref. 0196E from BairesDev into database.
2022-09-27 01:41:26.902 +00:00 [INF] Updated/inserted Talent Acquisition Leader - Remote Work / Ref. 0227E from BairesDev into database.
2022-09-27 01:41:27.003 +00:00 [INF] Updated/inserted UX/UI Developer - Remote Work / Ref. 0066E from BairesDev into database.
2022-09-27 01:41:27.103 +00:00 [INF] Updated/inserted Account Manager - Remote Work / Ref. 0224E from BairesDev into database.
2022-09-27 01:41:27.203 +00:00 [INF] Updated/inserted Ruby on Rails Developer - Remote Work / Ref. 0494E from BairesDev into database.
2022-09-27 01:41:27.304 +00:00 [INF] Updated/inserted Senior Project Manager - Remote Work / Ref. 0049E from BairesDev into database.
2022-09-27 01:41:27.404 +00:00 [INF] Updated/inserted ICT Technician (Temporary) from Not Disclosed into database.
2022-09-27 01:41:27.505 +00:00 [INF] Updated/inserted Senior Legal Advisor from Angostura Limited into database.
2022-09-27 01:41:27.606 +00:00 [INF] Updated/inserted Warehouse & Distribution Manager from HRC Associates into database.
2022-09-27 01:41:27.814 +00:00 [INF] Updated/inserted MEDICAL ATTENDANT from Southern Medical Services Company Limited into database.
2022-09-27 01:41:27.914 +00:00 [INF] Updated/inserted Maintenance Technician from Associated Brands Industries Ltd into database.
2022-09-27 01:41:28.014 +00:00 [INF] Updated/inserted Senior Facilities Manager from iQor into database.
2022-09-27 01:41:28.215 +00:00 [INF] Updated/inserted WEB DESIGNER from Council of Legal Education into database.
2022-09-27 01:41:28.316 +00:00 [INF] Updated/inserted General Manager (Cylo Tracking) from HRC Associates into database.
2022-09-27 01:41:28.417 +00:00 [INF] Updated/inserted CLINICAL LABORATORY SPECIALIST from Western Scientific Company Ltd into database.
2022-09-27 01:41:28.518 +00:00 [INF] Updated/inserted Project Control Manager from Not Disclosed into database.
2022-09-27 01:41:28.618 +00:00 [INF] Updated/inserted PS Core Network Engineer from Huawei Technologies (T&T) Ltd. into database.
2022-09-27 01:41:28.719 +00:00 [INF] Updated/inserted Assistant Company Secretary & Paralegal from NATIONAL GENERAL INSURANCE CO. N.V. into database.
2022-09-27 01:41:28.918 +00:00 [INF] Updated/inserted Technical Assistant 11 - IT Security from National Insurance Board (NIB) into database.
2022-09-27 01:41:29.118 +00:00 [INF] Updated/inserted Bar Tender/Cashier from J-ZZ'S International Steak House Ltd into database.
2022-09-27 01:41:29.326 +00:00 [INF] Updated/inserted Systems Administrator from NIPDEC into database.
2022-09-27 01:41:29.525 +00:00 [INF] Updated/inserted Senior Instrumentation & Controls Engineer - Design from Massy Wood Group into database.
2022-09-27 01:41:29.724 +00:00 [INF] Updated/inserted Receptionist Oil and Gas from Eve Anderson Recruitment Ltd into database.
2022-09-27 01:41:29.924 +00:00 [INF] Updated/inserted Senior Communications Associate (Contract for Services) from The Children's Authority of Trinidad & Tobago into database.
2022-09-27 01:41:30.124 +00:00 [INF] Updated/inserted Volunteer Programme Coordinator from The Children's Authority of Trinidad & Tobago into database.
2022-09-27 01:41:30.322 +00:00 [INF] Updated/inserted Customer Service Representative - Seasonal from iQor into database.
2022-09-27 01:41:30.523 +00:00 [INF] Updated/inserted General Manager, Couva Shopping Complex from Hyacinth Guy Human Resource Company into database.
2022-09-27 01:41:30.725 +00:00 [INF] Updated/inserted Assistant General Manager from Regency Recruitment and Resources Limited into database.
2022-09-27 01:41:30.925 +00:00 [INF] Updated/inserted Quantity Surveyor/ Technician from Not Disclosed into database.
2022-09-27 01:41:31.125 +00:00 [INF] Updated/inserted Senior Analyst - Sales Forecasting from S.M. Jaleel & Company Limited into database.
2022-09-27 01:41:31.325 +00:00 [INF] Updated/inserted Accounts Supervisor from Aegis Business Solutions Limited into database.
2022-09-27 01:41:31.526 +00:00 [INF] Updated/inserted Process Engineer II from Massy Wood Group into database.
2022-09-27 01:41:31.726 +00:00 [INF] Updated/inserted COMMUNICATION STUDIES TEACHER from Bishop Anstey High School East & Trinity College East into database.
2022-09-27 01:41:31.925 +00:00 [INF] Updated/inserted Project Delivery Lead from Massy Wood Group into database.
2022-09-27 01:41:32.125 +00:00 [INF] Updated/inserted Business Operations Assistant II from Eve Anderson Recruitment Ltd into database.
2022-09-27 01:41:32.325 +00:00 [INF] Updated/inserted Group IFRS Compliance Manager from ANSA McAL Group of Companies into database.
2022-09-27 01:41:32.525 +00:00 [INF] Updated/inserted GRAPHIC ARTIST from Eastman & Associates into database.
2022-09-27 01:41:32.724 +00:00 [INF] Updated/inserted Collection Officer from NES Fircroft into database.
2022-09-27 01:41:32.923 +00:00 [INF] Updated/inserted Performance Analyst from Phoenix Park Gas Processors Limited into database.
2022-09-27 01:41:33.123 +00:00 [INF] Updated/inserted PRINCIPAL, SPECIAL EDUCATION from RecruitmentXperts Ltd into database.
2022-09-27 01:41:33.322 +00:00 [INF] Updated/inserted Account Executive from Regency Recruitment and Resources Limited into database.
2022-09-27 01:41:33.521 +00:00 [INF] Updated/inserted Accounting Assistant from The Dachin Group of Companies into database.
2022-09-27 01:41:33.724 +00:00 [INF] Updated/inserted Trade Marketing Assistant from Kaleidoscope Paints Limited into database.
2022-09-27 01:41:33.923 +00:00 [INF] Updated/inserted Laboratory Shift Supervisor from Kenson Group of Companies into database.
2022-09-27 01:41:34.123 +00:00 [INF] Updated/inserted Laboratory Technician from Kenson Group of Companies into database.
2022-09-27 01:41:34.323 +00:00 [INF] Updated/inserted HSSE Manager from GCG Trinidad into database.
2022-09-27 01:41:34.522 +00:00 [INF] Updated/inserted CEDI- Sales & Operations Manager from Ramco Industries Limited into database.
2022-09-27 01:41:34.722 +00:00 [INF] Updated/inserted Legal Services Manager from S.M. Jaleel & Company Limited into database.
2022-09-27 01:41:34.921 +00:00 [INF] Updated/inserted Operations Analyst from National Flour Mills Limited into database.
2022-09-27 01:41:35.121 +00:00 [INF] Updated/inserted Tractor Driver from Not Disclosed into database.
2022-09-27 01:41:35.320 +00:00 [INF] Updated/inserted Retail Associate from Digicel into database.
2022-09-27 01:41:35.519 +00:00 [INF] Updated/inserted Account Executive from Digicel into database.
2022-09-27 01:41:35.720 +00:00 [INF] Updated/inserted Accounting Assistant from The Maritime Financial Group into database.
2022-09-27 01:41:35.924 +00:00 [INF] Updated/inserted FASHION MARKETING ASSISTANT from Ecliff Elie Limited into database.
2022-09-27 01:41:36.123 +00:00 [INF] Updated/inserted Branch Supervisor from J & K Signature Styles into database.
2022-09-27 01:41:36.322 +00:00 [INF] Updated/inserted Senior Technical Support Professional from Amplia Communications Limited into database.
2022-09-27 01:41:36.521 +00:00 [INF] Updated/inserted Accountant from Not Disclosed into database.
2022-09-27 01:41:36.721 +00:00 [INF] Updated/inserted Country Ecommerce Officer from UNICOMER (Trinidad) Ltd into database.
2022-09-27 01:41:36.919 +00:00 [INF] Updated/inserted TECHNICIAN from Not Disclosed into database.
2022-09-27 01:41:37.119 +00:00 [INF] Updated/inserted Customer Service Representative from Not Disclosed into database.
2022-09-27 01:41:37.319 +00:00 [INF] Updated/inserted Project Coordinator from Associated Brands Industries Ltd into database.
2022-09-27 01:41:37.518 +00:00 [INF] Updated/inserted Maintenance Planning Assistant from Associated Brands Industries Ltd into database.
2022-09-27 01:41:37.718 +00:00 [INF] Updated/inserted RESEARCH OFFICER from North Central Regional Health Authority into database.
2022-09-27 01:41:37.917 +00:00 [INF] Updated/inserted EXECUTIVE SECRETARY from North Central Regional Health Authority into database.
2022-09-27 01:41:38.116 +00:00 [INF] Updated/inserted MANAGER, LEGAL from North Central Regional Health Authority into database.
2022-09-27 01:41:38.318 +00:00 [INF] Updated/inserted ELECTRICAL ENGINEER I from North Central Regional Health Authority into database.
2022-09-27 01:41:38.518 +00:00 [INF] Updated/inserted Corporate Services Administrator from Regency Recruitment and Resources Limited into database.
2022-09-27 01:41:38.717 +00:00 [INF] Updated/inserted Store Supervisor (Courts) from UNICOMER (Trinidad) Ltd into database.
2022-09-27 01:41:38.916 +00:00 [INF] Updated/inserted Optometrist from UNICOMER (Trinidad) Ltd into database.
2022-09-27 01:41:39.115 +00:00 [INF] Updated/inserted Fulfillment Planner from UNICOMER (Trinidad) Ltd into database.
2022-09-27 01:41:39.314 +00:00 [INF] Updated/inserted Customer Service Sales Representative from iQor into database.
2022-09-27 01:41:39.513 +00:00 [INF] Updated/inserted Senior Financial Advisor (Belize) from Glo Recruitment & HR into database.
2022-09-27 01:41:40.286 +00:00 [INF] Finished fetching current posts successfully.
