2022-10-19 00:11:02.940 +00:00 [DBG] Background job started.
2022-10-19 00:11:35.579 +00:00 [DBG] Successfully parsed data for Senior Financial Advisor (Belize) from Glo Recruitment & HR.
2022-10-19 00:11:36.986 +00:00 [DBG] Successfully parsed data for Fleet Assistant Manager from Central Equipment Rentals Ltd.
2022-10-19 00:11:38.313 +00:00 [DBG] Successfully parsed data for Security Guard from Stages on the Avenue.
2022-10-19 00:11:39.325 +00:00 [DBG] Successfully parsed data for Accounts Trainee from Not Disclosed.
2022-10-19 00:11:40.546 +00:00 [DBG] Successfully parsed data for Line Cook from Stages on the Avenue.
2022-10-19 00:11:41.957 +00:00 [DBG] Successfully parsed data for Customer Service Representative from Not Disclosed.
2022-10-19 00:11:43.262 +00:00 [DBG] Successfully parsed data for Client Success Manager from Newtown Capital Group.
2022-10-19 00:11:43.356 +00:00 [DBG] Background job stopped.
2022-10-19 00:11:45.194 +00:00 [DBG] Background job started.
2022-10-19 00:12:15.846 +00:00 [DBG] Successfully parsed data for Senior Financial Advisor (Belize) from Glo Recruitment & HR.
2022-10-19 00:12:17.017 +00:00 [DBG] Successfully parsed data for Fleet Assistant Manager from Central Equipment Rentals Ltd.
2022-10-19 00:12:18.347 +00:00 [DBG] Successfully parsed data for Security Guard from Stages on the Avenue.
2022-10-19 00:12:19.617 +00:00 [DBG] Successfully parsed data for Accounts Trainee from Not Disclosed.
2022-10-19 00:12:20.853 +00:00 [DBG] Successfully parsed data for Line Cook from Stages on the Avenue.
2022-10-19 00:12:22.088 +00:00 [DBG] Successfully parsed data for Customer Service Representative from Not Disclosed.
2022-10-19 00:12:23.313 +00:00 [DBG] Successfully parsed data for Client Success Manager from Newtown Capital Group.
2022-10-19 00:12:24.445 +00:00 [DBG] Successfully parsed data for Sales Associate from The Sherwin-Williams Company.
2022-10-19 00:12:25.603 +00:00 [DBG] Successfully parsed data for Investment Manager from Newtown Capital Group.
2022-10-19 00:12:27.274 +00:00 [DBG] Successfully parsed data for Marketing Manager from Newtown Capital Group.
2022-10-19 00:12:28.487 +00:00 [DBG] Successfully parsed data for HR Assistant from iQor.
2022-10-19 00:12:29.596 +00:00 [DBG] Successfully parsed data for Underwriter I, TATIL Life Assurance Limited from ANSA McAL Group of Companies.
2022-10-19 00:12:30.727 +00:00 [DBG] Successfully parsed data for Sales Analyst from Eve Anderson Recruitment Ltd.
2022-10-19 00:12:31.821 +00:00 [DBG] Successfully parsed data for Accounts Clerk from Central Equipment Rentals Ltd.
2022-10-19 00:12:33.151 +00:00 [DBG] Successfully parsed data for Customs Clerk (Grade 1 & 2) from Agostini's.
2022-10-19 00:12:34.503 +00:00 [DBG] Successfully parsed data for Insurance Sales Representatives / Advisors from Guardian Group – Dexter George Unit.
2022-10-19 00:12:35.800 +00:00 [DBG] Successfully parsed data for Health, Safety and Environment Officer (Offshore) from NES Fircroft.
2022-10-19 00:12:37.114 +00:00 [DBG] Successfully parsed data for Cost Accountant from Trinidad and Tobago Postal Corporation Limited.
2022-10-19 00:12:38.506 +00:00 [DBG] Successfully parsed data for Forklift & Reach Lift Operators from Not Disclosed.
2022-10-19 00:12:39.645 +00:00 [DBG] Successfully parsed data for Process Engineer III from Atlantic LNG Company of Trinidad and Tobago.
2022-10-19 00:12:40.729 +00:00 [DBG] Successfully parsed data for Accounts Receivables Clerk from NES Fircroft.
2022-10-19 00:12:41.846 +00:00 [DBG] Successfully parsed data for Instrumentation Controls and Electrical (ICE) Engineer III from Atlantic LNG Company of Trinidad and Tobago.
2022-10-19 00:12:43.289 +00:00 [DBG] Successfully parsed data for Director of Programme Delivery (British Virgin Islands) from Virgin Islands Recovery & Development Agency.
2022-10-19 00:12:44.565 +00:00 [DBG] Successfully parsed data for ADMINISTRATIVE OFFICER (JUDICIAL) from Caribbean Court of Justice.
2022-10-19 00:12:45.869 +00:00 [DBG] Successfully parsed data for Sales Engineer - Fabric Maintenance from Tucker Energy Services Holdings Ltd..
2022-10-19 00:12:47.059 +00:00 [DBG] Successfully parsed data for Internal Auditor (British Virgin Islands) from Virgin Islands Recovery & Development Agency.
2022-10-19 00:12:48.181 +00:00 [DBG] Successfully parsed data for Junior Draughtsman from Western Scientific Company Ltd.
2022-10-19 00:12:49.446 +00:00 [DBG] Successfully parsed data for TEMPORARY MARKETING ASSISTANT from Mario’s Pizzeria Limited.
2022-10-19 00:12:50.572 +00:00 [DBG] Successfully parsed data for I.T. Developer Intern from Aegis Business Solutions Limited.
2022-10-19 00:12:51.647 +00:00 [DBG] Successfully parsed data for Administrative Assistant from Aegis Business Solutions Limited.
2022-10-19 00:12:52.885 +00:00 [DBG] Successfully parsed data for Security Administrator from Jo-Anne Mouttet & Associates.
2022-10-19 00:12:54.423 +00:00 [DBG] Successfully parsed data for Senior Legal Counsel from Angostura Limited.
2022-10-19 00:12:55.507 +00:00 [DBG] Successfully parsed data for Consultant to review Disaster Laws and Policies in overseas NL from International Federation of Red Cross & Red Cross & Red Cross Societies.
2022-10-19 00:12:56.514 +00:00 [DBG] Successfully parsed data for Merchandiser from Not Disclosed.
2022-10-19 00:12:57.531 +00:00 [DBG] Successfully parsed data for Corporate Sales Executive - Tobago from National Shoe and Occupational Solutions Limited - NATCO.
2022-10-19 00:12:58.593 +00:00 [DBG] Successfully parsed data for HR Coordinator from NES Fircroft.
2022-10-19 00:12:59.835 +00:00 [DBG] Successfully parsed data for Engineer I from e TecK.
2022-10-19 00:13:00.898 +00:00 [DBG] Successfully parsed data for Compliance Offcer from Not Disclosed.
2022-10-19 00:13:02.015 +00:00 [DBG] Successfully parsed data for Lead Business Counsel (Massy) from HRC Associates.
2022-10-19 00:13:03.011 +00:00 [DBG] Successfully parsed data for Health, Safety, Security & Environment Manager from Trinidad & Tobago National Petroleum Marketing Company Ltd.
2022-10-19 00:13:04.470 +00:00 [DBG] Successfully parsed data for JUNIOR ASSOCIATE from Sinanan Dass & Associates.
2022-10-19 00:13:05.505 +00:00 [DBG] Successfully parsed data for FIELD SALES MANAGER from Regal Products Limited.
2022-10-19 00:13:06.782 +00:00 [DBG] Successfully parsed data for Accounts Clerk from Modern Electrical Supplies Limited.
2022-10-19 00:13:08.010 +00:00 [DBG] Successfully parsed data for Machine Operator from Not Disclosed.
2022-10-19 00:13:09.372 +00:00 [DBG] Successfully parsed data for Manager of Operations from Not Disclosed.
2022-10-19 00:13:10.427 +00:00 [DBG] Successfully parsed data for INDUSTRIAL / CONSTRUCTION TOOL SALES REP. from Jo-Anne Mouttet & Associates.
2022-10-19 00:13:11.632 +00:00 [DBG] Successfully parsed data for Operations Admin- Accounts Payable from EY Caribbean.
2022-10-19 00:13:12.848 +00:00 [DBG] Successfully parsed data for SCM Team Leader from Massy Wood Group.
2022-10-19 00:13:14.041 +00:00 [DBG] Successfully parsed data for Paralegal from National Insurance Board (NIB).
2022-10-19 00:13:15.426 +00:00 [DBG] Successfully parsed data for SENIOR MANAGER, SHIPPING & BROKERAGE from Intercontinental Shipping Limited.
2022-10-19 00:13:16.453 +00:00 [DBG] Successfully parsed data for Accounts Supervisor from Aegis Business Solutions Limited.
2022-10-19 00:13:17.448 +00:00 [DBG] Successfully parsed data for Line Cook from Not Disclosed.
2022-10-19 00:13:18.510 +00:00 [DBG] Successfully parsed data for Head Chef from Not Disclosed.
2022-10-19 00:13:19.586 +00:00 [DBG] Successfully parsed data for Bartender from Not Disclosed.
2022-10-19 00:13:20.700 +00:00 [DBG] Successfully parsed data for CUSTOMER SERVICE SALES REPRESENTATIVE from TRINRICO Steel & Wire Products Limited.
2022-10-19 00:13:21.920 +00:00 [DBG] Successfully parsed data for Sales Representative, ANSA Motors from ANSA McAL Group of Companies.
2022-10-19 00:13:23.060 +00:00 [DBG] Successfully parsed data for Editor, Guardian Media Limited from ANSA McAL Group of Companies.
2022-10-19 00:13:24.155 +00:00 [DBG] Successfully parsed data for Executive Assistant - Office of the Corporate Secretariat from Angostura Limited.
2022-10-19 00:13:25.192 +00:00 [DBG] Successfully parsed data for Accounting Clerk from Regency Recruitment and Resources Limited.
2022-10-19 00:13:26.200 +00:00 [DBG] Successfully parsed data for Logistics & Costing Coordinator - Export and Administrative Assistant from Lange Trinidad Limited.
2022-10-19 00:13:27.266 +00:00 [DBG] Successfully parsed data for Project Supervisor - Construction from Eve Anderson Recruitment Ltd.
2022-10-19 00:13:28.283 +00:00 [DBG] Successfully parsed data for Digital IT Project Manager- Jamaica from Unicomer Regional (HC).
2022-10-19 00:13:29.328 +00:00 [DBG] Successfully parsed data for 1st Line Support Analyst-Bilingual English/Spanish from ESP.CO. UK. Ltd / ESP GLOBAL.
2022-10-19 00:13:30.388 +00:00 [DBG] Successfully parsed data for Accounts Clerk (Receivables) from Not Disclosed.
2022-10-19 00:13:31.454 +00:00 [DBG] Successfully parsed data for Compensation & Benefits Administrator from Not Disclosed.
2022-10-19 00:13:32.551 +00:00 [DBG] Successfully parsed data for Buyer from Massy Wood Group.
2022-10-19 00:13:33.638 +00:00 [DBG] Successfully parsed data for Structural Engineer II | Senior Structural Engineer | Structural Designer II | Senior Structural Designer from Massy Wood Group.
2022-10-19 00:13:34.860 +00:00 [DBG] Successfully parsed data for Recruiter (Temp) from Massy Wood Group.
2022-10-19 00:13:36.018 +00:00 [DBG] Successfully parsed data for Process Engineer III [Design] from Massy Wood Group.
2022-10-19 00:13:37.249 +00:00 [DBG] Successfully parsed data for IT Manager, Standard Distributors Limited from ANSA McAL Group of Companies.
2022-10-19 00:13:38.334 +00:00 [DBG] Successfully parsed data for HUMAN RESOURCES PROFESSIONAL from TRINRICO Steel & Wire Products Limited.
2022-10-19 00:13:39.603 +00:00 [DBG] Successfully parsed data for Customs Clerk 2, Standard Distributors Limited from ANSA McAL Group of Companies.
2022-10-19 00:13:40.669 +00:00 [DBG] Successfully parsed data for Credit Control Clerk from Agostini's.
2022-10-19 00:13:41.910 +00:00 [DBG] Successfully parsed data for IT Manager (Superpharm) from Agostini's.
2022-10-19 00:13:43.095 +00:00 [DBG] Successfully parsed data for Customs Clerk with Grade 2 Licence from Jo-Anne Mouttet & Associates.
2022-10-19 00:13:44.429 +00:00 [DBG] Successfully parsed data for TRAINING AND DEVELOPMENT COORDINATOR- (Guyana) from Correia Group of Companies-Trans Guyana Airways.
2022-10-19 00:13:45.457 +00:00 [DBG] Successfully parsed data for Associate Attorney at Law from Regency Recruitment and Resources Limited.
2022-10-19 00:13:46.589 +00:00 [DBG] Successfully parsed data for Service Desk Administrator from KPMG Caricom Business Services Limited.
2022-10-19 00:13:47.561 +00:00 [DBG] Successfully parsed data for Production Worker from Linda's Bakery.
2022-10-19 00:13:48.801 +00:00 [DBG] Successfully parsed data for Front of House Manager from Regency Recruitment and Resources Limited.
2022-10-19 00:13:49.821 +00:00 [DBG] Successfully parsed data for Field Sales Representative from Island Finance Ltd.
2022-10-19 00:13:50.805 +00:00 [DBG] Successfully parsed data for Operations Manager from NES Fircroft.
2022-10-19 00:13:52.181 +00:00 [DBG] Successfully parsed data for Temporary Internal Auditor from NATIONAL GENERAL INSURANCE CO. N.V..
2022-10-19 00:13:53.304 +00:00 [DBG] Successfully parsed data for Project Sales Engineer, ABS from ANSA McAL Group of Companies.
2022-10-19 00:13:54.321 +00:00 [DBG] Successfully parsed data for Assurance (Audit) Staff from EY Caribbean.
2022-10-19 00:13:55.370 +00:00 [DBG] Successfully parsed data for Head of Accounting and Reporting from Not Disclosed.
2022-10-19 00:13:56.402 +00:00 [DBG] Successfully parsed data for Instrumentation, Controls & Electrical Engineer, ABS from ANSA McAL Group of Companies.
2022-10-19 00:13:57.422 +00:00 [DBG] Successfully parsed data for Business Intelligence Manager - FMCG from NES Fircroft.
2022-10-19 00:13:58.469 +00:00 [DBG] Successfully parsed data for Technical Service Clerk from UNICOMER (Trinidad) Ltd.
2022-10-19 00:13:59.544 +00:00 [DBG] Successfully parsed data for Assistant Warehouse Manager - Outbound, SDL from ANSA McAL Group of Companies.
2022-10-19 00:14:00.544 +00:00 [DBG] Successfully parsed data for Digital Channel Manager, ANSA Bank from ANSA McAL Group of Companies.
2022-10-19 00:14:01.737 +00:00 [DBG] Successfully parsed data for Executive Director (UWI-ROYTEC) from HRC Associates.
2022-10-19 00:14:02.843 +00:00 [DBG] Successfully parsed data for Regional Social Media Agent from UNICOMER (Trinidad) Ltd.
2022-10-19 00:14:03.857 +00:00 [DBG] Successfully parsed data for SENIOR ACCOUNTANT from Not Disclosed.
2022-10-19 00:14:04.916 +00:00 [DBG] Successfully parsed data for Office Manager from Regency Recruitment and Resources Limited.
2022-10-19 00:14:06.151 +00:00 [DBG] Successfully parsed data for Material Officer (Technical) from Massy Wood Group.
2022-10-19 00:14:07.230 +00:00 [DBG] Successfully parsed data for Senior Human Resource Officer from Rahamut Enterprises Limited.
2022-10-19 00:14:08.295 +00:00 [DBG] Successfully parsed data for Collections Customer Service Representative from JMMB Trinidad and Tobago.
2022-10-19 00:14:09.663 +00:00 [DBG] Successfully parsed data for Senior Credit Officer from JMMB Trinidad and Tobago.
2022-10-19 00:14:10.790 +00:00 [DBG] Successfully parsed data for Service Manager, ANSA Motors from ANSA McAL Group of Companies.
2022-10-19 00:14:10.791 +00:00 [DBG] All job post data added to list successfully.
2022-10-19 00:14:12.420 +00:00 [INF] Updated/inserted Senior Financial Advisor (Belize) from Glo Recruitment & HR into database.
2022-10-19 00:14:12.572 +00:00 [INF] Updated/inserted Fleet Assistant Manager from Central Equipment Rentals Ltd into database.
2022-10-19 00:14:12.724 +00:00 [INF] Updated/inserted Security Guard from Stages on the Avenue into database.
2022-10-19 00:14:12.875 +00:00 [INF] Updated/inserted Accounts Trainee from Not Disclosed into database.
2022-10-19 00:14:13.031 +00:00 [INF] Updated/inserted Line Cook from Stages on the Avenue into database.
2022-10-19 00:14:13.181 +00:00 [INF] Updated/inserted Customer Service Representative from Not Disclosed into database.
2022-10-19 00:14:13.334 +00:00 [INF] Updated/inserted Client Success Manager from Newtown Capital Group into database.
2022-10-19 00:14:13.487 +00:00 [INF] Updated/inserted Sales Associate from The Sherwin-Williams Company into database.
2022-10-19 00:14:13.640 +00:00 [INF] Updated/inserted Investment Manager from Newtown Capital Group into database.
2022-10-19 00:14:13.791 +00:00 [INF] Updated/inserted Marketing Manager from Newtown Capital Group into database.
2022-10-19 00:14:13.941 +00:00 [INF] Updated/inserted HR Assistant from iQor into database.
2022-10-19 00:14:14.104 +00:00 [INF] Updated/inserted Underwriter I, TATIL Life Assurance Limited from ANSA McAL Group of Companies into database.
2022-10-19 00:14:14.261 +00:00 [INF] Updated/inserted Sales Analyst from Eve Anderson Recruitment Ltd into database.
2022-10-19 00:14:14.412 +00:00 [INF] Updated/inserted Accounts Clerk from Central Equipment Rentals Ltd into database.
2022-10-19 00:14:14.562 +00:00 [INF] Updated/inserted Customs Clerk (Grade 1 & 2) from Agostini's into database.
2022-10-19 00:14:14.714 +00:00 [INF] Updated/inserted Insurance Sales Representatives / Advisors from Guardian Group – Dexter George Unit into database.
2022-10-19 00:14:14.871 +00:00 [INF] Updated/inserted Health, Safety and Environment Officer (Offshore) from NES Fircroft into database.
2022-10-19 00:14:15.023 +00:00 [INF] Updated/inserted Cost Accountant from Trinidad and Tobago Postal Corporation Limited into database.
2022-10-19 00:14:15.177 +00:00 [INF] Updated/inserted Forklift & Reach Lift Operators from Not Disclosed into database.
2022-10-19 00:14:15.333 +00:00 [INF] Updated/inserted Process Engineer III from Atlantic LNG Company of Trinidad and Tobago into database.
2022-10-19 00:14:15.485 +00:00 [INF] Updated/inserted Accounts Receivables Clerk from NES Fircroft into database.
2022-10-19 00:14:15.635 +00:00 [INF] Updated/inserted Instrumentation Controls and Electrical (ICE) Engineer III from Atlantic LNG Company of Trinidad and Tobago into database.
2022-10-19 00:14:15.786 +00:00 [INF] Updated/inserted Director of Programme Delivery (British Virgin Islands) from Virgin Islands Recovery & Development Agency into database.
2022-10-19 00:14:15.936 +00:00 [INF] Updated/inserted ADMINISTRATIVE OFFICER (JUDICIAL) from Caribbean Court of Justice into database.
2022-10-19 00:14:16.092 +00:00 [INF] Updated/inserted Sales Engineer - Fabric Maintenance from Tucker Energy Services Holdings Ltd. into database.
2022-10-19 00:14:16.243 +00:00 [INF] Updated/inserted Internal Auditor (British Virgin Islands) from Virgin Islands Recovery & Development Agency into database.
2022-10-19 00:14:16.392 +00:00 [INF] Updated/inserted Junior Draughtsman from Western Scientific Company Ltd into database.
2022-10-19 00:14:16.542 +00:00 [INF] Updated/inserted TEMPORARY MARKETING ASSISTANT from Mario’s Pizzeria Limited into database.
2022-10-19 00:14:16.691 +00:00 [INF] Updated/inserted I.T. Developer Intern from Aegis Business Solutions Limited into database.
2022-10-19 00:14:16.844 +00:00 [INF] Updated/inserted Administrative Assistant from Aegis Business Solutions Limited into database.
2022-10-19 00:14:16.995 +00:00 [INF] Updated/inserted Security Administrator from Jo-Anne Mouttet & Associates into database.
2022-10-19 00:14:17.145 +00:00 [INF] Updated/inserted Senior Legal Counsel from Angostura Limited into database.
2022-10-19 00:14:17.296 +00:00 [INF] Updated/inserted Consultant to review Disaster Laws and Policies in overseas NL from International Federation of Red Cross & Red Cross & Red Cross Societies into database.
2022-10-19 00:14:17.446 +00:00 [INF] Updated/inserted Merchandiser from Not Disclosed into database.
2022-10-19 00:14:17.595 +00:00 [INF] Updated/inserted Corporate Sales Executive - Tobago from National Shoe and Occupational Solutions Limited - NATCO into database.
2022-10-19 00:14:17.743 +00:00 [INF] Updated/inserted HR Coordinator from NES Fircroft into database.
2022-10-19 00:14:17.893 +00:00 [INF] Updated/inserted Engineer I from e TecK into database.
2022-10-19 00:14:18.053 +00:00 [INF] Updated/inserted Compliance Offcer from Not Disclosed into database.
2022-10-19 00:14:18.202 +00:00 [INF] Updated/inserted Lead Business Counsel (Massy) from HRC Associates into database.
2022-10-19 00:14:18.353 +00:00 [INF] Updated/inserted Health, Safety, Security & Environment Manager from Trinidad & Tobago National Petroleum Marketing Company Ltd into database.
2022-10-19 00:14:18.508 +00:00 [INF] Updated/inserted JUNIOR ASSOCIATE from Sinanan Dass & Associates into database.
2022-10-19 00:14:18.656 +00:00 [INF] Updated/inserted FIELD SALES MANAGER from Regal Products Limited into database.
2022-10-19 00:14:18.804 +00:00 [INF] Updated/inserted Accounts Clerk from Modern Electrical Supplies Limited into database.
2022-10-19 00:14:18.958 +00:00 [INF] Updated/inserted Machine Operator from Not Disclosed into database.
2022-10-19 00:14:19.107 +00:00 [INF] Updated/inserted Manager of Operations from Not Disclosed into database.
2022-10-19 00:14:19.257 +00:00 [INF] Updated/inserted INDUSTRIAL / CONSTRUCTION TOOL SALES REP. from Jo-Anne Mouttet & Associates into database.
2022-10-19 00:14:19.408 +00:00 [INF] Updated/inserted Operations Admin- Accounts Payable from EY Caribbean into database.
2022-10-19 00:14:19.557 +00:00 [INF] Updated/inserted SCM Team Leader from Massy Wood Group into database.
2022-10-19 00:14:19.719 +00:00 [INF] Updated/inserted Paralegal from National Insurance Board (NIB) into database.
2022-10-19 00:14:19.870 +00:00 [INF] Updated/inserted SENIOR MANAGER, SHIPPING & BROKERAGE from Intercontinental Shipping Limited into database.
2022-10-19 00:14:20.026 +00:00 [INF] Updated/inserted Accounts Supervisor from Aegis Business Solutions Limited into database.
2022-10-19 00:14:20.176 +00:00 [INF] Updated/inserted Line Cook from Not Disclosed into database.
2022-10-19 00:14:20.327 +00:00 [INF] Updated/inserted Head Chef from Not Disclosed into database.
2022-10-19 00:14:20.477 +00:00 [INF] Updated/inserted Bartender from Not Disclosed into database.
2022-10-19 00:14:20.629 +00:00 [INF] Updated/inserted CUSTOMER SERVICE SALES REPRESENTATIVE from TRINRICO Steel & Wire Products Limited into database.
2022-10-19 00:14:20.778 +00:00 [INF] Updated/inserted Sales Representative, ANSA Motors from ANSA McAL Group of Companies into database.
2022-10-19 00:14:20.928 +00:00 [INF] Updated/inserted Editor, Guardian Media Limited from ANSA McAL Group of Companies into database.
2022-10-19 00:14:21.078 +00:00 [INF] Updated/inserted Executive Assistant - Office of the Corporate Secretariat from Angostura Limited into database.
2022-10-19 00:14:21.228 +00:00 [INF] Updated/inserted Accounting Clerk from Regency Recruitment and Resources Limited into database.
2022-10-19 00:14:21.377 +00:00 [INF] Updated/inserted Logistics & Costing Coordinator - Export and Administrative Assistant from Lange Trinidad Limited into database.
2022-10-19 00:14:21.525 +00:00 [INF] Updated/inserted Project Supervisor - Construction from Eve Anderson Recruitment Ltd into database.
2022-10-19 00:14:21.675 +00:00 [INF] Updated/inserted Digital IT Project Manager- Jamaica from Unicomer Regional (HC) into database.
2022-10-19 00:14:21.827 +00:00 [INF] Updated/inserted 1st Line Support Analyst-Bilingual English/Spanish from ESP.CO. UK. Ltd / ESP GLOBAL into database.
2022-10-19 00:14:21.977 +00:00 [INF] Updated/inserted Accounts Clerk (Receivables) from Not Disclosed into database.
2022-10-19 00:14:22.131 +00:00 [INF] Updated/inserted Compensation & Benefits Administrator from Not Disclosed into database.
2022-10-19 00:14:22.283 +00:00 [INF] Updated/inserted Buyer from Massy Wood Group into database.
2022-10-19 00:14:22.432 +00:00 [INF] Updated/inserted Structural Engineer II | Senior Structural Engineer | Structural Designer II | Senior Structural Designer from Massy Wood Group into database.
2022-10-19 00:14:22.583 +00:00 [INF] Updated/inserted Recruiter (Temp) from Massy Wood Group into database.
2022-10-19 00:14:22.733 +00:00 [INF] Updated/inserted Process Engineer III [Design] from Massy Wood Group into database.
2022-10-19 00:14:22.883 +00:00 [INF] Updated/inserted IT Manager, Standard Distributors Limited from ANSA McAL Group of Companies into database.
2022-10-19 00:14:23.034 +00:00 [INF] Updated/inserted HUMAN RESOURCES PROFESSIONAL from TRINRICO Steel & Wire Products Limited into database.
2022-10-19 00:14:23.183 +00:00 [INF] Updated/inserted Customs Clerk 2, Standard Distributors Limited from ANSA McAL Group of Companies into database.
2022-10-19 00:14:23.333 +00:00 [INF] Updated/inserted Credit Control Clerk from Agostini's into database.
2022-10-19 00:14:23.484 +00:00 [INF] Updated/inserted IT Manager (Superpharm) from Agostini's into database.
2022-10-19 00:14:23.638 +00:00 [INF] Updated/inserted Customs Clerk with Grade 2 Licence from Jo-Anne Mouttet & Associates into database.
2022-10-19 00:14:23.789 +00:00 [INF] Updated/inserted TRAINING AND DEVELOPMENT COORDINATOR- (Guyana) from Correia Group of Companies-Trans Guyana Airways into database.
2022-10-19 00:14:23.940 +00:00 [INF] Updated/inserted Associate Attorney at Law from Regency Recruitment and Resources Limited into database.
2022-10-19 00:14:24.088 +00:00 [INF] Updated/inserted Service Desk Administrator from KPMG Caricom Business Services Limited into database.
2022-10-19 00:14:24.241 +00:00 [INF] Updated/inserted Production Worker from Linda's Bakery into database.
2022-10-19 00:14:24.393 +00:00 [INF] Updated/inserted Front of House Manager from Regency Recruitment and Resources Limited into database.
2022-10-19 00:14:24.547 +00:00 [INF] Updated/inserted Field Sales Representative from Island Finance Ltd into database.
2022-10-19 00:14:24.696 +00:00 [INF] Updated/inserted Operations Manager from NES Fircroft into database.
2022-10-19 00:14:24.845 +00:00 [INF] Updated/inserted Temporary Internal Auditor from NATIONAL GENERAL INSURANCE CO. N.V. into database.
2022-10-19 00:14:25.010 +00:00 [INF] Updated/inserted Project Sales Engineer, ABS from ANSA McAL Group of Companies into database.
2022-10-19 00:14:25.159 +00:00 [INF] Updated/inserted Assurance (Audit) Staff from EY Caribbean into database.
2022-10-19 00:14:25.309 +00:00 [INF] Updated/inserted Head of Accounting and Reporting from Not Disclosed into database.
2022-10-19 00:14:25.461 +00:00 [INF] Updated/inserted Instrumentation, Controls & Electrical Engineer, ABS from ANSA McAL Group of Companies into database.
2022-10-19 00:14:25.611 +00:00 [INF] Updated/inserted Business Intelligence Manager - FMCG from NES Fircroft into database.
2022-10-19 00:14:25.761 +00:00 [INF] Updated/inserted Technical Service Clerk from UNICOMER (Trinidad) Ltd into database.
2022-10-19 00:14:25.909 +00:00 [INF] Updated/inserted Assistant Warehouse Manager - Outbound, SDL from ANSA McAL Group of Companies into database.
2022-10-19 00:14:26.059 +00:00 [INF] Updated/inserted Digital Channel Manager, ANSA Bank from ANSA McAL Group of Companies into database.
2022-10-19 00:14:26.223 +00:00 [INF] Updated/inserted Executive Director (UWI-ROYTEC) from HRC Associates into database.
2022-10-19 00:14:26.370 +00:00 [INF] Updated/inserted Regional Social Media Agent from UNICOMER (Trinidad) Ltd into database.
2022-10-19 00:14:26.519 +00:00 [INF] Updated/inserted SENIOR ACCOUNTANT from Not Disclosed into database.
2022-10-19 00:14:26.675 +00:00 [INF] Updated/inserted Office Manager from Regency Recruitment and Resources Limited into database.
2022-10-19 00:14:26.826 +00:00 [INF] Updated/inserted Material Officer (Technical) from Massy Wood Group into database.
2022-10-19 00:14:26.976 +00:00 [INF] Updated/inserted Senior Human Resource Officer from Rahamut Enterprises Limited into database.
2022-10-19 00:14:27.145 +00:00 [INF] Updated/inserted Collections Customer Service Representative from JMMB Trinidad and Tobago into database.
2022-10-19 00:14:27.295 +00:00 [INF] Updated/inserted Senior Credit Officer from JMMB Trinidad and Tobago into database.
2022-10-19 00:14:27.448 +00:00 [INF] Updated/inserted Service Manager, ANSA Motors from ANSA McAL Group of Companies into database.
2022-10-19 00:14:28.184 +00:00 [INF] Finished fetching current posts successfully.
2022-10-19 00:20:31.678 +00:00 [DBG] Background job stopped.
2022-10-19 00:20:34.132 +00:00 [DBG] Background job started.
2022-10-19 00:21:02.931 +00:00 [DBG] Successfully parsed data for Senior Financial Advisor (Belize) from Glo Recruitment & HR.
2022-10-19 00:21:03.995 +00:00 [DBG] Successfully parsed data for Fleet Assistant Manager from Central Equipment Rentals Ltd.
2022-10-19 00:21:05.069 +00:00 [DBG] Successfully parsed data for Security Guard from Stages on the Avenue.
2022-10-19 00:21:06.194 +00:00 [DBG] Successfully parsed data for Accounts Trainee from Not Disclosed.
2022-10-19 00:21:07.415 +00:00 [DBG] Successfully parsed data for Line Cook from Stages on the Avenue.
2022-10-19 00:21:08.638 +00:00 [DBG] Successfully parsed data for Customer Service Representative from Not Disclosed.
2022-10-19 00:21:09.632 +00:00 [DBG] Successfully parsed data for Client Success Manager from Newtown Capital Group.
2022-10-19 00:21:10.586 +00:00 [DBG] Successfully parsed data for Sales Associate from The Sherwin-Williams Company.
2022-10-19 00:21:11.631 +00:00 [DBG] Successfully parsed data for Investment Manager from Newtown Capital Group.
2022-10-19 00:21:12.663 +00:00 [DBG] Successfully parsed data for Marketing Manager from Newtown Capital Group.
2022-10-19 00:21:13.630 +00:00 [DBG] Successfully parsed data for HR Assistant from iQor.
2022-10-19 00:21:14.491 +00:00 [DBG] Successfully parsed data for Underwriter I, TATIL Life Assurance Limited from ANSA McAL Group of Companies.
2022-10-19 00:21:15.581 +00:00 [DBG] Successfully parsed data for Sales Analyst from Eve Anderson Recruitment Ltd.
2022-10-19 00:21:16.574 +00:00 [DBG] Successfully parsed data for Accounts Clerk from Central Equipment Rentals Ltd.
2022-10-19 00:21:17.499 +00:00 [DBG] Successfully parsed data for Customs Clerk (Grade 1 & 2) from Agostini's.
2022-10-19 00:21:18.837 +00:00 [DBG] Successfully parsed data for Insurance Sales Representatives / Advisors from Guardian Group – Dexter George Unit.
2022-10-19 00:21:20.376 +00:00 [DBG] Successfully parsed data for Health, Safety and Environment Officer (Offshore) from NES Fircroft.
2022-10-19 00:21:22.143 +00:00 [DBG] Successfully parsed data for Cost Accountant from Trinidad and Tobago Postal Corporation Limited.
2022-10-19 00:21:23.027 +00:00 [DBG] Successfully parsed data for Forklift & Reach Lift Operators from Not Disclosed.
2022-10-19 00:21:24.162 +00:00 [DBG] Successfully parsed data for Process Engineer III from Atlantic LNG Company of Trinidad and Tobago.
2022-10-19 00:21:25.009 +00:00 [DBG] Successfully parsed data for Accounts Receivables Clerk from NES Fircroft.
2022-10-19 00:21:25.881 +00:00 [DBG] Successfully parsed data for Instrumentation Controls and Electrical (ICE) Engineer III from Atlantic LNG Company of Trinidad and Tobago.
2022-10-19 00:21:27.880 +00:00 [DBG] Successfully parsed data for Director of Programme Delivery (British Virgin Islands) from Virgin Islands Recovery & Development Agency.
2022-10-19 00:21:28.797 +00:00 [DBG] Successfully parsed data for ADMINISTRATIVE OFFICER (JUDICIAL) from Caribbean Court of Justice.
2022-10-19 00:21:30.007 +00:00 [DBG] Successfully parsed data for Sales Engineer - Fabric Maintenance from Tucker Energy Services Holdings Ltd..
2022-10-19 00:21:30.951 +00:00 [DBG] Successfully parsed data for Internal Auditor (British Virgin Islands) from Virgin Islands Recovery & Development Agency.
2022-10-19 00:21:31.951 +00:00 [DBG] Successfully parsed data for Junior Draughtsman from Western Scientific Company Ltd.
2022-10-19 00:21:32.965 +00:00 [DBG] Successfully parsed data for TEMPORARY MARKETING ASSISTANT from Mario’s Pizzeria Limited.
2022-10-19 00:21:33.910 +00:00 [DBG] Successfully parsed data for I.T. Developer Intern from Aegis Business Solutions Limited.
2022-10-19 00:21:34.830 +00:00 [DBG] Successfully parsed data for Administrative Assistant from Aegis Business Solutions Limited.
2022-10-19 00:21:35.796 +00:00 [DBG] Successfully parsed data for Security Administrator from Jo-Anne Mouttet & Associates.
2022-10-19 00:21:36.703 +00:00 [DBG] Successfully parsed data for Senior Legal Counsel from Angostura Limited.
2022-10-19 00:21:37.651 +00:00 [DBG] Successfully parsed data for Consultant to review Disaster Laws and Policies in overseas NL from International Federation of Red Cross & Red Cross & Red Cross Societies.
2022-10-19 00:21:39.122 +00:00 [DBG] Successfully parsed data for Merchandiser from Not Disclosed.
2022-10-19 00:21:40.162 +00:00 [DBG] Successfully parsed data for Corporate Sales Executive - Tobago from National Shoe and Occupational Solutions Limited - NATCO.
2022-10-19 00:21:41.160 +00:00 [DBG] Successfully parsed data for HR Coordinator from NES Fircroft.
2022-10-19 00:21:42.298 +00:00 [DBG] Successfully parsed data for Engineer I from e TecK.
2022-10-19 00:21:43.266 +00:00 [DBG] Successfully parsed data for Compliance Offcer from Not Disclosed.
2022-10-19 00:21:44.207 +00:00 [DBG] Successfully parsed data for Lead Business Counsel (Massy) from HRC Associates.
2022-10-19 00:21:45.097 +00:00 [DBG] Successfully parsed data for Health, Safety, Security & Environment Manager from Trinidad & Tobago National Petroleum Marketing Company Ltd.
2022-10-19 00:21:46.531 +00:00 [DBG] Successfully parsed data for JUNIOR ASSOCIATE from Sinanan Dass & Associates.
2022-10-19 00:21:47.385 +00:00 [DBG] Successfully parsed data for FIELD SALES MANAGER from Regal Products Limited.
2022-10-19 00:21:48.738 +00:00 [DBG] Successfully parsed data for Accounts Clerk from Modern Electrical Supplies Limited.
2022-10-19 00:21:49.615 +00:00 [DBG] Successfully parsed data for Machine Operator from Not Disclosed.
2022-10-19 00:21:50.506 +00:00 [DBG] Successfully parsed data for Manager of Operations from Not Disclosed.
2022-10-19 00:21:51.481 +00:00 [DBG] Successfully parsed data for INDUSTRIAL / CONSTRUCTION TOOL SALES REP. from Jo-Anne Mouttet & Associates.
2022-10-19 00:21:52.402 +00:00 [DBG] Successfully parsed data for Operations Admin- Accounts Payable from EY Caribbean.
2022-10-19 00:21:53.291 +00:00 [DBG] Successfully parsed data for SCM Team Leader from Massy Wood Group.
2022-10-19 00:21:54.202 +00:00 [DBG] Successfully parsed data for Paralegal from National Insurance Board (NIB).
2022-10-19 00:21:55.219 +00:00 [DBG] Successfully parsed data for SENIOR MANAGER, SHIPPING & BROKERAGE from Intercontinental Shipping Limited.
2022-10-19 00:21:56.023 +00:00 [DBG] Successfully parsed data for Accounts Supervisor from Aegis Business Solutions Limited.
2022-10-19 00:21:56.979 +00:00 [DBG] Successfully parsed data for Line Cook from Not Disclosed.
2022-10-19 00:21:58.051 +00:00 [DBG] Successfully parsed data for Head Chef from Not Disclosed.
2022-10-19 00:21:59.309 +00:00 [DBG] Successfully parsed data for Bartender from Not Disclosed.
2022-10-19 00:22:00.380 +00:00 [DBG] Successfully parsed data for CUSTOMER SERVICE SALES REPRESENTATIVE from TRINRICO Steel & Wire Products Limited.
2022-10-19 00:22:01.933 +00:00 [DBG] Successfully parsed data for Sales Representative, ANSA Motors from ANSA McAL Group of Companies.
2022-10-19 00:22:02.910 +00:00 [DBG] Successfully parsed data for Editor, Guardian Media Limited from ANSA McAL Group of Companies.
2022-10-19 00:22:03.917 +00:00 [DBG] Successfully parsed data for Executive Assistant - Office of the Corporate Secretariat from Angostura Limited.
2022-10-19 00:22:04.850 +00:00 [DBG] Successfully parsed data for Accounting Clerk from Regency Recruitment and Resources Limited.
2022-10-19 00:22:06.130 +00:00 [DBG] Successfully parsed data for Logistics & Costing Coordinator - Export and Administrative Assistant from Lange Trinidad Limited.
2022-10-19 00:22:07.105 +00:00 [DBG] Successfully parsed data for Project Supervisor - Construction from Eve Anderson Recruitment Ltd.
2022-10-19 00:22:08.028 +00:00 [DBG] Successfully parsed data for Digital IT Project Manager- Jamaica from Unicomer Regional (HC).
2022-10-19 00:22:09.331 +00:00 [DBG] Successfully parsed data for 1st Line Support Analyst-Bilingual English/Spanish from ESP.CO. UK. Ltd / ESP GLOBAL.
2022-10-19 00:22:10.175 +00:00 [DBG] Successfully parsed data for Accounts Clerk (Receivables) from Not Disclosed.
2022-10-19 00:22:11.107 +00:00 [DBG] Successfully parsed data for Compensation & Benefits Administrator from Not Disclosed.
2022-10-19 00:22:12.062 +00:00 [DBG] Successfully parsed data for Buyer from Massy Wood Group.
2022-10-19 00:22:13.041 +00:00 [DBG] Successfully parsed data for Structural Engineer II | Senior Structural Engineer | Structural Designer II | Senior Structural Designer from Massy Wood Group.
2022-10-19 00:22:14.051 +00:00 [DBG] Successfully parsed data for Recruiter (Temp) from Massy Wood Group.
2022-10-19 00:22:14.900 +00:00 [DBG] Successfully parsed data for Process Engineer III [Design] from Massy Wood Group.
2022-10-19 00:22:16.070 +00:00 [DBG] Successfully parsed data for IT Manager, Standard Distributors Limited from ANSA McAL Group of Companies.
2022-10-19 00:22:16.941 +00:00 [DBG] Successfully parsed data for HUMAN RESOURCES PROFESSIONAL from TRINRICO Steel & Wire Products Limited.
2022-10-19 00:22:17.850 +00:00 [DBG] Successfully parsed data for Customs Clerk 2, Standard Distributors Limited from ANSA McAL Group of Companies.
2022-10-19 00:22:18.724 +00:00 [DBG] Successfully parsed data for Credit Control Clerk from Agostini's.
2022-10-19 00:22:19.621 +00:00 [DBG] Successfully parsed data for IT Manager (Superpharm) from Agostini's.
2022-10-19 00:22:20.813 +00:00 [DBG] Successfully parsed data for Customs Clerk with Grade 2 Licence from Jo-Anne Mouttet & Associates.
2022-10-19 00:22:21.803 +00:00 [DBG] Successfully parsed data for TRAINING AND DEVELOPMENT COORDINATOR- (Guyana) from Correia Group of Companies-Trans Guyana Airways.
2022-10-19 00:22:22.781 +00:00 [DBG] Successfully parsed data for Associate Attorney at Law from Regency Recruitment and Resources Limited.
2022-10-19 00:22:23.796 +00:00 [DBG] Successfully parsed data for Service Desk Administrator from KPMG Caricom Business Services Limited.
2022-10-19 00:22:24.863 +00:00 [DBG] Successfully parsed data for Production Worker from Linda's Bakery.
2022-10-19 00:22:25.743 +00:00 [DBG] Successfully parsed data for Front of House Manager from Regency Recruitment and Resources Limited.
2022-10-19 00:22:26.601 +00:00 [DBG] Successfully parsed data for Field Sales Representative from Island Finance Ltd.
2022-10-19 00:22:27.531 +00:00 [DBG] Successfully parsed data for Operations Manager from NES Fircroft.
2022-10-19 00:22:28.866 +00:00 [DBG] Successfully parsed data for Temporary Internal Auditor from NATIONAL GENERAL INSURANCE CO. N.V..
2022-10-19 00:22:29.789 +00:00 [DBG] Successfully parsed data for Project Sales Engineer, ABS from ANSA McAL Group of Companies.
2022-10-19 00:22:30.839 +00:00 [DBG] Successfully parsed data for Assurance (Audit) Staff from EY Caribbean.
2022-10-19 00:22:31.767 +00:00 [DBG] Successfully parsed data for Head of Accounting and Reporting from Not Disclosed.
2022-10-19 00:22:33.485 +00:00 [DBG] Successfully parsed data for Instrumentation, Controls & Electrical Engineer, ABS from ANSA McAL Group of Companies.
2022-10-19 00:22:34.388 +00:00 [DBG] Successfully parsed data for Business Intelligence Manager - FMCG from NES Fircroft.
2022-10-19 00:22:35.260 +00:00 [DBG] Successfully parsed data for Technical Service Clerk from UNICOMER (Trinidad) Ltd.
2022-10-19 00:22:36.255 +00:00 [DBG] Successfully parsed data for Assistant Warehouse Manager - Outbound, SDL from ANSA McAL Group of Companies.
2022-10-19 00:22:37.374 +00:00 [DBG] Successfully parsed data for Digital Channel Manager, ANSA Bank from ANSA McAL Group of Companies.
2022-10-19 00:22:38.553 +00:00 [DBG] Successfully parsed data for Executive Director (UWI-ROYTEC) from HRC Associates.
2022-10-19 00:22:39.449 +00:00 [DBG] Successfully parsed data for Regional Social Media Agent from UNICOMER (Trinidad) Ltd.
2022-10-19 00:22:40.890 +00:00 [DBG] Successfully parsed data for SENIOR ACCOUNTANT from Not Disclosed.
2022-10-19 00:22:41.816 +00:00 [DBG] Successfully parsed data for Office Manager from Regency Recruitment and Resources Limited.
2022-10-19 00:22:44.121 +00:00 [DBG] Successfully parsed data for Material Officer (Technical) from Massy Wood Group.
2022-10-19 00:22:45.055 +00:00 [DBG] Successfully parsed data for Senior Human Resource Officer from Rahamut Enterprises Limited.
2022-10-19 00:22:45.930 +00:00 [DBG] Successfully parsed data for Collections Customer Service Representative from JMMB Trinidad and Tobago.
2022-10-19 00:22:47.176 +00:00 [DBG] Successfully parsed data for Senior Credit Officer from JMMB Trinidad and Tobago.
2022-10-19 00:22:48.031 +00:00 [DBG] Successfully parsed data for Service Manager, ANSA Motors from ANSA McAL Group of Companies.
2022-10-19 00:22:48.032 +00:00 [DBG] All job post data added to list successfully.
2022-10-19 00:22:48.317 +00:00 [INF] Updated/inserted Senior Financial Advisor (Belize) from Glo Recruitment & HR into database.
2022-10-19 00:22:48.472 +00:00 [INF] Updated/inserted Fleet Assistant Manager from Central Equipment Rentals Ltd into database.
2022-10-19 00:22:48.626 +00:00 [INF] Updated/inserted Security Guard from Stages on the Avenue into database.
2022-10-19 00:22:48.783 +00:00 [INF] Updated/inserted Accounts Trainee from Not Disclosed into database.
2022-10-19 00:22:48.938 +00:00 [INF] Updated/inserted Line Cook from Stages on the Avenue into database.
2022-10-19 00:22:49.096 +00:00 [INF] Updated/inserted Customer Service Representative from Not Disclosed into database.
2022-10-19 00:22:49.251 +00:00 [INF] Updated/inserted Client Success Manager from Newtown Capital Group into database.
2022-10-19 00:22:49.412 +00:00 [INF] Updated/inserted Sales Associate from The Sherwin-Williams Company into database.
2022-10-19 00:22:49.575 +00:00 [INF] Updated/inserted Investment Manager from Newtown Capital Group into database.
2022-10-19 00:22:49.730 +00:00 [INF] Updated/inserted Marketing Manager from Newtown Capital Group into database.
2022-10-19 00:22:49.885 +00:00 [INF] Updated/inserted HR Assistant from iQor into database.
2022-10-19 00:22:50.045 +00:00 [INF] Updated/inserted Underwriter I, TATIL Life Assurance Limited from ANSA McAL Group of Companies into database.
2022-10-19 00:22:50.200 +00:00 [INF] Updated/inserted Sales Analyst from Eve Anderson Recruitment Ltd into database.
2022-10-19 00:22:50.360 +00:00 [INF] Updated/inserted Accounts Clerk from Central Equipment Rentals Ltd into database.
2022-10-19 00:22:50.514 +00:00 [INF] Updated/inserted Customs Clerk (Grade 1 & 2) from Agostini's into database.
2022-10-19 00:22:50.667 +00:00 [INF] Updated/inserted Insurance Sales Representatives / Advisors from Guardian Group – Dexter George Unit into database.
2022-10-19 00:22:50.824 +00:00 [INF] Updated/inserted Health, Safety and Environment Officer (Offshore) from NES Fircroft into database.
2022-10-19 00:22:50.979 +00:00 [INF] Updated/inserted Cost Accountant from Trinidad and Tobago Postal Corporation Limited into database.
2022-10-19 00:22:51.135 +00:00 [INF] Updated/inserted Forklift & Reach Lift Operators from Not Disclosed into database.
2022-10-19 00:22:51.291 +00:00 [INF] Updated/inserted Process Engineer III from Atlantic LNG Company of Trinidad and Tobago into database.
2022-10-19 00:22:51.446 +00:00 [INF] Updated/inserted Accounts Receivables Clerk from NES Fircroft into database.
2022-10-19 00:22:51.600 +00:00 [INF] Updated/inserted Instrumentation Controls and Electrical (ICE) Engineer III from Atlantic LNG Company of Trinidad and Tobago into database.
2022-10-19 00:22:51.756 +00:00 [INF] Updated/inserted Director of Programme Delivery (British Virgin Islands) from Virgin Islands Recovery & Development Agency into database.
2022-10-19 00:22:51.912 +00:00 [INF] Updated/inserted ADMINISTRATIVE OFFICER (JUDICIAL) from Caribbean Court of Justice into database.
2022-10-19 00:22:52.073 +00:00 [INF] Updated/inserted Sales Engineer - Fabric Maintenance from Tucker Energy Services Holdings Ltd. into database.
2022-10-19 00:22:52.229 +00:00 [INF] Updated/inserted Internal Auditor (British Virgin Islands) from Virgin Islands Recovery & Development Agency into database.
2022-10-19 00:22:52.383 +00:00 [INF] Updated/inserted Junior Draughtsman from Western Scientific Company Ltd into database.
2022-10-19 00:22:52.537 +00:00 [INF] Updated/inserted TEMPORARY MARKETING ASSISTANT from Mario’s Pizzeria Limited into database.
2022-10-19 00:22:52.693 +00:00 [INF] Updated/inserted I.T. Developer Intern from Aegis Business Solutions Limited into database.
2022-10-19 00:22:52.849 +00:00 [INF] Updated/inserted Administrative Assistant from Aegis Business Solutions Limited into database.
2022-10-19 00:22:53.005 +00:00 [INF] Updated/inserted Security Administrator from Jo-Anne Mouttet & Associates into database.
2022-10-19 00:22:53.159 +00:00 [INF] Updated/inserted Senior Legal Counsel from Angostura Limited into database.
2022-10-19 00:22:53.313 +00:00 [INF] Updated/inserted Consultant to review Disaster Laws and Policies in overseas NL from International Federation of Red Cross & Red Cross & Red Cross Societies into database.
2022-10-19 00:22:53.467 +00:00 [INF] Updated/inserted Merchandiser from Not Disclosed into database.
2022-10-19 00:22:53.621 +00:00 [INF] Updated/inserted Corporate Sales Executive - Tobago from National Shoe and Occupational Solutions Limited - NATCO into database.
2022-10-19 00:22:53.775 +00:00 [INF] Updated/inserted HR Coordinator from NES Fircroft into database.
2022-10-19 00:22:53.930 +00:00 [INF] Updated/inserted Engineer I from e TecK into database.
2022-10-19 00:22:54.083 +00:00 [INF] Updated/inserted Compliance Offcer from Not Disclosed into database.
2022-10-19 00:22:54.237 +00:00 [INF] Updated/inserted Lead Business Counsel (Massy) from HRC Associates into database.
2022-10-19 00:22:54.390 +00:00 [INF] Updated/inserted Health, Safety, Security & Environment Manager from Trinidad & Tobago National Petroleum Marketing Company Ltd into database.
2022-10-19 00:22:54.543 +00:00 [INF] Updated/inserted JUNIOR ASSOCIATE from Sinanan Dass & Associates into database.
2022-10-19 00:22:54.696 +00:00 [INF] Updated/inserted FIELD SALES MANAGER from Regal Products Limited into database.
2022-10-19 00:22:54.849 +00:00 [INF] Updated/inserted Accounts Clerk from Modern Electrical Supplies Limited into database.
2022-10-19 00:22:55.003 +00:00 [INF] Updated/inserted Machine Operator from Not Disclosed into database.
2022-10-19 00:22:55.157 +00:00 [INF] Updated/inserted Manager of Operations from Not Disclosed into database.
2022-10-19 00:22:55.310 +00:00 [INF] Updated/inserted INDUSTRIAL / CONSTRUCTION TOOL SALES REP. from Jo-Anne Mouttet & Associates into database.
2022-10-19 00:22:55.464 +00:00 [INF] Updated/inserted Operations Admin- Accounts Payable from EY Caribbean into database.
2022-10-19 00:22:55.617 +00:00 [INF] Updated/inserted SCM Team Leader from Massy Wood Group into database.
2022-10-19 00:22:55.771 +00:00 [INF] Updated/inserted Paralegal from National Insurance Board (NIB) into database.
2022-10-19 00:22:55.925 +00:00 [INF] Updated/inserted SENIOR MANAGER, SHIPPING & BROKERAGE from Intercontinental Shipping Limited into database.
2022-10-19 00:22:56.085 +00:00 [INF] Updated/inserted Accounts Supervisor from Aegis Business Solutions Limited into database.
2022-10-19 00:22:56.240 +00:00 [INF] Updated/inserted Line Cook from Not Disclosed into database.
2022-10-19 00:22:56.393 +00:00 [INF] Updated/inserted Head Chef from Not Disclosed into database.
2022-10-19 00:22:56.546 +00:00 [INF] Updated/inserted Bartender from Not Disclosed into database.
2022-10-19 00:22:56.700 +00:00 [INF] Updated/inserted CUSTOMER SERVICE SALES REPRESENTATIVE from TRINRICO Steel & Wire Products Limited into database.
2022-10-19 00:22:56.853 +00:00 [INF] Updated/inserted Sales Representative, ANSA Motors from ANSA McAL Group of Companies into database.
2022-10-19 00:22:57.007 +00:00 [INF] Updated/inserted Editor, Guardian Media Limited from ANSA McAL Group of Companies into database.
2022-10-19 00:22:57.173 +00:00 [INF] Updated/inserted Executive Assistant - Office of the Corporate Secretariat from Angostura Limited into database.
2022-10-19 00:22:57.328 +00:00 [INF] Updated/inserted Accounting Clerk from Regency Recruitment and Resources Limited into database.
2022-10-19 00:22:57.485 +00:00 [INF] Updated/inserted Logistics & Costing Coordinator - Export and Administrative Assistant from Lange Trinidad Limited into database.
2022-10-19 00:22:57.638 +00:00 [INF] Updated/inserted Project Supervisor - Construction from Eve Anderson Recruitment Ltd into database.
2022-10-19 00:22:57.798 +00:00 [INF] Updated/inserted Digital IT Project Manager- Jamaica from Unicomer Regional (HC) into database.
2022-10-19 00:22:57.952 +00:00 [INF] Updated/inserted 1st Line Support Analyst-Bilingual English/Spanish from ESP.CO. UK. Ltd / ESP GLOBAL into database.
2022-10-19 00:22:58.107 +00:00 [INF] Updated/inserted Accounts Clerk (Receivables) from Not Disclosed into database.
2022-10-19 00:22:58.261 +00:00 [INF] Updated/inserted Compensation & Benefits Administrator from Not Disclosed into database.
2022-10-19 00:22:58.415 +00:00 [INF] Updated/inserted Buyer from Massy Wood Group into database.
2022-10-19 00:22:58.568 +00:00 [INF] Updated/inserted Structural Engineer II | Senior Structural Engineer | Structural Designer II | Senior Structural Designer from Massy Wood Group into database.
2022-10-19 00:22:58.722 +00:00 [INF] Updated/inserted Recruiter (Temp) from Massy Wood Group into database.
2022-10-19 00:22:58.875 +00:00 [INF] Updated/inserted Process Engineer III [Design] from Massy Wood Group into database.
2022-10-19 00:22:59.029 +00:00 [INF] Updated/inserted IT Manager, Standard Distributors Limited from ANSA McAL Group of Companies into database.
2022-10-19 00:22:59.183 +00:00 [INF] Updated/inserted HUMAN RESOURCES PROFESSIONAL from TRINRICO Steel & Wire Products Limited into database.
2022-10-19 00:22:59.336 +00:00 [INF] Updated/inserted Customs Clerk 2, Standard Distributors Limited from ANSA McAL Group of Companies into database.
2022-10-19 00:22:59.489 +00:00 [INF] Updated/inserted Credit Control Clerk from Agostini's into database.
2022-10-19 00:22:59.649 +00:00 [INF] Updated/inserted IT Manager (Superpharm) from Agostini's into database.
2022-10-19 00:22:59.809 +00:00 [INF] Updated/inserted Customs Clerk with Grade 2 Licence from Jo-Anne Mouttet & Associates into database.
2022-10-19 00:22:59.963 +00:00 [INF] Updated/inserted TRAINING AND DEVELOPMENT COORDINATOR- (Guyana) from Correia Group of Companies-Trans Guyana Airways into database.
2022-10-19 00:23:00.117 +00:00 [INF] Updated/inserted Associate Attorney at Law from Regency Recruitment and Resources Limited into database.
2022-10-19 00:23:00.272 +00:00 [INF] Updated/inserted Service Desk Administrator from KPMG Caricom Business Services Limited into database.
2022-10-19 00:23:00.427 +00:00 [INF] Updated/inserted Production Worker from Linda's Bakery into database.
2022-10-19 00:23:00.581 +00:00 [INF] Updated/inserted Front of House Manager from Regency Recruitment and Resources Limited into database.
2022-10-19 00:23:00.737 +00:00 [INF] Updated/inserted Field Sales Representative from Island Finance Ltd into database.
2022-10-19 00:23:00.890 +00:00 [INF] Updated/inserted Operations Manager from NES Fircroft into database.
2022-10-19 00:23:01.044 +00:00 [INF] Updated/inserted Temporary Internal Auditor from NATIONAL GENERAL INSURANCE CO. N.V. into database.
2022-10-19 00:23:01.198 +00:00 [INF] Updated/inserted Project Sales Engineer, ABS from ANSA McAL Group of Companies into database.
2022-10-19 00:23:01.353 +00:00 [INF] Updated/inserted Assurance (Audit) Staff from EY Caribbean into database.
2022-10-19 00:23:01.508 +00:00 [INF] Updated/inserted Head of Accounting and Reporting from Not Disclosed into database.
2022-10-19 00:23:01.662 +00:00 [INF] Updated/inserted Instrumentation, Controls & Electrical Engineer, ABS from ANSA McAL Group of Companies into database.
2022-10-19 00:23:01.816 +00:00 [INF] Updated/inserted Business Intelligence Manager - FMCG from NES Fircroft into database.
2022-10-19 00:23:01.970 +00:00 [INF] Updated/inserted Technical Service Clerk from UNICOMER (Trinidad) Ltd into database.
2022-10-19 00:23:02.124 +00:00 [INF] Updated/inserted Assistant Warehouse Manager - Outbound, SDL from ANSA McAL Group of Companies into database.
2022-10-19 00:23:02.279 +00:00 [INF] Updated/inserted Digital Channel Manager, ANSA Bank from ANSA McAL Group of Companies into database.
2022-10-19 00:23:02.433 +00:00 [INF] Updated/inserted Executive Director (UWI-ROYTEC) from HRC Associates into database.
2022-10-19 00:23:02.585 +00:00 [INF] Updated/inserted Regional Social Media Agent from UNICOMER (Trinidad) Ltd into database.
2022-10-19 00:23:02.739 +00:00 [INF] Updated/inserted SENIOR ACCOUNTANT from Not Disclosed into database.
2022-10-19 00:23:02.898 +00:00 [INF] Updated/inserted Office Manager from Regency Recruitment and Resources Limited into database.
2022-10-19 00:23:03.054 +00:00 [INF] Updated/inserted Material Officer (Technical) from Massy Wood Group into database.
2022-10-19 00:23:03.207 +00:00 [INF] Updated/inserted Senior Human Resource Officer from Rahamut Enterprises Limited into database.
2022-10-19 00:23:03.363 +00:00 [INF] Updated/inserted Collections Customer Service Representative from JMMB Trinidad and Tobago into database.
2022-10-19 00:23:03.517 +00:00 [INF] Updated/inserted Senior Credit Officer from JMMB Trinidad and Tobago into database.
2022-10-19 00:23:03.671 +00:00 [INF] Updated/inserted Service Manager, ANSA Motors from ANSA McAL Group of Companies into database.
2022-10-19 00:23:04.190 +00:00 [INF] Finished fetching current posts successfully.
2022-10-19 00:30:10.198 +00:00 [DBG] Background job stopped.
2022-10-19 00:30:11.784 +00:00 [DBG] Background job started.
2022-10-19 00:30:41.939 +00:00 [DBG] Successfully parsed data for ADMINISTRATIVE OFFICER (JUDICIAL) from Caribbean Court of Justice.
2022-10-19 00:30:43.668 +00:00 [DBG] Successfully parsed data for Fleet Assistant Manager from Central Equipment Rentals Ltd.
2022-10-19 00:30:44.781 +00:00 [DBG] Successfully parsed data for Security Guard from Stages on the Avenue.
2022-10-19 00:30:46.082 +00:00 [DBG] Successfully parsed data for Accounts Trainee from Not Disclosed.
2022-10-19 00:30:47.142 +00:00 [DBG] Successfully parsed data for Line Cook from Stages on the Avenue.
2022-10-19 00:30:48.365 +00:00 [DBG] Successfully parsed data for Customer Service Representative from Not Disclosed.
2022-10-19 00:30:49.340 +00:00 [DBG] Successfully parsed data for Client Success Manager from Newtown Capital Group.
2022-10-19 00:30:50.431 +00:00 [DBG] Successfully parsed data for Sales Associate from The Sherwin-Williams Company.
2022-10-19 00:30:51.694 +00:00 [DBG] Successfully parsed data for Investment Manager from Newtown Capital Group.
2022-10-19 00:30:52.770 +00:00 [DBG] Successfully parsed data for Marketing Manager from Newtown Capital Group.
2022-10-19 00:30:53.682 +00:00 [DBG] Successfully parsed data for HR Assistant from iQor.
2022-10-19 00:30:54.782 +00:00 [DBG] Successfully parsed data for Underwriter I, TATIL Life Assurance Limited from ANSA McAL Group of Companies.
2022-10-19 00:30:55.734 +00:00 [DBG] Successfully parsed data for Sales Analyst from Eve Anderson Recruitment Ltd.
2022-10-19 00:30:56.583 +00:00 [DBG] Successfully parsed data for Accounts Clerk from Central Equipment Rentals Ltd.
2022-10-19 00:30:57.667 +00:00 [DBG] Successfully parsed data for Customs Clerk (Grade 1 & 2) from Agostini's.
2022-10-19 00:30:59.071 +00:00 [DBG] Successfully parsed data for Insurance Sales Representatives / Advisors from Guardian Group – Dexter George Unit.
2022-10-19 00:30:59.999 +00:00 [DBG] Successfully parsed data for Health, Safety and Environment Officer (Offshore) from NES Fircroft.
2022-10-19 00:31:01.399 +00:00 [DBG] Successfully parsed data for Cost Accountant from Trinidad and Tobago Postal Corporation Limited.
2022-10-19 00:31:02.744 +00:00 [DBG] Successfully parsed data for Forklift & Reach Lift Operators from Not Disclosed.
2022-10-19 00:31:03.796 +00:00 [DBG] Successfully parsed data for Process Engineer III from Atlantic LNG Company of Trinidad and Tobago.
2022-10-19 00:31:04.725 +00:00 [DBG] Successfully parsed data for Accounts Receivables Clerk from NES Fircroft.
2022-10-19 00:31:05.650 +00:00 [DBG] Successfully parsed data for Instrumentation Controls and Electrical (ICE) Engineer III from Atlantic LNG Company of Trinidad and Tobago.
2022-10-19 00:31:06.512 +00:00 [DBG] Successfully parsed data for Director of Programme Delivery (British Virgin Islands) from Virgin Islands Recovery & Development Agency.
2022-10-19 00:31:07.539 +00:00 [DBG] Successfully parsed data for Sales Engineer - Fabric Maintenance from Tucker Energy Services Holdings Ltd..
2022-10-19 00:31:08.788 +00:00 [DBG] Successfully parsed data for Internal Auditor (British Virgin Islands) from Virgin Islands Recovery & Development Agency.
2022-10-19 00:31:09.672 +00:00 [DBG] Successfully parsed data for Junior Draughtsman from Western Scientific Company Ltd.
2022-10-19 00:31:10.679 +00:00 [DBG] Successfully parsed data for TEMPORARY MARKETING ASSISTANT from Mario’s Pizzeria Limited.
2022-10-19 00:31:11.725 +00:00 [DBG] Successfully parsed data for I.T. Developer Intern from Aegis Business Solutions Limited.
2022-10-19 00:31:12.612 +00:00 [DBG] Successfully parsed data for Administrative Assistant from Aegis Business Solutions Limited.
2022-10-19 00:31:14.223 +00:00 [DBG] Successfully parsed data for Security Administrator from Jo-Anne Mouttet & Associates.
2022-10-19 00:31:15.122 +00:00 [DBG] Successfully parsed data for Senior Legal Counsel from Angostura Limited.
2022-10-19 00:31:16.136 +00:00 [DBG] Successfully parsed data for Consultant to review Disaster Laws and Policies in overseas NL from International Federation of Red Cross & Red Cross & Red Cross Societies.
2022-10-19 00:31:17.108 +00:00 [DBG] Successfully parsed data for Merchandiser from Not Disclosed.
2022-10-19 00:31:18.212 +00:00 [DBG] Successfully parsed data for Corporate Sales Executive - Tobago from National Shoe and Occupational Solutions Limited - NATCO.
2022-10-19 00:31:19.166 +00:00 [DBG] Successfully parsed data for HR Coordinator from NES Fircroft.
2022-10-19 00:31:20.091 +00:00 [DBG] Successfully parsed data for Engineer I from e TecK.
2022-10-19 00:31:21.528 +00:00 [DBG] Successfully parsed data for Compliance Offcer from Not Disclosed.
2022-10-19 00:31:22.426 +00:00 [DBG] Successfully parsed data for Lead Business Counsel (Massy) from HRC Associates.
2022-10-19 00:31:23.292 +00:00 [DBG] Successfully parsed data for Health, Safety, Security & Environment Manager from Trinidad & Tobago National Petroleum Marketing Company Ltd.
2022-10-19 00:31:24.577 +00:00 [DBG] Successfully parsed data for JUNIOR ASSOCIATE from Sinanan Dass & Associates.
2022-10-19 00:31:25.419 +00:00 [DBG] Successfully parsed data for FIELD SALES MANAGER from Regal Products Limited.
2022-10-19 00:31:26.599 +00:00 [DBG] Successfully parsed data for Accounts Clerk from Modern Electrical Supplies Limited.
2022-10-19 00:31:27.493 +00:00 [DBG] Successfully parsed data for Machine Operator from Not Disclosed.
2022-10-19 00:31:28.542 +00:00 [DBG] Successfully parsed data for Manager of Operations from Not Disclosed.
2022-10-19 00:31:29.419 +00:00 [DBG] Successfully parsed data for INDUSTRIAL / CONSTRUCTION TOOL SALES REP. from Jo-Anne Mouttet & Associates.
2022-10-19 00:31:30.348 +00:00 [DBG] Successfully parsed data for Operations Admin- Accounts Payable from EY Caribbean.
2022-10-19 00:31:31.237 +00:00 [DBG] Successfully parsed data for SCM Team Leader from Massy Wood Group.
2022-10-19 00:31:32.240 +00:00 [DBG] Successfully parsed data for Paralegal from National Insurance Board (NIB).
2022-10-19 00:31:33.118 +00:00 [DBG] Successfully parsed data for SENIOR MANAGER, SHIPPING & BROKERAGE from Intercontinental Shipping Limited.
2022-10-19 00:31:33.963 +00:00 [DBG] Successfully parsed data for Accounts Supervisor from Aegis Business Solutions Limited.
2022-10-19 00:31:34.930 +00:00 [DBG] Successfully parsed data for Line Cook from Not Disclosed.
2022-10-19 00:31:35.957 +00:00 [DBG] Successfully parsed data for Head Chef from Not Disclosed.
2022-10-19 00:31:37.121 +00:00 [DBG] Successfully parsed data for Bartender from Not Disclosed.
2022-10-19 00:31:38.261 +00:00 [DBG] Successfully parsed data for CUSTOMER SERVICE SALES REPRESENTATIVE from TRINRICO Steel & Wire Products Limited.
2022-10-19 00:31:39.161 +00:00 [DBG] Successfully parsed data for Sales Representative, ANSA Motors from ANSA McAL Group of Companies.
2022-10-19 00:31:40.184 +00:00 [DBG] Successfully parsed data for Editor, Guardian Media Limited from ANSA McAL Group of Companies.
2022-10-19 00:31:41.274 +00:00 [DBG] Successfully parsed data for Executive Assistant - Office of the Corporate Secretariat from Angostura Limited.
2022-10-19 00:31:42.348 +00:00 [DBG] Successfully parsed data for Accounting Clerk from Regency Recruitment and Resources Limited.
2022-10-19 00:31:43.297 +00:00 [DBG] Successfully parsed data for Logistics & Costing Coordinator - Export and Administrative Assistant from Lange Trinidad Limited.
2022-10-19 00:31:44.203 +00:00 [DBG] Successfully parsed data for Project Supervisor - Construction from Eve Anderson Recruitment Ltd.
2022-10-19 00:31:46.418 +00:00 [DBG] Successfully parsed data for Digital IT Project Manager- Jamaica from Unicomer Regional (HC).
2022-10-19 00:31:47.430 +00:00 [DBG] Successfully parsed data for 1st Line Support Analyst-Bilingual English/Spanish from ESP.CO. UK. Ltd / ESP GLOBAL.
2022-10-19 00:31:48.308 +00:00 [DBG] Successfully parsed data for Accounts Clerk (Receivables) from Not Disclosed.
2022-10-19 00:31:49.175 +00:00 [DBG] Successfully parsed data for Compensation & Benefits Administrator from Not Disclosed.
2022-10-19 00:31:50.091 +00:00 [DBG] Successfully parsed data for Buyer from Massy Wood Group.
2022-10-19 00:31:50.942 +00:00 [DBG] Successfully parsed data for Structural Engineer II | Senior Structural Engineer | Structural Designer II | Senior Structural Designer from Massy Wood Group.
2022-10-19 00:31:53.499 +00:00 [DBG] Successfully parsed data for Recruiter (Temp) from Massy Wood Group.
2022-10-19 00:31:54.395 +00:00 [DBG] Successfully parsed data for Process Engineer III [Design] from Massy Wood Group.
2022-10-19 00:31:55.387 +00:00 [DBG] Successfully parsed data for IT Manager, Standard Distributors Limited from ANSA McAL Group of Companies.
2022-10-19 00:31:56.649 +00:00 [DBG] Successfully parsed data for HUMAN RESOURCES PROFESSIONAL from TRINRICO Steel & Wire Products Limited.
2022-10-19 00:31:57.772 +00:00 [DBG] Successfully parsed data for Customs Clerk 2, Standard Distributors Limited from ANSA McAL Group of Companies.
2022-10-19 00:31:58.676 +00:00 [DBG] Successfully parsed data for Credit Control Clerk from Agostini's.
2022-10-19 00:31:59.642 +00:00 [DBG] Successfully parsed data for IT Manager (Superpharm) from Agostini's.
2022-10-19 00:32:00.605 +00:00 [DBG] Successfully parsed data for Customs Clerk with Grade 2 Licence from Jo-Anne Mouttet & Associates.
2022-10-19 00:32:01.538 +00:00 [DBG] Successfully parsed data for TRAINING AND DEVELOPMENT COORDINATOR- (Guyana) from Correia Group of Companies-Trans Guyana Airways.
2022-10-19 00:32:02.485 +00:00 [DBG] Successfully parsed data for Associate Attorney at Law from Regency Recruitment and Resources Limited.
2022-10-19 00:32:03.962 +00:00 [DBG] Successfully parsed data for Service Desk Administrator from KPMG Caricom Business Services Limited.
2022-10-19 00:32:04.799 +00:00 [DBG] Successfully parsed data for Production Worker from Linda's Bakery.
2022-10-19 00:32:05.706 +00:00 [DBG] Successfully parsed data for Front of House Manager from Regency Recruitment and Resources Limited.
2022-10-19 00:32:06.742 +00:00 [DBG] Successfully parsed data for Field Sales Representative from Island Finance Ltd.
2022-10-19 00:32:07.653 +00:00 [DBG] Successfully parsed data for Operations Manager from NES Fircroft.
2022-10-19 00:32:11.593 +00:00 [DBG] Successfully parsed data for Temporary Internal Auditor from NATIONAL GENERAL INSURANCE CO. N.V..
2022-10-19 00:32:12.503 +00:00 [DBG] Successfully parsed data for Senior Financial Advisor (Belize) from Glo Recruitment & HR.
2022-10-19 00:32:13.400 +00:00 [DBG] Successfully parsed data for Project Sales Engineer, ABS from ANSA McAL Group of Companies.
2022-10-19 00:32:14.316 +00:00 [DBG] Successfully parsed data for Assurance (Audit) Staff from EY Caribbean.
2022-10-19 00:32:15.293 +00:00 [DBG] Successfully parsed data for Head of Accounting and Reporting from Not Disclosed.
2022-10-19 00:32:16.190 +00:00 [DBG] Successfully parsed data for Instrumentation, Controls & Electrical Engineer, ABS from ANSA McAL Group of Companies.
2022-10-19 00:32:17.121 +00:00 [DBG] Successfully parsed data for Business Intelligence Manager - FMCG from NES Fircroft.
2022-10-19 00:32:18.031 +00:00 [DBG] Successfully parsed data for Technical Service Clerk from UNICOMER (Trinidad) Ltd.
2022-10-19 00:32:18.982 +00:00 [DBG] Successfully parsed data for Assistant Warehouse Manager - Outbound, SDL from ANSA McAL Group of Companies.
2022-10-19 00:32:19.884 +00:00 [DBG] Successfully parsed data for Digital Channel Manager, ANSA Bank from ANSA McAL Group of Companies.
2022-10-19 00:32:20.859 +00:00 [DBG] Successfully parsed data for Executive Director (UWI-ROYTEC) from HRC Associates.
2022-10-19 00:32:21.727 +00:00 [DBG] Successfully parsed data for Regional Social Media Agent from UNICOMER (Trinidad) Ltd.
2022-10-19 00:32:22.654 +00:00 [DBG] Successfully parsed data for SENIOR ACCOUNTANT from Not Disclosed.
2022-10-19 00:32:23.655 +00:00 [DBG] Successfully parsed data for Office Manager from Regency Recruitment and Resources Limited.
2022-10-19 00:32:24.924 +00:00 [DBG] Successfully parsed data for Material Officer (Technical) from Massy Wood Group.
2022-10-19 00:32:25.838 +00:00 [DBG] Successfully parsed data for Senior Human Resource Officer from Rahamut Enterprises Limited.
2022-10-19 00:32:26.735 +00:00 [DBG] Successfully parsed data for Collections Customer Service Representative from JMMB Trinidad and Tobago.
2022-10-19 00:32:28.006 +00:00 [DBG] Successfully parsed data for Senior Credit Officer from JMMB Trinidad and Tobago.
2022-10-19 00:32:29.029 +00:00 [DBG] Successfully parsed data for Service Manager, ANSA Motors from ANSA McAL Group of Companies.
2022-10-19 00:32:29.029 +00:00 [DBG] All job post data added to list successfully.
2022-10-19 00:32:29.426 +00:00 [INF] Updated/inserted ADMINISTRATIVE OFFICER (JUDICIAL) from Caribbean Court of Justice into database.
2022-10-19 00:32:29.578 +00:00 [INF] Updated/inserted Fleet Assistant Manager from Central Equipment Rentals Ltd into database.
2022-10-19 00:32:29.731 +00:00 [INF] Updated/inserted Security Guard from Stages on the Avenue into database.
2022-10-19 00:32:29.882 +00:00 [INF] Updated/inserted Accounts Trainee from Not Disclosed into database.
2022-10-19 00:32:30.059 +00:00 [INF] Updated/inserted Line Cook from Stages on the Avenue into database.
2022-10-19 00:32:30.208 +00:00 [INF] Updated/inserted Customer Service Representative from Not Disclosed into database.
2022-10-19 00:32:30.360 +00:00 [INF] Updated/inserted Client Success Manager from Newtown Capital Group into database.
2022-10-19 00:32:30.511 +00:00 [INF] Updated/inserted Sales Associate from The Sherwin-Williams Company into database.
2022-10-19 00:32:30.665 +00:00 [INF] Updated/inserted Investment Manager from Newtown Capital Group into database.
2022-10-19 00:32:30.819 +00:00 [INF] Updated/inserted Marketing Manager from Newtown Capital Group into database.
2022-10-19 00:32:30.971 +00:00 [INF] Updated/inserted HR Assistant from iQor into database.
2022-10-19 00:32:31.130 +00:00 [INF] Updated/inserted Underwriter I, TATIL Life Assurance Limited from ANSA McAL Group of Companies into database.
2022-10-19 00:32:31.281 +00:00 [INF] Updated/inserted Sales Analyst from Eve Anderson Recruitment Ltd into database.
2022-10-19 00:32:31.436 +00:00 [INF] Updated/inserted Accounts Clerk from Central Equipment Rentals Ltd into database.
2022-10-19 00:32:31.586 +00:00 [INF] Updated/inserted Customs Clerk (Grade 1 & 2) from Agostini's into database.
2022-10-19 00:32:31.735 +00:00 [INF] Updated/inserted Insurance Sales Representatives / Advisors from Guardian Group – Dexter George Unit into database.
2022-10-19 00:32:31.886 +00:00 [INF] Updated/inserted Health, Safety and Environment Officer (Offshore) from NES Fircroft into database.
2022-10-19 00:32:32.036 +00:00 [INF] Updated/inserted Cost Accountant from Trinidad and Tobago Postal Corporation Limited into database.
2022-10-19 00:32:32.186 +00:00 [INF] Updated/inserted Forklift & Reach Lift Operators from Not Disclosed into database.
2022-10-19 00:32:32.336 +00:00 [INF] Updated/inserted Process Engineer III from Atlantic LNG Company of Trinidad and Tobago into database.
2022-10-19 00:32:32.486 +00:00 [INF] Updated/inserted Accounts Receivables Clerk from NES Fircroft into database.
2022-10-19 00:32:32.636 +00:00 [INF] Updated/inserted Instrumentation Controls and Electrical (ICE) Engineer III from Atlantic LNG Company of Trinidad and Tobago into database.
2022-10-19 00:32:32.790 +00:00 [INF] Updated/inserted Director of Programme Delivery (British Virgin Islands) from Virgin Islands Recovery & Development Agency into database.
2022-10-19 00:32:32.940 +00:00 [INF] Updated/inserted Sales Engineer - Fabric Maintenance from Tucker Energy Services Holdings Ltd. into database.
2022-10-19 00:32:33.089 +00:00 [INF] Updated/inserted Internal Auditor (British Virgin Islands) from Virgin Islands Recovery & Development Agency into database.
2022-10-19 00:32:33.239 +00:00 [INF] Updated/inserted Junior Draughtsman from Western Scientific Company Ltd into database.
2022-10-19 00:32:33.389 +00:00 [INF] Updated/inserted TEMPORARY MARKETING ASSISTANT from Mario’s Pizzeria Limited into database.
2022-10-19 00:32:33.541 +00:00 [INF] Updated/inserted I.T. Developer Intern from Aegis Business Solutions Limited into database.
2022-10-19 00:32:33.692 +00:00 [INF] Updated/inserted Administrative Assistant from Aegis Business Solutions Limited into database.
2022-10-19 00:32:33.842 +00:00 [INF] Updated/inserted Security Administrator from Jo-Anne Mouttet & Associates into database.
2022-10-19 00:32:33.993 +00:00 [INF] Updated/inserted Senior Legal Counsel from Angostura Limited into database.
2022-10-19 00:32:34.144 +00:00 [INF] Updated/inserted Consultant to review Disaster Laws and Policies in overseas NL from International Federation of Red Cross & Red Cross & Red Cross Societies into database.
2022-10-19 00:32:34.297 +00:00 [INF] Updated/inserted Merchandiser from Not Disclosed into database.
2022-10-19 00:32:34.447 +00:00 [INF] Updated/inserted Corporate Sales Executive - Tobago from National Shoe and Occupational Solutions Limited - NATCO into database.
2022-10-19 00:32:34.601 +00:00 [INF] Updated/inserted HR Coordinator from NES Fircroft into database.
2022-10-19 00:32:34.751 +00:00 [INF] Updated/inserted Engineer I from e TecK into database.
2022-10-19 00:32:34.902 +00:00 [INF] Updated/inserted Compliance Offcer from Not Disclosed into database.
2022-10-19 00:32:35.051 +00:00 [INF] Updated/inserted Lead Business Counsel (Massy) from HRC Associates into database.
2022-10-19 00:32:35.201 +00:00 [INF] Updated/inserted Health, Safety, Security & Environment Manager from Trinidad & Tobago National Petroleum Marketing Company Ltd into database.
2022-10-19 00:32:35.352 +00:00 [INF] Updated/inserted JUNIOR ASSOCIATE from Sinanan Dass & Associates into database.
2022-10-19 00:32:35.503 +00:00 [INF] Updated/inserted FIELD SALES MANAGER from Regal Products Limited into database.
2022-10-19 00:32:35.653 +00:00 [INF] Updated/inserted Accounts Clerk from Modern Electrical Supplies Limited into database.
2022-10-19 00:32:35.802 +00:00 [INF] Updated/inserted Machine Operator from Not Disclosed into database.
2022-10-19 00:32:35.952 +00:00 [INF] Updated/inserted Manager of Operations from Not Disclosed into database.
2022-10-19 00:32:36.113 +00:00 [INF] Updated/inserted INDUSTRIAL / CONSTRUCTION TOOL SALES REP. from Jo-Anne Mouttet & Associates into database.
2022-10-19 00:32:36.264 +00:00 [INF] Updated/inserted Operations Admin- Accounts Payable from EY Caribbean into database.
2022-10-19 00:32:36.415 +00:00 [INF] Updated/inserted SCM Team Leader from Massy Wood Group into database.
2022-10-19 00:32:36.564 +00:00 [INF] Updated/inserted Paralegal from National Insurance Board (NIB) into database.
2022-10-19 00:32:36.716 +00:00 [INF] Updated/inserted SENIOR MANAGER, SHIPPING & BROKERAGE from Intercontinental Shipping Limited into database.
2022-10-19 00:32:36.867 +00:00 [INF] Updated/inserted Accounts Supervisor from Aegis Business Solutions Limited into database.
2022-10-19 00:32:37.017 +00:00 [INF] Updated/inserted Line Cook from Not Disclosed into database.
2022-10-19 00:32:37.173 +00:00 [INF] Updated/inserted Head Chef from Not Disclosed into database.
2022-10-19 00:32:37.322 +00:00 [INF] Updated/inserted Bartender from Not Disclosed into database.
2022-10-19 00:32:37.473 +00:00 [INF] Updated/inserted CUSTOMER SERVICE SALES REPRESENTATIVE from TRINRICO Steel & Wire Products Limited into database.
2022-10-19 00:32:37.626 +00:00 [INF] Updated/inserted Sales Representative, ANSA Motors from ANSA McAL Group of Companies into database.
2022-10-19 00:32:37.776 +00:00 [INF] Updated/inserted Editor, Guardian Media Limited from ANSA McAL Group of Companies into database.
2022-10-19 00:32:37.929 +00:00 [INF] Updated/inserted Executive Assistant - Office of the Corporate Secretariat from Angostura Limited into database.
2022-10-19 00:32:38.088 +00:00 [INF] Updated/inserted Accounting Clerk from Regency Recruitment and Resources Limited into database.
2022-10-19 00:32:38.238 +00:00 [INF] Updated/inserted Logistics & Costing Coordinator - Export and Administrative Assistant from Lange Trinidad Limited into database.
2022-10-19 00:32:38.390 +00:00 [INF] Updated/inserted Project Supervisor - Construction from Eve Anderson Recruitment Ltd into database.
2022-10-19 00:32:38.585 +00:00 [INF] Updated/inserted Digital IT Project Manager- Jamaica from Unicomer Regional (HC) into database.
2022-10-19 00:32:38.767 +00:00 [INF] Updated/inserted 1st Line Support Analyst-Bilingual English/Spanish from ESP.CO. UK. Ltd / ESP GLOBAL into database.
2022-10-19 00:32:38.918 +00:00 [INF] Updated/inserted Accounts Clerk (Receivables) from Not Disclosed into database.
2022-10-19 00:32:39.067 +00:00 [INF] Updated/inserted Compensation & Benefits Administrator from Not Disclosed into database.
2022-10-19 00:32:39.230 +00:00 [INF] Updated/inserted Buyer from Massy Wood Group into database.
2022-10-19 00:32:39.381 +00:00 [INF] Updated/inserted Structural Engineer II | Senior Structural Engineer | Structural Designer II | Senior Structural Designer from Massy Wood Group into database.
2022-10-19 00:32:39.531 +00:00 [INF] Updated/inserted Recruiter (Temp) from Massy Wood Group into database.
2022-10-19 00:32:39.681 +00:00 [INF] Updated/inserted Process Engineer III [Design] from Massy Wood Group into database.
2022-10-19 00:32:39.831 +00:00 [INF] Updated/inserted IT Manager, Standard Distributors Limited from ANSA McAL Group of Companies into database.
2022-10-19 00:32:39.981 +00:00 [INF] Updated/inserted HUMAN RESOURCES PROFESSIONAL from TRINRICO Steel & Wire Products Limited into database.
2022-10-19 00:32:40.130 +00:00 [INF] Updated/inserted Customs Clerk 2, Standard Distributors Limited from ANSA McAL Group of Companies into database.
2022-10-19 00:32:40.281 +00:00 [INF] Updated/inserted Credit Control Clerk from Agostini's into database.
2022-10-19 00:32:40.430 +00:00 [INF] Updated/inserted IT Manager (Superpharm) from Agostini's into database.
2022-10-19 00:32:40.584 +00:00 [INF] Updated/inserted Customs Clerk with Grade 2 Licence from Jo-Anne Mouttet & Associates into database.
2022-10-19 00:32:40.745 +00:00 [INF] Updated/inserted TRAINING AND DEVELOPMENT COORDINATOR- (Guyana) from Correia Group of Companies-Trans Guyana Airways into database.
2022-10-19 00:32:40.894 +00:00 [INF] Updated/inserted Associate Attorney at Law from Regency Recruitment and Resources Limited into database.
2022-10-19 00:32:41.044 +00:00 [INF] Updated/inserted Service Desk Administrator from KPMG Caricom Business Services Limited into database.
2022-10-19 00:32:41.193 +00:00 [INF] Updated/inserted Production Worker from Linda's Bakery into database.
2022-10-19 00:32:41.349 +00:00 [INF] Updated/inserted Front of House Manager from Regency Recruitment and Resources Limited into database.
2022-10-19 00:32:41.502 +00:00 [INF] Updated/inserted Field Sales Representative from Island Finance Ltd into database.
2022-10-19 00:32:41.652 +00:00 [INF] Updated/inserted Operations Manager from NES Fircroft into database.
2022-10-19 00:32:41.802 +00:00 [INF] Updated/inserted Temporary Internal Auditor from NATIONAL GENERAL INSURANCE CO. N.V. into database.
2022-10-19 00:32:41.951 +00:00 [INF] Updated/inserted Senior Financial Advisor (Belize) from Glo Recruitment & HR into database.
2022-10-19 00:32:42.101 +00:00 [INF] Updated/inserted Project Sales Engineer, ABS from ANSA McAL Group of Companies into database.
2022-10-19 00:32:42.251 +00:00 [INF] Updated/inserted Assurance (Audit) Staff from EY Caribbean into database.
2022-10-19 00:32:42.402 +00:00 [INF] Updated/inserted Head of Accounting and Reporting from Not Disclosed into database.
2022-10-19 00:32:42.551 +00:00 [INF] Updated/inserted Instrumentation, Controls & Electrical Engineer, ABS from ANSA McAL Group of Companies into database.
2022-10-19 00:32:42.700 +00:00 [INF] Updated/inserted Business Intelligence Manager - FMCG from NES Fircroft into database.
2022-10-19 00:32:42.857 +00:00 [INF] Updated/inserted Technical Service Clerk from UNICOMER (Trinidad) Ltd into database.
2022-10-19 00:32:43.006 +00:00 [INF] Updated/inserted Assistant Warehouse Manager - Outbound, SDL from ANSA McAL Group of Companies into database.
2022-10-19 00:32:43.155 +00:00 [INF] Updated/inserted Digital Channel Manager, ANSA Bank from ANSA McAL Group of Companies into database.
2022-10-19 00:32:43.304 +00:00 [INF] Updated/inserted Executive Director (UWI-ROYTEC) from HRC Associates into database.
2022-10-19 00:32:43.458 +00:00 [INF] Updated/inserted Regional Social Media Agent from UNICOMER (Trinidad) Ltd into database.
2022-10-19 00:32:43.606 +00:00 [INF] Updated/inserted SENIOR ACCOUNTANT from Not Disclosed into database.
2022-10-19 00:32:43.757 +00:00 [INF] Updated/inserted Office Manager from Regency Recruitment and Resources Limited into database.
2022-10-19 00:32:43.907 +00:00 [INF] Updated/inserted Material Officer (Technical) from Massy Wood Group into database.
2022-10-19 00:32:44.058 +00:00 [INF] Updated/inserted Senior Human Resource Officer from Rahamut Enterprises Limited into database.
2022-10-19 00:32:44.208 +00:00 [INF] Updated/inserted Collections Customer Service Representative from JMMB Trinidad and Tobago into database.
2022-10-19 00:32:44.359 +00:00 [INF] Updated/inserted Senior Credit Officer from JMMB Trinidad and Tobago into database.
2022-10-19 00:32:44.509 +00:00 [INF] Updated/inserted Service Manager, ANSA Motors from ANSA McAL Group of Companies into database.
2022-10-19 00:32:44.999 +00:00 [INF] Finished fetching current posts successfully.
