2022-09-25 01:39:31.310 +00:00 [DBG] Successfully parsed data for Quantity Surveyor from Not Disclosed.
2022-09-25 01:39:32.333 +00:00 [DBG] Successfully parsed data for Bar Tender/Cashier from J-ZZ'S International Steak House Ltd.
2022-09-25 01:39:33.753 +00:00 [DBG] Successfully parsed data for MEDICAL ATTENDANT from Southern Medical Services Company Limited.
2022-09-25 01:39:34.682 +00:00 [DBG] Successfully parsed data for Inventory Analyst from Not Disclosed.
2022-09-25 01:39:35.616 +00:00 [DBG] Successfully parsed data for Systems Administrator from NIPDEC.
2022-09-25 01:39:36.505 +00:00 [DBG] Successfully parsed data for Senior Instrumentation & Controls Engineer - Design from Massy Wood Group.
2022-09-25 01:39:37.466 +00:00 [DBG] Successfully parsed data for WEB DESIGNER from Hugh Wooding Law School.
2022-09-25 01:39:38.436 +00:00 [DBG] Successfully parsed data for Receptionist Oil and Gas from Eve Anderson Recruitment Ltd.
2022-09-25 01:39:39.329 +00:00 [DBG] Successfully parsed data for Sales Representative from Not Disclosed.
2022-09-25 01:39:40.201 +00:00 [DBG] Successfully parsed data for CSR from Not Disclosed.
2022-09-25 01:39:41.178 +00:00 [DBG] Successfully parsed data for Senior Communications Associate (Contract for Services) from The Children's Authority of Trinidad & Tobago.
2022-09-25 01:39:42.140 +00:00 [DBG] Successfully parsed data for Volunteer Programme Coordinator from The Children's Authority of Trinidad & Tobago.
2022-09-25 01:39:43.168 +00:00 [DBG] Successfully parsed data for Customer Service Representative - Seasonal from iQor.
2022-09-25 01:39:44.032 +00:00 [DBG] Successfully parsed data for Reporting Supervisor from iQor.
2022-09-25 01:39:45.119 +00:00 [DBG] Successfully parsed data for Sales & Marketing Representative from RecruitmentXperts Ltd.
2022-09-25 01:39:46.112 +00:00 [DBG] Successfully parsed data for Accounts Clerk - Reconciliation from Productive Business Solutions (PBS).
2022-09-25 01:39:47.540 +00:00 [DBG] Successfully parsed data for General Manager, Couva Shopping Complex from Hyacinth Guy Human Resource Company.
2022-09-25 01:39:48.463 +00:00 [DBG] Successfully parsed data for Monitoring and Evaluation Specialist from Hyacinth Guy Human Resource Company.
2022-09-25 01:39:49.441 +00:00 [DBG] Successfully parsed data for Driver (6 month contract, Shift) from RecruitmentXperts Ltd.
2022-09-25 01:39:51.228 +00:00 [DBG] Successfully parsed data for Assistant General Manager from Regency Recruitment and Resources Limited.
2022-09-25 01:39:52.978 +00:00 [DBG] Successfully parsed data for Car Park Attendant from Southern Medical Services Company Limited.
2022-09-25 01:39:54.102 +00:00 [DBG] Successfully parsed data for Quantity Surveyor/ Technician from Not Disclosed.
2022-09-25 01:39:55.218 +00:00 [DBG] Successfully parsed data for Senior Analyst - Sales Forecasting from S.M. Jaleel & Company Limited.
2022-09-25 01:39:56.261 +00:00 [DBG] Successfully parsed data for Accounts Supervisor from Aegis Business Solutions Limited.
2022-09-25 01:39:57.235 +00:00 [DBG] Successfully parsed data for Process Engineer II from Massy Wood Group.
2022-09-25 01:39:58.516 +00:00 [DBG] Successfully parsed data for COMMUNICATION STUDIES TEACHER from Bishop Anstey High School East & Trinity College East.
2022-09-25 01:39:59.666 +00:00 [DBG] Successfully parsed data for Project Delivery Lead - Secondment from Massy Wood Group.
2022-09-25 01:40:00.958 +00:00 [DBG] Successfully parsed data for Project Delivery Lead from Massy Wood Group.
2022-09-25 01:40:01.937 +00:00 [DBG] Successfully parsed data for Business Operations Assistant II from Eve Anderson Recruitment Ltd.
2022-09-25 01:40:02.951 +00:00 [DBG] Successfully parsed data for Internal Auditor from National Flour Mills Limited.
2022-09-25 01:40:03.922 +00:00 [DBG] Successfully parsed data for Group IFRS Compliance Manager from ANSA McAL Group of Companies.
2022-09-25 01:40:04.942 +00:00 [DBG] Successfully parsed data for GRAPHIC ARTIST from Eastman & Associates.
2022-09-25 01:40:06.025 +00:00 [DBG] Successfully parsed data for Collection Officer from NES Fircroft.
2022-09-25 01:40:07.007 +00:00 [DBG] Successfully parsed data for Marketing and Sales Officer from Not Disclosed.
2022-09-25 01:40:08.204 +00:00 [DBG] Successfully parsed data for Performance Analyst from Phoenix Park Gas Processors Limited.
2022-09-25 01:40:09.181 +00:00 [DBG] Successfully parsed data for Manager - Deal Advisory from KPMG Caricom Business Services Limited.
2022-09-25 01:40:10.105 +00:00 [DBG] Successfully parsed data for Tax Manager from KPMG Caricom Business Services Limited.
2022-09-25 01:40:11.843 +00:00 [DBG] Successfully parsed data for Sales Associate from PSCU Credit Union Co-operative Society Limited.
2022-09-25 01:40:12.855 +00:00 [DBG] Successfully parsed data for PRINCIPAL, SPECIAL EDUCATION from RecruitmentXperts Ltd.
2022-09-25 01:40:14.166 +00:00 [DBG] Successfully parsed data for Account Executive from Regency Recruitment and Resources Limited.
2022-09-25 01:40:15.276 +00:00 [DBG] Successfully parsed data for Instrumentation & Controls Engineer II from Massy Wood Group.
2022-09-25 01:40:16.353 +00:00 [DBG] Successfully parsed data for Senior Electrical Engineer - Design from Massy Wood Group.
2022-09-25 01:40:17.240 +00:00 [DBG] Successfully parsed data for Accounting Assistant from The Dachin Group of Companies.
2022-09-25 01:40:18.213 +00:00 [DBG] Successfully parsed data for Trade Marketing Assistant from Kaleidoscope Paints Limited.
2022-09-25 01:40:19.541 +00:00 [DBG] Successfully parsed data for Laboratory Shift Supervisor from Kenson Group of Companies.
2022-09-25 01:40:20.520 +00:00 [DBG] Successfully parsed data for Laboratory Technician from Kenson Group of Companies.
2022-09-25 01:40:21.518 +00:00 [DBG] Successfully parsed data for HSSE Manager from GCG Trinidad.
2022-09-25 01:40:22.439 +00:00 [DBG] Successfully parsed data for CEDI- Sales & Operations Manager from Ramco Industries Limited.
2022-09-25 01:40:24.298 +00:00 [DBG] Successfully parsed data for Legal Services Manager from S.M. Jaleel & Company Limited.
2022-09-25 01:40:25.641 +00:00 [DBG] Successfully parsed data for Operations Analyst from National Flour Mills Limited.
2022-09-25 01:40:26.546 +00:00 [DBG] Successfully parsed data for Tractor Driver from Not Disclosed.
2022-09-25 01:40:27.606 +00:00 [DBG] Successfully parsed data for Retail Associate from Digicel.
2022-09-25 01:40:28.673 +00:00 [DBG] Successfully parsed data for Account Executive from Digicel.
2022-09-25 01:40:29.707 +00:00 [DBG] Successfully parsed data for Accounting Assistant from The Maritime Financial Group.
2022-09-25 01:40:31.633 +00:00 [DBG] Successfully parsed data for FASHION MARKETING ASSISTANT from Ecliff Elie Limited.
2022-09-25 01:40:32.522 +00:00 [DBG] Successfully parsed data for Branch Supervisor from J & K Signature Styles.
2022-09-25 01:40:33.518 +00:00 [DBG] Successfully parsed data for Senior Technical Support Professional from Amplia Communications Limited.
2022-09-25 01:40:34.458 +00:00 [DBG] Successfully parsed data for Accountant from Not Disclosed.
2022-09-25 01:40:35.458 +00:00 [DBG] Successfully parsed data for Finance Intern from CGA Limited.
2022-09-25 01:40:36.387 +00:00 [DBG] Successfully parsed data for Country Ecommerce Officer from UNICOMER (Trinidad) Ltd.
2022-09-25 01:40:37.361 +00:00 [DBG] Successfully parsed data for TECHNICIAN from Not Disclosed.
2022-09-25 01:40:38.531 +00:00 [DBG] Successfully parsed data for Customer Service Representative from Not Disclosed.
2022-09-25 01:40:39.597 +00:00 [DBG] Successfully parsed data for Project Coordinator from Associated Brands Industries Ltd.
2022-09-25 01:40:40.723 +00:00 [DBG] Successfully parsed data for Maintenance Planning Assistant from Associated Brands Industries Ltd.
2022-09-25 01:40:41.709 +00:00 [DBG] Successfully parsed data for DISPATCHER/PORTER from Not Disclosed.
2022-09-25 01:40:42.614 +00:00 [DBG] Successfully parsed data for Merchandiser from Not Disclosed.
2022-09-25 01:40:44.235 +00:00 [DBG] Successfully parsed data for Senior Customs Manager from Not Disclosed.
2022-09-25 01:40:45.132 +00:00 [DBG] Successfully parsed data for RESEARCH OFFICER from North Central Regional Health Authority.
2022-09-25 01:40:46.024 +00:00 [DBG] Successfully parsed data for EXECUTIVE SECRETARY from North Central Regional Health Authority.
2022-09-25 01:40:46.936 +00:00 [DBG] Successfully parsed data for MANAGER, LEGAL from North Central Regional Health Authority.
2022-09-25 01:40:47.842 +00:00 [DBG] Successfully parsed data for ELECTRICAL ENGINEER I from North Central Regional Health Authority.
2022-09-25 01:40:49.115 +00:00 [DBG] Successfully parsed data for Corporate Services Administrator from Regency Recruitment and Resources Limited.
2022-09-25 01:40:50.321 +00:00 [DBG] Successfully parsed data for Store Supervisor (Courts) from UNICOMER (Trinidad) Ltd.
2022-09-25 01:40:51.298 +00:00 [DBG] Successfully parsed data for Optometrist from UNICOMER (Trinidad) Ltd.
2022-09-25 01:40:52.734 +00:00 [DBG] Successfully parsed data for Fulfillment Planner from UNICOMER (Trinidad) Ltd.
2022-09-25 01:40:53.631 +00:00 [DBG] Successfully parsed data for Customer Service Sales Representative from iQor.
2022-09-25 01:40:54.600 +00:00 [DBG] Successfully parsed data for Senior Financial Advisor (Belize) from Glo Recruitment & HR.
2022-09-25 01:40:55.642 +00:00 [DBG] Successfully parsed data for Finance Manager, Standard Distributors Limited from ANSA McAL Group of Companies.
2022-09-25 01:40:56.856 +00:00 [DBG] Successfully parsed data for Buyer, Standard Distributors Limited from ANSA McAL Group of Companies.
2022-09-25 01:40:57.739 +00:00 [DBG] Successfully parsed data for Senior Procurement Officer from Electrical Industries Group Ltd (EIG).
2022-09-25 01:40:58.659 +00:00 [DBG] Successfully parsed data for Enrolled Nursing Assistant - Pool from Not Disclosed.
2022-09-25 01:40:59.599 +00:00 [DBG] Successfully parsed data for Health Care Sector Lead from Not Disclosed.
2022-09-25 01:41:00.558 +00:00 [DBG] Successfully parsed data for Claims Technician from Not Disclosed.
2022-09-25 01:41:01.645 +00:00 [DBG] Successfully parsed data for Bilingual-IT Desktop Support Technician from ESP.CO. UK. Ltd / ESP GLOBAL.
2022-09-25 01:41:02.691 +00:00 [DBG] Successfully parsed data for Draughting Technician from Delta Window and Doors.
2022-09-25 01:41:03.732 +00:00 [DBG] Successfully parsed data for Part Qualified Accountant from Actavo.
2022-09-25 01:41:05.059 +00:00 [DBG] Successfully parsed data for Group IT Cloud Engineer from Digicel.
2022-09-25 01:41:06.104 +00:00 [DBG] Successfully parsed data for IT Security Specialist (Trinidad) from Caribbean Airlines Limited.
2022-09-25 01:41:07.033 +00:00 [DBG] Successfully parsed data for Manager - Managed Services & Major Projects from Productive Business Solutions (PBS).
2022-09-25 01:41:08.078 +00:00 [DBG] Successfully parsed data for Mechanical Engineer II - Downstream Oil & Gas from NES Fircroft.
2022-09-25 01:41:09.008 +00:00 [DBG] Successfully parsed data for Corporate Trainer from Regency Recruitment and Resources Limited.
2022-09-25 01:41:09.908 +00:00 [DBG] Successfully parsed data for Facilities Coordinator, Standard Distributors Limited from ANSA McAL Group of Companies.
2022-09-25 01:41:10.989 +00:00 [DBG] Successfully parsed data for Account Executive, Carib Glassworks Limited from ANSA McAL Group of Companies.
2022-09-25 01:41:12.713 +00:00 [DBG] Successfully parsed data for Project Assistant- Production from Aegis Business Solutions Limited.
2022-09-25 01:41:13.662 +00:00 [DBG] Successfully parsed data for Community Engagement Intern- Facebook and Tiktok from Aegis Business Solutions Limited.
2022-09-25 01:41:14.777 +00:00 [DBG] Successfully parsed data for Marketing Coordinator from Aegis Business Solutions Limited.
2022-09-25 01:41:15.778 +00:00 [DBG] Successfully parsed data for Network Technician from Regency Recruitment and Resources Limited.
2022-09-25 01:41:16.691 +00:00 [DBG] Successfully parsed data for Legal Advisor from Radiant Law.
2022-09-25 01:41:17.655 +00:00 [DBG] Successfully parsed data for Senior Project Manager from Fujitsu Caribbean.
2022-09-25 01:41:18.612 +00:00 [DBG] Successfully parsed data for SALES REPRESENTATIVE from Not Disclosed.
2022-09-25 01:41:18.613 +00:00 [DBG] All job post data added to list successfully.
2022-09-25 01:41:19.456 +00:00 [INF] Updated/inserted Quantity Surveyor from Not Disclosed into database.
2022-09-25 01:41:19.552 +00:00 [INF] Updated/inserted Bar Tender/Cashier from J-ZZ'S International Steak House Ltd into database.
2022-09-25 01:41:19.745 +00:00 [INF] Updated/inserted MEDICAL ATTENDANT from Southern Medical Services Company Limited into database.
2022-09-25 01:41:19.939 +00:00 [INF] Updated/inserted Inventory Analyst from Not Disclosed into database.
2022-09-25 01:41:20.132 +00:00 [INF] Updated/inserted Systems Administrator from NIPDEC into database.
2022-09-25 01:41:20.334 +00:00 [INF] Updated/inserted Senior Instrumentation & Controls Engineer - Design from Massy Wood Group into database.
2022-09-25 01:41:20.527 +00:00 [INF] Updated/inserted WEB DESIGNER from Hugh Wooding Law School into database.
2022-09-25 01:41:20.719 +00:00 [INF] Updated/inserted Receptionist Oil and Gas from Eve Anderson Recruitment Ltd into database.
2022-09-25 01:41:20.914 +00:00 [INF] Updated/inserted Sales Representative from Not Disclosed into database.
2022-09-25 01:41:21.107 +00:00 [INF] Updated/inserted CSR from Not Disclosed into database.
2022-09-25 01:41:21.300 +00:00 [INF] Updated/inserted Senior Communications Associate (Contract for Services) from The Children's Authority of Trinidad & Tobago into database.
2022-09-25 01:41:21.492 +00:00 [INF] Updated/inserted Volunteer Programme Coordinator from The Children's Authority of Trinidad & Tobago into database.
2022-09-25 01:41:21.684 +00:00 [INF] Updated/inserted Customer Service Representative - Seasonal from iQor into database.
2022-09-25 01:41:21.878 +00:00 [INF] Updated/inserted Reporting Supervisor from iQor into database.
2022-09-25 01:41:22.073 +00:00 [INF] Updated/inserted Sales & Marketing Representative from RecruitmentXperts Ltd into database.
2022-09-25 01:41:22.266 +00:00 [INF] Updated/inserted Accounts Clerk - Reconciliation from Productive Business Solutions (PBS) into database.
2022-09-25 01:41:22.461 +00:00 [INF] Updated/inserted General Manager, Couva Shopping Complex from Hyacinth Guy Human Resource Company into database.
2022-09-25 01:41:22.654 +00:00 [INF] Updated/inserted Monitoring and Evaluation Specialist from Hyacinth Guy Human Resource Company into database.
2022-09-25 01:41:22.846 +00:00 [INF] Updated/inserted Driver (6 month contract, Shift) from RecruitmentXperts Ltd into database.
2022-09-25 01:41:23.038 +00:00 [INF] Updated/inserted Assistant General Manager from Regency Recruitment and Resources Limited into database.
2022-09-25 01:41:23.231 +00:00 [INF] Updated/inserted Car Park Attendant from Southern Medical Services Company Limited into database.
2022-09-25 01:41:23.424 +00:00 [INF] Updated/inserted Quantity Surveyor/ Technician from Not Disclosed into database.
2022-09-25 01:41:23.617 +00:00 [INF] Updated/inserted Senior Analyst - Sales Forecasting from S.M. Jaleel & Company Limited into database.
2022-09-25 01:41:23.809 +00:00 [INF] Updated/inserted Accounts Supervisor from Aegis Business Solutions Limited into database.
2022-09-25 01:41:24.001 +00:00 [INF] Updated/inserted Process Engineer II from Massy Wood Group into database.
2022-09-25 01:41:24.202 +00:00 [INF] Updated/inserted COMMUNICATION STUDIES TEACHER from Bishop Anstey High School East & Trinity College East into database.
2022-09-25 01:41:24.395 +00:00 [INF] Updated/inserted Project Delivery Lead - Secondment from Massy Wood Group into database.
2022-09-25 01:41:24.588 +00:00 [INF] Updated/inserted Project Delivery Lead from Massy Wood Group into database.
2022-09-25 01:41:24.780 +00:00 [INF] Updated/inserted Business Operations Assistant II from Eve Anderson Recruitment Ltd into database.
2022-09-25 01:41:24.973 +00:00 [INF] Updated/inserted Internal Auditor from National Flour Mills Limited into database.
2022-09-25 01:41:25.166 +00:00 [INF] Updated/inserted Group IFRS Compliance Manager from ANSA McAL Group of Companies into database.
2022-09-25 01:41:25.358 +00:00 [INF] Updated/inserted GRAPHIC ARTIST from Eastman & Associates into database.
2022-09-25 01:41:25.552 +00:00 [INF] Updated/inserted Collection Officer from NES Fircroft into database.
2022-09-25 01:41:25.743 +00:00 [INF] Updated/inserted Marketing and Sales Officer from Not Disclosed into database.
2022-09-25 01:41:25.936 +00:00 [INF] Updated/inserted Performance Analyst from Phoenix Park Gas Processors Limited into database.
2022-09-25 01:41:26.128 +00:00 [INF] Updated/inserted Manager - Deal Advisory from KPMG Caricom Business Services Limited into database.
2022-09-25 01:41:26.321 +00:00 [INF] Updated/inserted Tax Manager from KPMG Caricom Business Services Limited into database.
2022-09-25 01:41:26.514 +00:00 [INF] Updated/inserted Sales Associate from PSCU Credit Union Co-operative Society Limited into database.
2022-09-25 01:41:26.707 +00:00 [INF] Updated/inserted PRINCIPAL, SPECIAL EDUCATION from RecruitmentXperts Ltd into database.
2022-09-25 01:41:26.900 +00:00 [INF] Updated/inserted Account Executive from Regency Recruitment and Resources Limited into database.
2022-09-25 01:41:27.092 +00:00 [INF] Updated/inserted Instrumentation & Controls Engineer II from Massy Wood Group into database.
2022-09-25 01:41:27.284 +00:00 [INF] Updated/inserted Senior Electrical Engineer - Design from Massy Wood Group into database.
2022-09-25 01:41:27.478 +00:00 [INF] Updated/inserted Accounting Assistant from The Dachin Group of Companies into database.
2022-09-25 01:41:27.670 +00:00 [INF] Updated/inserted Trade Marketing Assistant from Kaleidoscope Paints Limited into database.
2022-09-25 01:41:27.862 +00:00 [INF] Updated/inserted Laboratory Shift Supervisor from Kenson Group of Companies into database.
2022-09-25 01:41:28.055 +00:00 [INF] Updated/inserted Laboratory Technician from Kenson Group of Companies into database.
2022-09-25 01:41:28.248 +00:00 [INF] Updated/inserted HSSE Manager from GCG Trinidad into database.
2022-09-25 01:41:28.441 +00:00 [INF] Updated/inserted CEDI- Sales & Operations Manager from Ramco Industries Limited into database.
2022-09-25 01:41:28.634 +00:00 [INF] Updated/inserted Legal Services Manager from S.M. Jaleel & Company Limited into database.
2022-09-25 01:41:28.826 +00:00 [INF] Updated/inserted Operations Analyst from National Flour Mills Limited into database.
2022-09-25 01:41:29.018 +00:00 [INF] Updated/inserted Tractor Driver from Not Disclosed into database.
2022-09-25 01:41:29.212 +00:00 [INF] Updated/inserted Retail Associate from Digicel into database.
2022-09-25 01:41:29.405 +00:00 [INF] Updated/inserted Account Executive from Digicel into database.
2022-09-25 01:41:29.598 +00:00 [INF] Updated/inserted Accounting Assistant from The Maritime Financial Group into database.
2022-09-25 01:41:29.790 +00:00 [INF] Updated/inserted FASHION MARKETING ASSISTANT from Ecliff Elie Limited into database.
2022-09-25 01:41:29.983 +00:00 [INF] Updated/inserted Branch Supervisor from J & K Signature Styles into database.
2022-09-25 01:41:30.176 +00:00 [INF] Updated/inserted Senior Technical Support Professional from Amplia Communications Limited into database.
2022-09-25 01:41:30.369 +00:00 [INF] Updated/inserted Accountant from Not Disclosed into database.
2022-09-25 01:41:30.562 +00:00 [INF] Updated/inserted Finance Intern from CGA Limited into database.
2022-09-25 01:41:30.753 +00:00 [INF] Updated/inserted Country Ecommerce Officer from UNICOMER (Trinidad) Ltd into database.
2022-09-25 01:41:30.947 +00:00 [INF] Updated/inserted TECHNICIAN from Not Disclosed into database.
2022-09-25 01:41:31.138 +00:00 [INF] Updated/inserted Customer Service Representative from Not Disclosed into database.
2022-09-25 01:41:31.331 +00:00 [INF] Updated/inserted Project Coordinator from Associated Brands Industries Ltd into database.
2022-09-25 01:41:31.528 +00:00 [INF] Updated/inserted Maintenance Planning Assistant from Associated Brands Industries Ltd into database.
2022-09-25 01:41:31.720 +00:00 [INF] Updated/inserted DISPATCHER/PORTER from Not Disclosed into database.
2022-09-25 01:41:31.913 +00:00 [INF] Updated/inserted Merchandiser from Not Disclosed into database.
2022-09-25 01:41:32.105 +00:00 [INF] Updated/inserted Senior Customs Manager from Not Disclosed into database.
2022-09-25 01:41:32.297 +00:00 [INF] Updated/inserted RESEARCH OFFICER from North Central Regional Health Authority into database.
2022-09-25 01:41:32.489 +00:00 [INF] Updated/inserted EXECUTIVE SECRETARY from North Central Regional Health Authority into database.
2022-09-25 01:41:32.682 +00:00 [INF] Updated/inserted MANAGER, LEGAL from North Central Regional Health Authority into database.
2022-09-25 01:41:32.875 +00:00 [INF] Updated/inserted ELECTRICAL ENGINEER I from North Central Regional Health Authority into database.
2022-09-25 01:41:33.067 +00:00 [INF] Updated/inserted Corporate Services Administrator from Regency Recruitment and Resources Limited into database.
2022-09-25 01:41:33.260 +00:00 [INF] Updated/inserted Store Supervisor (Courts) from UNICOMER (Trinidad) Ltd into database.
2022-09-25 01:41:33.453 +00:00 [INF] Updated/inserted Optometrist from UNICOMER (Trinidad) Ltd into database.
2022-09-25 01:41:33.645 +00:00 [INF] Updated/inserted Fulfillment Planner from UNICOMER (Trinidad) Ltd into database.
2022-09-25 01:41:33.838 +00:00 [INF] Updated/inserted Customer Service Sales Representative from iQor into database.
2022-09-25 01:41:34.032 +00:00 [INF] Updated/inserted Senior Financial Advisor (Belize) from Glo Recruitment & HR into database.
2022-09-25 01:41:34.225 +00:00 [INF] Updated/inserted Finance Manager, Standard Distributors Limited from ANSA McAL Group of Companies into database.
2022-09-25 01:41:34.417 +00:00 [INF] Updated/inserted Buyer, Standard Distributors Limited from ANSA McAL Group of Companies into database.
2022-09-25 01:41:34.611 +00:00 [INF] Updated/inserted Senior Procurement Officer from Electrical Industries Group Ltd (EIG) into database.
2022-09-25 01:41:34.805 +00:00 [INF] Updated/inserted Enrolled Nursing Assistant - Pool from Not Disclosed into database.
2022-09-25 01:41:34.998 +00:00 [INF] Updated/inserted Health Care Sector Lead from Not Disclosed into database.
2022-09-25 01:41:35.191 +00:00 [INF] Updated/inserted Claims Technician from Not Disclosed into database.
2022-09-25 01:41:35.383 +00:00 [INF] Updated/inserted Bilingual-IT Desktop Support Technician from ESP.CO. UK. Ltd / ESP GLOBAL into database.
2022-09-25 01:41:35.575 +00:00 [INF] Updated/inserted Draughting Technician from Delta Window and Doors into database.
2022-09-25 01:41:35.768 +00:00 [INF] Updated/inserted Part Qualified Accountant from Actavo into database.
2022-09-25 01:41:35.962 +00:00 [INF] Updated/inserted Group IT Cloud Engineer from Digicel into database.
2022-09-25 01:41:36.154 +00:00 [INF] Updated/inserted IT Security Specialist (Trinidad) from Caribbean Airlines Limited into database.
2022-09-25 01:41:36.347 +00:00 [INF] Updated/inserted Manager - Managed Services & Major Projects from Productive Business Solutions (PBS) into database.
2022-09-25 01:41:36.541 +00:00 [INF] Updated/inserted Mechanical Engineer II - Downstream Oil & Gas from NES Fircroft into database.
2022-09-25 01:41:36.734 +00:00 [INF] Updated/inserted Corporate Trainer from Regency Recruitment and Resources Limited into database.
2022-09-25 01:41:36.925 +00:00 [INF] Updated/inserted Facilities Coordinator, Standard Distributors Limited from ANSA McAL Group of Companies into database.
2022-09-25 01:41:37.117 +00:00 [INF] Updated/inserted Account Executive, Carib Glassworks Limited from ANSA McAL Group of Companies into database.
2022-09-25 01:41:37.310 +00:00 [INF] Updated/inserted Project Assistant- Production from Aegis Business Solutions Limited into database.
2022-09-25 01:41:37.504 +00:00 [INF] Updated/inserted Community Engagement Intern- Facebook and Tiktok from Aegis Business Solutions Limited into database.
2022-09-25 01:41:37.699 +00:00 [INF] Updated/inserted Marketing Coordinator from Aegis Business Solutions Limited into database.
2022-09-25 01:41:37.892 +00:00 [INF] Updated/inserted Network Technician from Regency Recruitment and Resources Limited into database.
2022-09-25 01:41:38.086 +00:00 [INF] Updated/inserted Legal Advisor from Radiant Law into database.
2022-09-25 01:41:38.278 +00:00 [INF] Updated/inserted Senior Project Manager from Fujitsu Caribbean into database.
2022-09-25 01:41:38.471 +00:00 [INF] Updated/inserted SALES REPRESENTATIVE from Not Disclosed into database.
2022-09-25 01:41:39.040 +00:00 [INF] Finished fetching current posts successfully.
