2022-10-01 01:39:14.257 +00:00 [DBG] Successfully parsed data for Senior Financial Advisor (Belize) from Glo Recruitment & HR.
2022-10-01 01:39:15.212 +00:00 [DBG] Successfully parsed data for Inventory Analyst from Not Disclosed.
2022-10-01 01:39:16.210 +00:00 [DBG] Successfully parsed data for Strategy Analyst (Intern) from Agostini's.
2022-10-01 01:39:17.183 +00:00 [DBG] Successfully parsed data for Warehouse and Distribution Manager from Not Disclosed.
2022-10-01 01:39:18.452 +00:00 [DBG] Successfully parsed data for Client Services Supervisor from Not Disclosed.
2022-10-01 01:39:19.404 +00:00 [DBG] Successfully parsed data for Legal Assistant from Regency Recruitment and Resources Limited.
2022-10-01 01:39:20.507 +00:00 [DBG] Successfully parsed data for Business Security Officer from Republic Bank Limited.
2022-10-01 01:39:21.419 +00:00 [DBG] Successfully parsed data for Customs Clerk (Grade 1 & 2) from Not Disclosed.
2022-10-01 01:39:22.450 +00:00 [DBG] Successfully parsed data for Sales Account Executive (Telesales) - TRINIDAD from CaribbeanJobs.com.
2022-10-01 01:39:23.865 +00:00 [DBG] Successfully parsed data for Insurance Sales Representatives / Advisors from Guardian Group – Dexter George Unit.
2022-10-01 01:39:24.881 +00:00 [DBG] Successfully parsed data for Senior Dealer- Treasury, ANSA Merchant Bank Limited from ANSA McAL Group of Companies.
2022-10-01 01:39:25.886 +00:00 [DBG] Successfully parsed data for Pastry Cook from Safran Patisserie Ltd.
2022-10-01 01:39:26.884 +00:00 [DBG] Successfully parsed data for AIR TRAFFIC CONTROL (ATC) TRAINEE from Trinidad & Tobago Civil Aviation Authority.
2022-10-01 01:39:27.901 +00:00 [DBG] Successfully parsed data for Executive Manager, Marketing from HRC Associates.
2022-10-01 01:39:28.937 +00:00 [DBG] Successfully parsed data for Marketing Supervisor from IGT Latin America Corporation.
2022-10-01 01:39:29.913 +00:00 [DBG] Successfully parsed data for Customer Service Representative, Berger Paints Jamaica Limited from ANSA McAL Group of Companies.
2022-10-01 01:39:31.024 +00:00 [DBG] Successfully parsed data for Marketing and Sales Officer from Not Disclosed.
2022-10-01 01:39:31.992 +00:00 [DBG] Successfully parsed data for Purchasing & Logistics Clerk from Western Scientific Company Ltd.
2022-10-01 01:39:32.996 +00:00 [DBG] Successfully parsed data for Scientific Laboratory Specialist from Western Scientific Company Ltd.
2022-10-01 01:39:34.099 +00:00 [DBG] Successfully parsed data for Accounting Assistant from Scott & Ahloy Limited.
2022-10-01 01:39:35.183 +00:00 [DBG] Successfully parsed data for Merchandiser from Not Disclosed.
2022-10-01 01:39:36.174 +00:00 [DBG] Successfully parsed data for DISPATCHER/PORTER from Not Disclosed.
2022-10-01 01:39:37.214 +00:00 [DBG] Successfully parsed data for CSR from Not Disclosed.
2022-10-01 01:39:38.200 +00:00 [DBG] Successfully parsed data for Inventory Analyst from GCG Trinidad.
2022-10-01 01:39:39.183 +00:00 [DBG] Successfully parsed data for PRODUCTION SHIFT MANAGER from Not Disclosed.
2022-10-01 01:39:40.165 +00:00 [DBG] Successfully parsed data for Sales Representative from Not Disclosed.
2022-10-01 01:39:41.300 +00:00 [DBG] Successfully parsed data for Front of House Staff from Stages on the Avenue.
2022-10-01 01:39:42.262 +00:00 [DBG] Successfully parsed data for Psychologist from The Children's Authority of Trinidad & Tobago.
2022-10-01 01:39:43.185 +00:00 [DBG] Successfully parsed data for Bartender from Stages on the Avenue.
2022-10-01 01:39:44.348 +00:00 [DBG] Successfully parsed data for Operations Manager from Newtown Capital Group.
2022-10-01 01:39:45.421 +00:00 [DBG] Successfully parsed data for Business Developer from Newtown Capital Group.
2022-10-01 01:39:46.350 +00:00 [DBG] Successfully parsed data for ETL Developer (RBL) from HRC Associates.
2022-10-01 01:39:47.301 +00:00 [DBG] Successfully parsed data for Communications Engineer (RBL) from HRC Associates.
2022-10-01 01:39:48.314 +00:00 [DBG] Successfully parsed data for Assistant Accountant from Regency Recruitment and Resources Limited.
2022-10-01 01:39:49.320 +00:00 [DBG] Successfully parsed data for Chief Architect (RBL) from HRC Associates.
2022-10-01 01:39:50.279 +00:00 [DBG] Successfully parsed data for Network Administrator, Network Administrator II, and Network Analyst (RBL) from HRC Associates.
2022-10-01 01:39:51.198 +00:00 [DBG] Successfully parsed data for Production Assistant from Newtown Capital Group.
2022-10-01 01:39:52.186 +00:00 [DBG] Successfully parsed data for BI Analyst, BI Architect, and BI Developer (RBL) from HRC Associates.
2022-10-01 01:39:53.143 +00:00 [DBG] Successfully parsed data for Manager Legal Services and Corporate Secretary from Eastman & Associates.
2022-10-01 01:39:54.252 +00:00 [DBG] Successfully parsed data for Recruitment Expert from Regency Recruitment and Resources Limited.
2022-10-01 01:39:55.231 +00:00 [DBG] Successfully parsed data for Import Export Officer from Regency Recruitment and Resources Limited.
2022-10-01 01:39:56.695 +00:00 [DBG] Successfully parsed data for Manager, Research, Strategy & Marketing from Eastman & Associates.
2022-10-01 01:39:57.662 +00:00 [DBG] Successfully parsed data for Senior Brownfield Project Engineer from NES Fircroft.
2022-10-01 01:39:58.629 +00:00 [DBG] Successfully parsed data for RECOVERIES OFFICER from Tranquillity Credit Union.
2022-10-01 01:39:59.571 +00:00 [DBG] Successfully parsed data for Technical Solutions Specialist from Telecommunications Services of Trinidad and Tobago Limited.
2022-10-01 01:40:00.599 +00:00 [DBG] Successfully parsed data for MANAGER - INTERNAL AUDITOR from Eastman & Associates.
2022-10-01 01:40:01.553 +00:00 [DBG] Successfully parsed data for Manager, Investment and Business Development from Eastman & Associates.
2022-10-01 01:40:02.635 +00:00 [DBG] Successfully parsed data for Senior Account Executive from Eve Anderson Recruitment Ltd.
2022-10-01 01:40:03.645 +00:00 [DBG] Successfully parsed data for Sr. Laboratory Technician from Nutrien (formerly PCS Nitrogen Trinidad Limited).
2022-10-01 01:40:04.690 +00:00 [DBG] Successfully parsed data for Administrative Support Officer from Dairy Distributors Limited.
2022-10-01 01:40:05.800 +00:00 [DBG] Successfully parsed data for Medical Laboratory Technician from Southern Medical Services Company Limited.
2022-10-01 01:40:06.859 +00:00 [DBG] Successfully parsed data for LEAD AUTOMOTIVE TECHNICIAN from Rahamut Enterprises Limited.
2022-10-01 01:40:08.093 +00:00 [DBG] Successfully parsed data for Registered Nurse from Southern Medical Services Company Limited.
2022-10-01 01:40:09.222 +00:00 [DBG] Successfully parsed data for Electrical Technician from National Flour Mills Limited.
2022-10-01 01:40:10.217 +00:00 [DBG] Successfully parsed data for Accounts Supervisor from Aegis Business Solutions Limited.
2022-10-01 01:40:11.356 +00:00 [DBG] Successfully parsed data for Accounts Administrator -Billing & Inventory from Dairy Distributors Limited.
2022-10-01 01:40:12.286 +00:00 [DBG] Successfully parsed data for Maintenance & Engineering Manager, CCPSL from ANSA McAL Group of Companies.
2022-10-01 01:40:13.312 +00:00 [DBG] Successfully parsed data for Head of Quality, ABS from ANSA McAL Group of Companies.
2022-10-01 01:40:14.695 +00:00 [DBG] Successfully parsed data for Branch Sales Representative from Island Finance Ltd.
2022-10-01 01:40:16.007 +00:00 [DBG] Successfully parsed data for Branch Sales Representative from Island Finance Ltd.
2022-10-01 01:40:16.967 +00:00 [DBG] Successfully parsed data for Production Manager, Caribbean Clay Processing Services Limited from ANSA McAL Group of Companies.
2022-10-01 01:40:18.034 +00:00 [DBG] Successfully parsed data for Business Consulting Professionals from EY Caribbean.
2022-10-01 01:40:19.008 +00:00 [DBG] Successfully parsed data for Service Advisor, ANSA Motors from ANSA McAL Group of Companies.
2022-10-01 01:40:19.893 +00:00 [DBG] Successfully parsed data for Analyst Programmer II Innovation and Technology from Guardian Group.
2022-10-01 01:40:20.878 +00:00 [DBG] Successfully parsed data for IT Change Management Coordinator from Guardian Group.
2022-10-01 01:40:25.258 +00:00 [DBG] Successfully parsed data for Manager Deals Management from Guardian Group.
2022-10-01 01:40:26.183 +00:00 [DBG] Successfully parsed data for FACILITIES TECHNICIAN III from Kapok Hotel.
2022-10-01 01:40:27.094 +00:00 [DBG] Successfully parsed data for Data Preparedness Officer SC-8 (Caribbean Multi-Country Office) from United Nations World Food Programme.
2022-10-01 01:40:28.111 +00:00 [DBG] Successfully parsed data for Auditing Assistant (Internal Audit) from Public Transport Service Corporation of Trinidad and Tobago.
2022-10-01 01:40:29.087 +00:00 [DBG] Successfully parsed data for RELIEF SPANISH TEACHER from Bishop Anstey High School East & Trinity College East.
2022-10-01 01:40:30.094 +00:00 [DBG] Successfully parsed data for Technical Officer- Partnerships & Resource Development from International Federation of Red Cross & Red Cross & Red Cross Societies.
2022-10-01 01:40:31.042 +00:00 [DBG] Successfully parsed data for Network Engineer from Productive Business Solutions (PBS).
2022-10-01 01:40:31.978 +00:00 [DBG] Successfully parsed data for Commercial Business Officer from Urban Development Corporation of Trinidad & Tobago (UDeCOTT) Ltd.
2022-10-01 01:40:32.992 +00:00 [DBG] Successfully parsed data for Golang Developer - Remote Work / Ref. 0138E from BairesDev.
2022-10-01 01:40:33.891 +00:00 [DBG] Successfully parsed data for QA Analyst Senior - Remote Work / Ref. 0027E from BairesDev.
2022-10-01 01:40:34.795 +00:00 [DBG] Successfully parsed data for iOS Developer - Remote Work / Ref. 0047E from BairesDev.
2022-10-01 01:40:36.074 +00:00 [DBG] Successfully parsed data for Executive Headhunter - Remote Work / Ref. 0050E from BairesDev.
2022-10-01 01:40:37.048 +00:00 [DBG] Successfully parsed data for Senior DevOps - Remote Work / Ref. 0121E from BairesDev.
2022-10-01 01:40:37.960 +00:00 [DBG] Successfully parsed data for Android Developer - Remote Work / Ref. 0046E from BairesDev.
2022-10-01 01:40:38.870 +00:00 [DBG] Successfully parsed data for Angular Developer - Remote Work / Ref. 0615E from BairesDev.
2022-10-01 01:40:39.777 +00:00 [DBG] Successfully parsed data for QA Automation Senior - Remote Work / Ref. 0166E from BairesDev.
2022-10-01 01:40:40.954 +00:00 [DBG] Successfully parsed data for Consultant to review Disaster Laws and Policies in overseas NL from International Federation of Red Cross & Red Cross & Red Cross Societies.
2022-10-01 01:40:42.131 +00:00 [DBG] Successfully parsed data for PHP Developer - Remote Work / Ref. 0021E from BairesDev.
2022-10-01 01:40:43.054 +00:00 [DBG] Successfully parsed data for .NET Developer - Remote Work / Ref. 0001E from BairesDev.
2022-10-01 01:40:44.093 +00:00 [DBG] Successfully parsed data for Node Developer - Remote Work / Ref. 0111E from BairesDev.
2022-10-01 01:40:45.017 +00:00 [DBG] Successfully parsed data for React Developer - Remote Work / Ref. 0169E from BairesDev.
2022-10-01 01:40:46.022 +00:00 [DBG] Successfully parsed data for Java Developer - Remote Work / Ref. 0003E from BairesDev.
2022-10-01 01:40:47.082 +00:00 [DBG] Successfully parsed data for Python Developer - Remote Work / Ref. 0071E from BairesDev.
2022-10-01 01:40:48.162 +00:00 [DBG] Successfully parsed data for Administrative Assistant from Urban Development Corporation of Trinidad & Tobago (UDeCOTT) Ltd.
2022-10-01 01:40:49.134 +00:00 [DBG] Successfully parsed data for IT Recruiter - Remote Work / Ref. 0196E from BairesDev.
2022-10-01 01:40:50.056 +00:00 [DBG] Successfully parsed data for Talent Acquisition Leader - Remote Work / Ref. 0227E from BairesDev.
2022-10-01 01:40:51.154 +00:00 [DBG] Successfully parsed data for UX/UI Developer - Remote Work / Ref. 0066E from BairesDev.
2022-10-01 01:40:52.084 +00:00 [DBG] Successfully parsed data for Account Manager - Remote Work / Ref. 0224E from BairesDev.
2022-10-01 01:40:53.017 +00:00 [DBG] Successfully parsed data for Ruby on Rails Developer - Remote Work / Ref. 0494E from BairesDev.
2022-10-01 01:40:53.974 +00:00 [DBG] Successfully parsed data for Senior Project Manager - Remote Work / Ref. 0049E from BairesDev.
2022-10-01 01:40:55.173 +00:00 [DBG] Successfully parsed data for Senior Legal Advisor from Angostura Limited.
2022-10-01 01:40:56.098 +00:00 [DBG] Successfully parsed data for Warehouse & Distribution Manager from HRC Associates.
2022-10-01 01:40:57.144 +00:00 [DBG] Successfully parsed data for Maintenance Technician from Associated Brands Industries Ltd.
2022-10-01 01:40:58.626 +00:00 [DBG] Successfully parsed data for Senior Facilities Manager from iQor.
2022-10-01 01:40:59.603 +00:00 [DBG] Successfully parsed data for Monitoring and Evaluation Specialist from Hyacinth Guy Human Resource Company.
2022-10-01 01:40:59.604 +00:00 [DBG] All job post data added to list successfully.
2022-10-01 01:41:00.397 +00:00 [INF] Updated/inserted Senior Financial Advisor (Belize) from Glo Recruitment & HR into database.
2022-10-01 01:41:00.566 +00:00 [INF] Updated/inserted Inventory Analyst from Not Disclosed into database.
2022-10-01 01:41:00.658 +00:00 [INF] Updated/inserted Strategy Analyst (Intern) from Agostini's into database.
2022-10-01 01:41:00.743 +00:00 [INF] Updated/inserted Warehouse and Distribution Manager from Not Disclosed into database.
2022-10-01 01:41:00.827 +00:00 [INF] Updated/inserted Client Services Supervisor from Not Disclosed into database.
2022-10-01 01:41:00.912 +00:00 [INF] Updated/inserted Legal Assistant from Regency Recruitment and Resources Limited into database.
2022-10-01 01:41:00.997 +00:00 [INF] Updated/inserted Business Security Officer from Republic Bank Limited into database.
2022-10-01 01:41:01.166 +00:00 [INF] Updated/inserted Customs Clerk (Grade 1 & 2) from Not Disclosed into database.
2022-10-01 01:41:01.251 +00:00 [INF] Updated/inserted Sales Account Executive (Telesales) - TRINIDAD from CaribbeanJobs.com into database.
2022-10-01 01:41:01.419 +00:00 [INF] Updated/inserted Insurance Sales Representatives / Advisors from Guardian Group – Dexter George Unit into database.
2022-10-01 01:41:01.503 +00:00 [INF] Updated/inserted Senior Dealer- Treasury, ANSA Merchant Bank Limited from ANSA McAL Group of Companies into database.
2022-10-01 01:41:01.587 +00:00 [INF] Updated/inserted Pastry Cook from Safran Patisserie Ltd into database.
2022-10-01 01:41:01.675 +00:00 [INF] Updated/inserted AIR TRAFFIC CONTROL (ATC) TRAINEE from Trinidad & Tobago Civil Aviation Authority into database.
2022-10-01 01:41:01.759 +00:00 [INF] Updated/inserted Executive Manager, Marketing from HRC Associates into database.
2022-10-01 01:41:01.927 +00:00 [INF] Updated/inserted Marketing Supervisor from IGT Latin America Corporation into database.
2022-10-01 01:41:02.126 +00:00 [INF] Updated/inserted Customer Service Representative, Berger Paints Jamaica Limited from ANSA McAL Group of Companies into database.
2022-10-01 01:41:02.294 +00:00 [INF] Updated/inserted Marketing and Sales Officer from Not Disclosed into database.
2022-10-01 01:41:02.461 +00:00 [INF] Updated/inserted Purchasing & Logistics Clerk from Western Scientific Company Ltd into database.
2022-10-01 01:41:02.629 +00:00 [INF] Updated/inserted Scientific Laboratory Specialist from Western Scientific Company Ltd into database.
2022-10-01 01:41:02.798 +00:00 [INF] Updated/inserted Accounting Assistant from Scott & Ahloy Limited into database.
2022-10-01 01:41:02.967 +00:00 [INF] Updated/inserted Merchandiser from Not Disclosed into database.
2022-10-01 01:41:03.138 +00:00 [INF] Updated/inserted DISPATCHER/PORTER from Not Disclosed into database.
2022-10-01 01:41:03.316 +00:00 [INF] Updated/inserted CSR from Not Disclosed into database.
2022-10-01 01:41:03.483 +00:00 [INF] Updated/inserted Inventory Analyst from GCG Trinidad into database.
2022-10-01 01:41:03.652 +00:00 [INF] Updated/inserted PRODUCTION SHIFT MANAGER from Not Disclosed into database.
2022-10-01 01:41:03.819 +00:00 [INF] Updated/inserted Sales Representative from Not Disclosed into database.
2022-10-01 01:41:03.987 +00:00 [INF] Updated/inserted Front of House Staff from Stages on the Avenue into database.
2022-10-01 01:41:04.156 +00:00 [INF] Updated/inserted Psychologist from The Children's Authority of Trinidad & Tobago into database.
2022-10-01 01:41:04.324 +00:00 [INF] Updated/inserted Bartender from Stages on the Avenue into database.
2022-10-01 01:41:04.491 +00:00 [INF] Updated/inserted Operations Manager from Newtown Capital Group into database.
2022-10-01 01:41:04.659 +00:00 [INF] Updated/inserted Business Developer from Newtown Capital Group into database.
2022-10-01 01:41:04.828 +00:00 [INF] Updated/inserted ETL Developer (RBL) from HRC Associates into database.
2022-10-01 01:41:04.997 +00:00 [INF] Updated/inserted Communications Engineer (RBL) from HRC Associates into database.
2022-10-01 01:41:05.166 +00:00 [INF] Updated/inserted Assistant Accountant from Regency Recruitment and Resources Limited into database.
2022-10-01 01:41:05.334 +00:00 [INF] Updated/inserted Chief Architect (RBL) from HRC Associates into database.
2022-10-01 01:41:05.503 +00:00 [INF] Updated/inserted Network Administrator, Network Administrator II, and Network Analyst (RBL) from HRC Associates into database.
2022-10-01 01:41:05.671 +00:00 [INF] Updated/inserted Production Assistant from Newtown Capital Group into database.
2022-10-01 01:41:05.839 +00:00 [INF] Updated/inserted BI Analyst, BI Architect, and BI Developer (RBL) from HRC Associates into database.
2022-10-01 01:41:06.007 +00:00 [INF] Updated/inserted Manager Legal Services and Corporate Secretary from Eastman & Associates into database.
2022-10-01 01:41:06.174 +00:00 [INF] Updated/inserted Recruitment Expert from Regency Recruitment and Resources Limited into database.
2022-10-01 01:41:06.344 +00:00 [INF] Updated/inserted Import Export Officer from Regency Recruitment and Resources Limited into database.
2022-10-01 01:41:06.511 +00:00 [INF] Updated/inserted Manager, Research, Strategy & Marketing from Eastman & Associates into database.
2022-10-01 01:41:06.679 +00:00 [INF] Updated/inserted Senior Brownfield Project Engineer from NES Fircroft into database.
2022-10-01 01:41:06.847 +00:00 [INF] Updated/inserted RECOVERIES OFFICER from Tranquillity Credit Union into database.
2022-10-01 01:41:07.014 +00:00 [INF] Updated/inserted Technical Solutions Specialist from Telecommunications Services of Trinidad and Tobago Limited into database.
2022-10-01 01:41:07.182 +00:00 [INF] Updated/inserted MANAGER - INTERNAL AUDITOR from Eastman & Associates into database.
2022-10-01 01:41:07.350 +00:00 [INF] Updated/inserted Manager, Investment and Business Development from Eastman & Associates into database.
2022-10-01 01:41:07.519 +00:00 [INF] Updated/inserted Senior Account Executive from Eve Anderson Recruitment Ltd into database.
2022-10-01 01:41:07.687 +00:00 [INF] Updated/inserted Sr. Laboratory Technician from Nutrien (formerly PCS Nitrogen Trinidad Limited) into database.
2022-10-01 01:41:07.855 +00:00 [INF] Updated/inserted Administrative Support Officer from Dairy Distributors Limited into database.
2022-10-01 01:41:08.022 +00:00 [INF] Updated/inserted Medical Laboratory Technician from Southern Medical Services Company Limited into database.
2022-10-01 01:41:08.191 +00:00 [INF] Updated/inserted LEAD AUTOMOTIVE TECHNICIAN from Rahamut Enterprises Limited into database.
2022-10-01 01:41:08.359 +00:00 [INF] Updated/inserted Registered Nurse from Southern Medical Services Company Limited into database.
2022-10-01 01:41:08.526 +00:00 [INF] Updated/inserted Electrical Technician from National Flour Mills Limited into database.
2022-10-01 01:41:08.695 +00:00 [INF] Updated/inserted Accounts Supervisor from Aegis Business Solutions Limited into database.
2022-10-01 01:41:08.863 +00:00 [INF] Updated/inserted Accounts Administrator -Billing & Inventory from Dairy Distributors Limited into database.
2022-10-01 01:41:09.031 +00:00 [INF] Updated/inserted Maintenance & Engineering Manager, CCPSL from ANSA McAL Group of Companies into database.
2022-10-01 01:41:09.200 +00:00 [INF] Updated/inserted Head of Quality, ABS from ANSA McAL Group of Companies into database.
2022-10-01 01:41:09.369 +00:00 [INF] Updated/inserted Branch Sales Representative from Island Finance Ltd into database.
2022-10-01 01:41:09.536 +00:00 [INF] Updated/inserted Branch Sales Representative from Island Finance Ltd into database.
2022-10-01 01:41:09.715 +00:00 [INF] Updated/inserted Production Manager, Caribbean Clay Processing Services Limited from ANSA McAL Group of Companies into database.
2022-10-01 01:41:09.883 +00:00 [INF] Updated/inserted Business Consulting Professionals from EY Caribbean into database.
2022-10-01 01:41:10.053 +00:00 [INF] Updated/inserted Service Advisor, ANSA Motors from ANSA McAL Group of Companies into database.
2022-10-01 01:41:10.222 +00:00 [INF] Updated/inserted Analyst Programmer II Innovation and Technology from Guardian Group into database.
2022-10-01 01:41:10.391 +00:00 [INF] Updated/inserted IT Change Management Coordinator from Guardian Group into database.
2022-10-01 01:41:10.563 +00:00 [INF] Updated/inserted Manager Deals Management from Guardian Group into database.
2022-10-01 01:41:10.731 +00:00 [INF] Updated/inserted FACILITIES TECHNICIAN III from Kapok Hotel into database.
2022-10-01 01:41:10.899 +00:00 [INF] Updated/inserted Data Preparedness Officer SC-8 (Caribbean Multi-Country Office) from United Nations World Food Programme into database.
2022-10-01 01:41:11.067 +00:00 [INF] Updated/inserted Auditing Assistant (Internal Audit) from Public Transport Service Corporation of Trinidad and Tobago into database.
2022-10-01 01:41:11.234 +00:00 [INF] Updated/inserted RELIEF SPANISH TEACHER from Bishop Anstey High School East & Trinity College East into database.
2022-10-01 01:41:11.402 +00:00 [INF] Updated/inserted Technical Officer- Partnerships & Resource Development from International Federation of Red Cross & Red Cross & Red Cross Societies into database.
2022-10-01 01:41:11.570 +00:00 [INF] Updated/inserted Network Engineer from Productive Business Solutions (PBS) into database.
2022-10-01 01:41:11.737 +00:00 [INF] Updated/inserted Commercial Business Officer from Urban Development Corporation of Trinidad & Tobago (UDeCOTT) Ltd into database.
2022-10-01 01:41:11.905 +00:00 [INF] Updated/inserted Golang Developer - Remote Work / Ref. 0138E from BairesDev into database.
2022-10-01 01:41:12.074 +00:00 [INF] Updated/inserted QA Analyst Senior - Remote Work / Ref. 0027E from BairesDev into database.
2022-10-01 01:41:12.242 +00:00 [INF] Updated/inserted iOS Developer - Remote Work / Ref. 0047E from BairesDev into database.
2022-10-01 01:41:12.410 +00:00 [INF] Updated/inserted Executive Headhunter - Remote Work / Ref. 0050E from BairesDev into database.
2022-10-01 01:41:12.577 +00:00 [INF] Updated/inserted Senior DevOps - Remote Work / Ref. 0121E from BairesDev into database.
2022-10-01 01:41:12.745 +00:00 [INF] Updated/inserted Android Developer - Remote Work / Ref. 0046E from BairesDev into database.
2022-10-01 01:41:12.913 +00:00 [INF] Updated/inserted Angular Developer - Remote Work / Ref. 0615E from BairesDev into database.
2022-10-01 01:41:13.081 +00:00 [INF] Updated/inserted QA Automation Senior - Remote Work / Ref. 0166E from BairesDev into database.
2022-10-01 01:41:13.249 +00:00 [INF] Updated/inserted Consultant to review Disaster Laws and Policies in overseas NL from International Federation of Red Cross & Red Cross & Red Cross Societies into database.
2022-10-01 01:41:13.416 +00:00 [INF] Updated/inserted PHP Developer - Remote Work / Ref. 0021E from BairesDev into database.
2022-10-01 01:41:13.584 +00:00 [INF] Updated/inserted .NET Developer - Remote Work / Ref. 0001E from BairesDev into database.
2022-10-01 01:41:13.751 +00:00 [INF] Updated/inserted Node Developer - Remote Work / Ref. 0111E from BairesDev into database.
2022-10-01 01:41:13.919 +00:00 [INF] Updated/inserted React Developer - Remote Work / Ref. 0169E from BairesDev into database.
2022-10-01 01:41:14.088 +00:00 [INF] Updated/inserted Java Developer - Remote Work / Ref. 0003E from BairesDev into database.
2022-10-01 01:41:14.255 +00:00 [INF] Updated/inserted Python Developer - Remote Work / Ref. 0071E from BairesDev into database.
2022-10-01 01:41:14.426 +00:00 [INF] Updated/inserted Administrative Assistant from Urban Development Corporation of Trinidad & Tobago (UDeCOTT) Ltd into database.
2022-10-01 01:41:14.593 +00:00 [INF] Updated/inserted IT Recruiter - Remote Work / Ref. 0196E from BairesDev into database.
2022-10-01 01:41:14.761 +00:00 [INF] Updated/inserted Talent Acquisition Leader - Remote Work / Ref. 0227E from BairesDev into database.
2022-10-01 01:41:14.928 +00:00 [INF] Updated/inserted UX/UI Developer - Remote Work / Ref. 0066E from BairesDev into database.
2022-10-01 01:41:15.096 +00:00 [INF] Updated/inserted Account Manager - Remote Work / Ref. 0224E from BairesDev into database.
2022-10-01 01:41:15.264 +00:00 [INF] Updated/inserted Ruby on Rails Developer - Remote Work / Ref. 0494E from BairesDev into database.
2022-10-01 01:41:15.431 +00:00 [INF] Updated/inserted Senior Project Manager - Remote Work / Ref. 0049E from BairesDev into database.
2022-10-01 01:41:15.600 +00:00 [INF] Updated/inserted Senior Legal Advisor from Angostura Limited into database.
2022-10-01 01:41:15.768 +00:00 [INF] Updated/inserted Warehouse & Distribution Manager from HRC Associates into database.
2022-10-01 01:41:15.935 +00:00 [INF] Updated/inserted Maintenance Technician from Associated Brands Industries Ltd into database.
2022-10-01 01:41:16.102 +00:00 [INF] Updated/inserted Senior Facilities Manager from iQor into database.
2022-10-01 01:41:16.272 +00:00 [INF] Updated/inserted Monitoring and Evaluation Specialist from Hyacinth Guy Human Resource Company into database.
2022-10-01 01:41:16.953 +00:00 [INF] Finished fetching current posts successfully.
