2022-09-26 01:39:28.096 +00:00 [DBG] Successfully parsed data for Technical Assistant 11 - IT Security from National Insurance Board (NIB).
2022-09-26 01:39:29.072 +00:00 [DBG] Successfully parsed data for Bar Tender/Cashier from J-ZZ'S International Steak House Ltd.
2022-09-26 01:39:30.187 +00:00 [DBG] Successfully parsed data for MEDICAL ATTENDANT from Southern Medical Services Company Limited.
2022-09-26 01:39:31.247 +00:00 [DBG] Successfully parsed data for Inventory Analyst from Not Disclosed.
2022-09-26 01:39:32.203 +00:00 [DBG] Successfully parsed data for Systems Administrator from NIPDEC.
2022-09-26 01:39:33.337 +00:00 [DBG] Successfully parsed data for Senior Instrumentation & Controls Engineer - Design from Massy Wood Group.
2022-09-26 01:39:34.627 +00:00 [DBG] Successfully parsed data for WEB DESIGNER from Hugh Wooding Law School.
2022-09-26 01:39:35.783 +00:00 [DBG] Successfully parsed data for Receptionist Oil and Gas from Eve Anderson Recruitment Ltd.
2022-09-26 01:39:36.738 +00:00 [DBG] Successfully parsed data for Sales Representative from Not Disclosed.
2022-09-26 01:39:37.846 +00:00 [DBG] Successfully parsed data for CSR from Not Disclosed.
2022-09-26 01:39:39.015 +00:00 [DBG] Successfully parsed data for Senior Communications Associate (Contract for Services) from The Children's Authority of Trinidad & Tobago.
2022-09-26 01:39:39.965 +00:00 [DBG] Successfully parsed data for Volunteer Programme Coordinator from The Children's Authority of Trinidad & Tobago.
2022-09-26 01:39:41.078 +00:00 [DBG] Successfully parsed data for Customer Service Representative - Seasonal from iQor.
2022-09-26 01:39:42.070 +00:00 [DBG] Successfully parsed data for Reporting Supervisor from iQor.
2022-09-26 01:39:43.233 +00:00 [DBG] Successfully parsed data for Sales & Marketing Representative from RecruitmentXperts Ltd.
2022-09-26 01:39:44.182 +00:00 [DBG] Successfully parsed data for Accounts Clerk - Reconciliation from Productive Business Solutions (PBS).
2022-09-26 01:39:45.346 +00:00 [DBG] Successfully parsed data for General Manager, Couva Shopping Complex from Hyacinth Guy Human Resource Company.
2022-09-26 01:39:46.271 +00:00 [DBG] Successfully parsed data for Monitoring and Evaluation Specialist from Hyacinth Guy Human Resource Company.
2022-09-26 01:39:47.942 +00:00 [DBG] Successfully parsed data for Driver (6 month contract, Shift) from RecruitmentXperts Ltd.
2022-09-26 01:39:48.896 +00:00 [DBG] Successfully parsed data for Assistant General Manager from Regency Recruitment and Resources Limited.
2022-09-26 01:39:50.035 +00:00 [DBG] Successfully parsed data for Car Park Attendant from Southern Medical Services Company Limited.
2022-09-26 01:39:50.989 +00:00 [DBG] Successfully parsed data for Quantity Surveyor/ Technician from Not Disclosed.
2022-09-26 01:39:52.138 +00:00 [DBG] Successfully parsed data for Senior Analyst - Sales Forecasting from S.M. Jaleel & Company Limited.
2022-09-26 01:39:53.237 +00:00 [DBG] Successfully parsed data for Accounts Supervisor from Aegis Business Solutions Limited.
2022-09-26 01:39:54.222 +00:00 [DBG] Successfully parsed data for Process Engineer II from Massy Wood Group.
2022-09-26 01:39:55.311 +00:00 [DBG] Successfully parsed data for COMMUNICATION STUDIES TEACHER from Bishop Anstey High School East & Trinity College East.
2022-09-26 01:39:56.299 +00:00 [DBG] Successfully parsed data for Project Delivery Lead - Secondment from Massy Wood Group.
2022-09-26 01:39:57.568 +00:00 [DBG] Successfully parsed data for Project Delivery Lead from Massy Wood Group.
2022-09-26 01:39:58.600 +00:00 [DBG] Successfully parsed data for Business Operations Assistant II from Eve Anderson Recruitment Ltd.
2022-09-26 01:39:59.614 +00:00 [DBG] Successfully parsed data for Internal Auditor from National Flour Mills Limited.
2022-09-26 01:40:00.625 +00:00 [DBG] Successfully parsed data for Group IFRS Compliance Manager from ANSA McAL Group of Companies.
2022-09-26 01:40:01.635 +00:00 [DBG] Successfully parsed data for GRAPHIC ARTIST from Eastman & Associates.
2022-09-26 01:40:02.658 +00:00 [DBG] Successfully parsed data for Collection Officer from NES Fircroft.
2022-09-26 01:40:03.785 +00:00 [DBG] Successfully parsed data for Marketing and Sales Officer from Not Disclosed.
2022-09-26 01:40:04.780 +00:00 [DBG] Successfully parsed data for Quantity Surveyor from Not Disclosed.
2022-09-26 01:40:05.888 +00:00 [DBG] Successfully parsed data for Performance Analyst from Phoenix Park Gas Processors Limited.
2022-09-26 01:40:06.855 +00:00 [DBG] Successfully parsed data for Manager - Deal Advisory from KPMG Caricom Business Services Limited.
2022-09-26 01:40:07.789 +00:00 [DBG] Successfully parsed data for Tax Manager from KPMG Caricom Business Services Limited.
2022-09-26 01:40:09.321 +00:00 [DBG] Successfully parsed data for Sales Associate from PSCU Credit Union Co-operative Society Limited.
2022-09-26 01:40:10.714 +00:00 [DBG] Successfully parsed data for PRINCIPAL, SPECIAL EDUCATION from RecruitmentXperts Ltd.
2022-09-26 01:40:11.828 +00:00 [DBG] Successfully parsed data for Account Executive from Regency Recruitment and Resources Limited.
2022-09-26 01:40:12.778 +00:00 [DBG] Successfully parsed data for Instrumentation & Controls Engineer II from Massy Wood Group.
2022-09-26 01:40:13.758 +00:00 [DBG] Successfully parsed data for Senior Electrical Engineer - Design from Massy Wood Group.
2022-09-26 01:40:14.833 +00:00 [DBG] Successfully parsed data for Accounting Assistant from The Dachin Group of Companies.
2022-09-26 01:40:15.935 +00:00 [DBG] Successfully parsed data for Trade Marketing Assistant from Kaleidoscope Paints Limited.
2022-09-26 01:40:17.142 +00:00 [DBG] Successfully parsed data for Laboratory Shift Supervisor from Kenson Group of Companies.
2022-09-26 01:40:18.207 +00:00 [DBG] Successfully parsed data for Laboratory Technician from Kenson Group of Companies.
2022-09-26 01:40:19.325 +00:00 [DBG] Successfully parsed data for HSSE Manager from GCG Trinidad.
2022-09-26 01:40:20.607 +00:00 [DBG] Successfully parsed data for CEDI- Sales & Operations Manager from Ramco Industries Limited.
2022-09-26 01:40:21.498 +00:00 [DBG] Successfully parsed data for Legal Services Manager from S.M. Jaleel & Company Limited.
2022-09-26 01:40:22.746 +00:00 [DBG] Successfully parsed data for Operations Analyst from National Flour Mills Limited.
2022-09-26 01:40:23.650 +00:00 [DBG] Successfully parsed data for Tractor Driver from Not Disclosed.
2022-09-26 01:40:24.706 +00:00 [DBG] Successfully parsed data for Retail Associate from Digicel.
2022-09-26 01:40:25.928 +00:00 [DBG] Successfully parsed data for Account Executive from Digicel.
2022-09-26 01:40:26.847 +00:00 [DBG] Successfully parsed data for Accounting Assistant from The Maritime Financial Group.
2022-09-26 01:40:27.970 +00:00 [DBG] Successfully parsed data for FASHION MARKETING ASSISTANT from Ecliff Elie Limited.
2022-09-26 01:40:29.102 +00:00 [DBG] Successfully parsed data for Branch Supervisor from J & K Signature Styles.
2022-09-26 01:40:30.026 +00:00 [DBG] Successfully parsed data for Senior Technical Support Professional from Amplia Communications Limited.
2022-09-26 01:40:31.086 +00:00 [DBG] Successfully parsed data for Accountant from Not Disclosed.
2022-09-26 01:40:32.017 +00:00 [DBG] Successfully parsed data for Country Ecommerce Officer from UNICOMER (Trinidad) Ltd.
2022-09-26 01:40:32.923 +00:00 [DBG] Successfully parsed data for TECHNICIAN from Not Disclosed.
2022-09-26 01:40:34.105 +00:00 [DBG] Successfully parsed data for Customer Service Representative from Not Disclosed.
2022-09-26 01:40:35.054 +00:00 [DBG] Successfully parsed data for Project Coordinator from Associated Brands Industries Ltd.
2022-09-26 01:40:35.988 +00:00 [DBG] Successfully parsed data for Maintenance Planning Assistant from Associated Brands Industries Ltd.
2022-09-26 01:40:37.380 +00:00 [DBG] Successfully parsed data for DISPATCHER/PORTER from Not Disclosed.
2022-09-26 01:40:38.317 +00:00 [DBG] Successfully parsed data for Merchandiser from Not Disclosed.
2022-09-26 01:40:39.986 +00:00 [DBG] Successfully parsed data for Senior Customs Manager from Not Disclosed.
2022-09-26 01:40:41.031 +00:00 [DBG] Successfully parsed data for RESEARCH OFFICER from North Central Regional Health Authority.
2022-09-26 01:40:41.942 +00:00 [DBG] Successfully parsed data for EXECUTIVE SECRETARY from North Central Regional Health Authority.
2022-09-26 01:40:42.887 +00:00 [DBG] Successfully parsed data for MANAGER, LEGAL from North Central Regional Health Authority.
2022-09-26 01:40:43.864 +00:00 [DBG] Successfully parsed data for ELECTRICAL ENGINEER I from North Central Regional Health Authority.
2022-09-26 01:40:45.095 +00:00 [DBG] Successfully parsed data for Corporate Services Administrator from Regency Recruitment and Resources Limited.
2022-09-26 01:40:46.215 +00:00 [DBG] Successfully parsed data for Store Supervisor (Courts) from UNICOMER (Trinidad) Ltd.
2022-09-26 01:40:47.161 +00:00 [DBG] Successfully parsed data for Optometrist from UNICOMER (Trinidad) Ltd.
2022-09-26 01:40:48.512 +00:00 [DBG] Successfully parsed data for Fulfillment Planner from UNICOMER (Trinidad) Ltd.
2022-09-26 01:40:49.567 +00:00 [DBG] Successfully parsed data for Customer Service Sales Representative from iQor.
2022-09-26 01:40:50.738 +00:00 [DBG] Successfully parsed data for Senior Financial Advisor (Belize) from Glo Recruitment & HR.
2022-09-26 01:40:51.699 +00:00 [DBG] Successfully parsed data for Finance Manager, Standard Distributors Limited from ANSA McAL Group of Companies.
2022-09-26 01:40:52.879 +00:00 [DBG] Successfully parsed data for Buyer, Standard Distributors Limited from ANSA McAL Group of Companies.
2022-09-26 01:40:53.805 +00:00 [DBG] Successfully parsed data for Senior Procurement Officer from Electrical Industries Group Ltd (EIG).
2022-09-26 01:40:54.756 +00:00 [DBG] Successfully parsed data for Enrolled Nursing Assistant - Pool from Not Disclosed.
2022-09-26 01:40:55.766 +00:00 [DBG] Successfully parsed data for Health Care Sector Lead from Not Disclosed.
2022-09-26 01:40:56.947 +00:00 [DBG] Successfully parsed data for Claims Technician from Not Disclosed.
2022-09-26 01:40:58.164 +00:00 [DBG] Successfully parsed data for Bilingual-IT Desktop Support Technician from ESP.CO. UK. Ltd / ESP GLOBAL.
2022-09-26 01:40:59.342 +00:00 [DBG] Successfully parsed data for Draughting Technician from Delta Window and Doors.
2022-09-26 01:41:00.550 +00:00 [DBG] Successfully parsed data for Part Qualified Accountant from Actavo.
2022-09-26 01:41:01.569 +00:00 [DBG] Successfully parsed data for Group IT Cloud Engineer from Digicel.
2022-09-26 01:41:02.644 +00:00 [DBG] Successfully parsed data for IT Security Specialist (Trinidad) from Caribbean Airlines Limited.
2022-09-26 01:41:03.680 +00:00 [DBG] Successfully parsed data for Manager - Managed Services & Major Projects from Productive Business Solutions (PBS).
2022-09-26 01:41:04.631 +00:00 [DBG] Successfully parsed data for Mechanical Engineer II - Downstream Oil & Gas from NES Fircroft.
2022-09-26 01:41:05.787 +00:00 [DBG] Successfully parsed data for Corporate Trainer from Regency Recruitment and Resources Limited.
2022-09-26 01:41:06.728 +00:00 [DBG] Successfully parsed data for Facilities Coordinator, Standard Distributors Limited from ANSA McAL Group of Companies.
2022-09-26 01:41:07.848 +00:00 [DBG] Successfully parsed data for Account Executive, Carib Glassworks Limited from ANSA McAL Group of Companies.
2022-09-26 01:41:08.787 +00:00 [DBG] Successfully parsed data for Project Assistant- Production from Aegis Business Solutions Limited.
2022-09-26 01:41:09.709 +00:00 [DBG] Successfully parsed data for Community Engagement Intern- Facebook and Tiktok from Aegis Business Solutions Limited.
2022-09-26 01:41:10.648 +00:00 [DBG] Successfully parsed data for Marketing Coordinator from Aegis Business Solutions Limited.
2022-09-26 01:41:11.632 +00:00 [DBG] Successfully parsed data for Network Technician from Regency Recruitment and Resources Limited.
2022-09-26 01:41:12.598 +00:00 [DBG] Successfully parsed data for Legal Advisor from Radiant Law.
2022-09-26 01:41:13.584 +00:00 [DBG] Successfully parsed data for Senior Project Manager from Fujitsu Caribbean.
2022-09-26 01:41:14.649 +00:00 [DBG] Successfully parsed data for SALES REPRESENTATIVE from Not Disclosed.
2022-09-26 01:41:14.650 +00:00 [DBG] All job post data added to list successfully.
2022-09-26 01:41:15.276 +00:00 [INF] Updated/inserted Technical Assistant 11 - IT Security from National Insurance Board (NIB) into database.
2022-09-26 01:41:15.442 +00:00 [INF] Updated/inserted Bar Tender/Cashier from J-ZZ'S International Steak House Ltd into database.
2022-09-26 01:41:15.609 +00:00 [INF] Updated/inserted MEDICAL ATTENDANT from Southern Medical Services Company Limited into database.
2022-09-26 01:41:15.774 +00:00 [INF] Updated/inserted Inventory Analyst from Not Disclosed into database.
2022-09-26 01:41:15.939 +00:00 [INF] Updated/inserted Systems Administrator from NIPDEC into database.
2022-09-26 01:41:16.102 +00:00 [INF] Updated/inserted Senior Instrumentation & Controls Engineer - Design from Massy Wood Group into database.
2022-09-26 01:41:16.268 +00:00 [INF] Updated/inserted WEB DESIGNER from Hugh Wooding Law School into database.
2022-09-26 01:41:16.434 +00:00 [INF] Updated/inserted Receptionist Oil and Gas from Eve Anderson Recruitment Ltd into database.
2022-09-26 01:41:16.599 +00:00 [INF] Updated/inserted Sales Representative from Not Disclosed into database.
2022-09-26 01:41:16.764 +00:00 [INF] Updated/inserted CSR from Not Disclosed into database.
2022-09-26 01:41:16.928 +00:00 [INF] Updated/inserted Senior Communications Associate (Contract for Services) from The Children's Authority of Trinidad & Tobago into database.
2022-09-26 01:41:17.094 +00:00 [INF] Updated/inserted Volunteer Programme Coordinator from The Children's Authority of Trinidad & Tobago into database.
2022-09-26 01:41:17.259 +00:00 [INF] Updated/inserted Customer Service Representative - Seasonal from iQor into database.
2022-09-26 01:41:17.426 +00:00 [INF] Updated/inserted Reporting Supervisor from iQor into database.
2022-09-26 01:41:17.599 +00:00 [INF] Updated/inserted Sales & Marketing Representative from RecruitmentXperts Ltd into database.
2022-09-26 01:41:17.766 +00:00 [INF] Updated/inserted Accounts Clerk - Reconciliation from Productive Business Solutions (PBS) into database.
2022-09-26 01:41:17.944 +00:00 [INF] Updated/inserted General Manager, Couva Shopping Complex from Hyacinth Guy Human Resource Company into database.
2022-09-26 01:41:18.109 +00:00 [INF] Updated/inserted Monitoring and Evaluation Specialist from Hyacinth Guy Human Resource Company into database.
2022-09-26 01:41:18.274 +00:00 [INF] Updated/inserted Driver (6 month contract, Shift) from RecruitmentXperts Ltd into database.
2022-09-26 01:41:18.440 +00:00 [INF] Updated/inserted Assistant General Manager from Regency Recruitment and Resources Limited into database.
2022-09-26 01:41:18.606 +00:00 [INF] Updated/inserted Car Park Attendant from Southern Medical Services Company Limited into database.
2022-09-26 01:41:18.771 +00:00 [INF] Updated/inserted Quantity Surveyor/ Technician from Not Disclosed into database.
2022-09-26 01:41:18.936 +00:00 [INF] Updated/inserted Senior Analyst - Sales Forecasting from S.M. Jaleel & Company Limited into database.
2022-09-26 01:41:19.102 +00:00 [INF] Updated/inserted Accounts Supervisor from Aegis Business Solutions Limited into database.
2022-09-26 01:41:19.275 +00:00 [INF] Updated/inserted Process Engineer II from Massy Wood Group into database.
2022-09-26 01:41:19.457 +00:00 [INF] Updated/inserted COMMUNICATION STUDIES TEACHER from Bishop Anstey High School East & Trinity College East into database.
2022-09-26 01:41:19.623 +00:00 [INF] Updated/inserted Project Delivery Lead - Secondment from Massy Wood Group into database.
2022-09-26 01:41:19.802 +00:00 [INF] Updated/inserted Project Delivery Lead from Massy Wood Group into database.
2022-09-26 01:41:19.967 +00:00 [INF] Updated/inserted Business Operations Assistant II from Eve Anderson Recruitment Ltd into database.
2022-09-26 01:41:20.132 +00:00 [INF] Updated/inserted Internal Auditor from National Flour Mills Limited into database.
2022-09-26 01:41:20.297 +00:00 [INF] Updated/inserted Group IFRS Compliance Manager from ANSA McAL Group of Companies into database.
2022-09-26 01:41:20.462 +00:00 [INF] Updated/inserted GRAPHIC ARTIST from Eastman & Associates into database.
2022-09-26 01:41:20.628 +00:00 [INF] Updated/inserted Collection Officer from NES Fircroft into database.
2022-09-26 01:41:20.793 +00:00 [INF] Updated/inserted Marketing and Sales Officer from Not Disclosed into database.
2022-09-26 01:41:20.960 +00:00 [INF] Updated/inserted Quantity Surveyor from Not Disclosed into database.
2022-09-26 01:41:21.125 +00:00 [INF] Updated/inserted Performance Analyst from Phoenix Park Gas Processors Limited into database.
2022-09-26 01:41:21.291 +00:00 [INF] Updated/inserted Manager - Deal Advisory from KPMG Caricom Business Services Limited into database.
2022-09-26 01:41:21.457 +00:00 [INF] Updated/inserted Tax Manager from KPMG Caricom Business Services Limited into database.
2022-09-26 01:41:21.622 +00:00 [INF] Updated/inserted Sales Associate from PSCU Credit Union Co-operative Society Limited into database.
2022-09-26 01:41:21.787 +00:00 [INF] Updated/inserted PRINCIPAL, SPECIAL EDUCATION from RecruitmentXperts Ltd into database.
2022-09-26 01:41:21.952 +00:00 [INF] Updated/inserted Account Executive from Regency Recruitment and Resources Limited into database.
2022-09-26 01:41:22.125 +00:00 [INF] Updated/inserted Instrumentation & Controls Engineer II from Massy Wood Group into database.
2022-09-26 01:41:22.290 +00:00 [INF] Updated/inserted Senior Electrical Engineer - Design from Massy Wood Group into database.
2022-09-26 01:41:22.455 +00:00 [INF] Updated/inserted Accounting Assistant from The Dachin Group of Companies into database.
2022-09-26 01:41:22.621 +00:00 [INF] Updated/inserted Trade Marketing Assistant from Kaleidoscope Paints Limited into database.
2022-09-26 01:41:22.786 +00:00 [INF] Updated/inserted Laboratory Shift Supervisor from Kenson Group of Companies into database.
2022-09-26 01:41:22.951 +00:00 [INF] Updated/inserted Laboratory Technician from Kenson Group of Companies into database.
2022-09-26 01:41:23.116 +00:00 [INF] Updated/inserted HSSE Manager from GCG Trinidad into database.
2022-09-26 01:41:23.283 +00:00 [INF] Updated/inserted CEDI- Sales & Operations Manager from Ramco Industries Limited into database.
2022-09-26 01:41:23.448 +00:00 [INF] Updated/inserted Legal Services Manager from S.M. Jaleel & Company Limited into database.
2022-09-26 01:41:23.616 +00:00 [INF] Updated/inserted Operations Analyst from National Flour Mills Limited into database.
2022-09-26 01:41:23.783 +00:00 [INF] Updated/inserted Tractor Driver from Not Disclosed into database.
2022-09-26 01:41:23.948 +00:00 [INF] Updated/inserted Retail Associate from Digicel into database.
2022-09-26 01:41:24.114 +00:00 [INF] Updated/inserted Account Executive from Digicel into database.
2022-09-26 01:41:24.280 +00:00 [INF] Updated/inserted Accounting Assistant from The Maritime Financial Group into database.
2022-09-26 01:41:24.445 +00:00 [INF] Updated/inserted FASHION MARKETING ASSISTANT from Ecliff Elie Limited into database.
2022-09-26 01:41:24.610 +00:00 [INF] Updated/inserted Branch Supervisor from J & K Signature Styles into database.
2022-09-26 01:41:24.775 +00:00 [INF] Updated/inserted Senior Technical Support Professional from Amplia Communications Limited into database.
2022-09-26 01:41:24.940 +00:00 [INF] Updated/inserted Accountant from Not Disclosed into database.
2022-09-26 01:41:25.106 +00:00 [INF] Updated/inserted Country Ecommerce Officer from UNICOMER (Trinidad) Ltd into database.
2022-09-26 01:41:25.272 +00:00 [INF] Updated/inserted TECHNICIAN from Not Disclosed into database.
2022-09-26 01:41:25.437 +00:00 [INF] Updated/inserted Customer Service Representative from Not Disclosed into database.
2022-09-26 01:41:25.603 +00:00 [INF] Updated/inserted Project Coordinator from Associated Brands Industries Ltd into database.
2022-09-26 01:41:25.768 +00:00 [INF] Updated/inserted Maintenance Planning Assistant from Associated Brands Industries Ltd into database.
2022-09-26 01:41:25.941 +00:00 [INF] Updated/inserted DISPATCHER/PORTER from Not Disclosed into database.
2022-09-26 01:41:26.107 +00:00 [INF] Updated/inserted Merchandiser from Not Disclosed into database.
2022-09-26 01:41:26.273 +00:00 [INF] Updated/inserted Senior Customs Manager from Not Disclosed into database.
2022-09-26 01:41:26.440 +00:00 [INF] Updated/inserted RESEARCH OFFICER from North Central Regional Health Authority into database.
2022-09-26 01:41:26.607 +00:00 [INF] Updated/inserted EXECUTIVE SECRETARY from North Central Regional Health Authority into database.
2022-09-26 01:41:26.773 +00:00 [INF] Updated/inserted MANAGER, LEGAL from North Central Regional Health Authority into database.
2022-09-26 01:41:26.940 +00:00 [INF] Updated/inserted ELECTRICAL ENGINEER I from North Central Regional Health Authority into database.
2022-09-26 01:41:27.105 +00:00 [INF] Updated/inserted Corporate Services Administrator from Regency Recruitment and Resources Limited into database.
2022-09-26 01:41:27.271 +00:00 [INF] Updated/inserted Store Supervisor (Courts) from UNICOMER (Trinidad) Ltd into database.
2022-09-26 01:41:27.436 +00:00 [INF] Updated/inserted Optometrist from UNICOMER (Trinidad) Ltd into database.
2022-09-26 01:41:27.601 +00:00 [INF] Updated/inserted Fulfillment Planner from UNICOMER (Trinidad) Ltd into database.
2022-09-26 01:41:27.767 +00:00 [INF] Updated/inserted Customer Service Sales Representative from iQor into database.
2022-09-26 01:41:27.935 +00:00 [INF] Updated/inserted Senior Financial Advisor (Belize) from Glo Recruitment & HR into database.
2022-09-26 01:41:28.101 +00:00 [INF] Updated/inserted Finance Manager, Standard Distributors Limited from ANSA McAL Group of Companies into database.
2022-09-26 01:41:28.266 +00:00 [INF] Updated/inserted Buyer, Standard Distributors Limited from ANSA McAL Group of Companies into database.
2022-09-26 01:41:28.432 +00:00 [INF] Updated/inserted Senior Procurement Officer from Electrical Industries Group Ltd (EIG) into database.
2022-09-26 01:41:28.598 +00:00 [INF] Updated/inserted Enrolled Nursing Assistant - Pool from Not Disclosed into database.
2022-09-26 01:41:28.764 +00:00 [INF] Updated/inserted Health Care Sector Lead from Not Disclosed into database.
2022-09-26 01:41:28.928 +00:00 [INF] Updated/inserted Claims Technician from Not Disclosed into database.
2022-09-26 01:41:29.102 +00:00 [INF] Updated/inserted Bilingual-IT Desktop Support Technician from ESP.CO. UK. Ltd / ESP GLOBAL into database.
2022-09-26 01:41:29.268 +00:00 [INF] Updated/inserted Draughting Technician from Delta Window and Doors into database.
2022-09-26 01:41:29.433 +00:00 [INF] Updated/inserted Part Qualified Accountant from Actavo into database.
2022-09-26 01:41:29.598 +00:00 [INF] Updated/inserted Group IT Cloud Engineer from Digicel into database.
2022-09-26 01:41:29.767 +00:00 [INF] Updated/inserted IT Security Specialist (Trinidad) from Caribbean Airlines Limited into database.
2022-09-26 01:41:29.932 +00:00 [INF] Updated/inserted Manager - Managed Services & Major Projects from Productive Business Solutions (PBS) into database.
2022-09-26 01:41:30.098 +00:00 [INF] Updated/inserted Mechanical Engineer II - Downstream Oil & Gas from NES Fircroft into database.
2022-09-26 01:41:30.265 +00:00 [INF] Updated/inserted Corporate Trainer from Regency Recruitment and Resources Limited into database.
2022-09-26 01:41:30.431 +00:00 [INF] Updated/inserted Facilities Coordinator, Standard Distributors Limited from ANSA McAL Group of Companies into database.
2022-09-26 01:41:30.595 +00:00 [INF] Updated/inserted Account Executive, Carib Glassworks Limited from ANSA McAL Group of Companies into database.
2022-09-26 01:41:30.761 +00:00 [INF] Updated/inserted Project Assistant- Production from Aegis Business Solutions Limited into database.
2022-09-26 01:41:30.927 +00:00 [INF] Updated/inserted Community Engagement Intern- Facebook and Tiktok from Aegis Business Solutions Limited into database.
2022-09-26 01:41:31.093 +00:00 [INF] Updated/inserted Marketing Coordinator from Aegis Business Solutions Limited into database.
2022-09-26 01:41:31.260 +00:00 [INF] Updated/inserted Network Technician from Regency Recruitment and Resources Limited into database.
2022-09-26 01:41:31.426 +00:00 [INF] Updated/inserted Legal Advisor from Radiant Law into database.
2022-09-26 01:41:31.591 +00:00 [INF] Updated/inserted Senior Project Manager from Fujitsu Caribbean into database.
2022-09-26 01:41:31.757 +00:00 [INF] Updated/inserted SALES REPRESENTATIVE from Not Disclosed into database.
2022-09-26 01:41:32.198 +00:00 [INF] Finished fetching current posts successfully.
