2022-09-30 01:39:17.374 +00:00 [DBG] Successfully parsed data for Senior Financial Advisor (Belize) from Glo Recruitment & HR.
2022-09-30 01:39:18.404 +00:00 [DBG] Successfully parsed data for Marketing Supervisor from IGT Latin America Corporation.
2022-09-30 01:39:19.259 +00:00 [DBG] Successfully parsed data for Customer Service Representative, Berger Paints Jamaica Limited from ANSA McAL Group of Companies.
2022-09-30 01:39:20.138 +00:00 [DBG] Successfully parsed data for Marketing and Sales Officer from Not Disclosed.
2022-09-30 01:39:20.984 +00:00 [DBG] Successfully parsed data for Purchasing & Logistics Clerk from Western Scientific Company Ltd.
2022-09-30 01:39:21.965 +00:00 [DBG] Successfully parsed data for Scientific Laboratory Specialist from Western Scientific Company Ltd.
2022-09-30 01:39:22.856 +00:00 [DBG] Successfully parsed data for Accounting Assistant from Scott & Ahloy Limited.
2022-09-30 01:39:24.359 +00:00 [DBG] Successfully parsed data for Senior Customs Manager from Not Disclosed.
2022-09-30 01:39:25.258 +00:00 [DBG] Successfully parsed data for Merchandiser from Not Disclosed.
2022-09-30 01:39:26.087 +00:00 [DBG] Successfully parsed data for DISPATCHER/PORTER from Not Disclosed.
2022-09-30 01:39:26.908 +00:00 [DBG] Successfully parsed data for CSR from Not Disclosed.
2022-09-30 01:39:27.886 +00:00 [DBG] Successfully parsed data for Inventory Analyst from Not Disclosed.
2022-09-30 01:39:28.954 +00:00 [DBG] Successfully parsed data for Inventory Analyst from GCG Trinidad.
2022-09-30 01:39:29.790 +00:00 [DBG] Successfully parsed data for PRODUCTION SHIFT MANAGER from Not Disclosed.
2022-09-30 01:39:30.613 +00:00 [DBG] Successfully parsed data for Sales Representative from Not Disclosed.
2022-09-30 01:39:31.719 +00:00 [DBG] Successfully parsed data for Front of House Staff from Stages on the Avenue.
2022-09-30 01:39:33.387 +00:00 [DBG] Successfully parsed data for Psychologist from The Children's Authority of Trinidad & Tobago.
2022-09-30 01:39:34.522 +00:00 [DBG] Successfully parsed data for Bartender from Stages on the Avenue.
2022-09-30 01:39:36.326 +00:00 [DBG] Successfully parsed data for Operations Manager from Newtown Capital Group.
2022-09-30 01:39:37.418 +00:00 [DBG] Successfully parsed data for Business Developer from Newtown Capital Group.
2022-09-30 01:39:38.312 +00:00 [DBG] Successfully parsed data for ETL Developer (RBL) from HRC Associates.
2022-09-30 01:39:39.176 +00:00 [DBG] Successfully parsed data for Communications Engineer (RBL) from HRC Associates.
2022-09-30 01:39:40.086 +00:00 [DBG] Successfully parsed data for Assistant Accountant from Regency Recruitment and Resources Limited.
2022-09-30 01:39:40.915 +00:00 [DBG] Successfully parsed data for Chief Architect (RBL) from HRC Associates.
2022-09-30 01:39:41.831 +00:00 [DBG] Successfully parsed data for Network Administrator, Network Administrator II, and Network Analyst (RBL) from HRC Associates.
2022-09-30 01:39:42.862 +00:00 [DBG] Successfully parsed data for Production Assistant from Newtown Capital Group.
2022-09-30 01:39:43.843 +00:00 [DBG] Successfully parsed data for BI Analyst, BI Architect, and BI Developer (RBL) from HRC Associates.
2022-09-30 01:39:44.961 +00:00 [DBG] Successfully parsed data for Manager Legal Services and Corporate Secretary from Eastman & Associates.
2022-09-30 01:39:46.070 +00:00 [DBG] Successfully parsed data for Recruitment Expert from Regency Recruitment and Resources Limited.
2022-09-30 01:39:46.961 +00:00 [DBG] Successfully parsed data for Import Export Officer from Regency Recruitment and Resources Limited.
2022-09-30 01:39:48.010 +00:00 [DBG] Successfully parsed data for Manager, Research, Strategy & Marketing from Eastman & Associates.
2022-09-30 01:39:48.935 +00:00 [DBG] Successfully parsed data for Senior Brownfield Project Engineer from NES Fircroft.
2022-09-30 01:39:49.819 +00:00 [DBG] Successfully parsed data for RECOVERIES OFFICER from Tranquillity Credit Union.
2022-09-30 01:39:50.660 +00:00 [DBG] Successfully parsed data for Technical Solutions Specialist from Telecommunications Services of Trinidad and Tobago Limited.
2022-09-30 01:39:51.553 +00:00 [DBG] Successfully parsed data for MANAGER - INTERNAL AUDITOR from Eastman & Associates.
2022-09-30 01:39:52.470 +00:00 [DBG] Successfully parsed data for Manager, Investment and Business Development from Eastman & Associates.
2022-09-30 01:39:53.392 +00:00 [DBG] Successfully parsed data for Senior Account Executive from Eve Anderson Recruitment Ltd.
2022-09-30 01:39:54.289 +00:00 [DBG] Successfully parsed data for Sr. Laboratory Technician from Nutrien (formerly PCS Nitrogen Trinidad Limited).
2022-09-30 01:39:55.206 +00:00 [DBG] Successfully parsed data for Administrative Support Officer from Dairy Distributors Limited.
2022-09-30 01:39:56.116 +00:00 [DBG] Successfully parsed data for Medical Laboratory Technician from Southern Medical Services Company Limited.
2022-09-30 01:39:57.032 +00:00 [DBG] Successfully parsed data for LEAD AUTOMOTIVE TECHNICIAN from Rahamut Enterprises Limited.
2022-09-30 01:39:58.079 +00:00 [DBG] Successfully parsed data for Business Operations Assistant I from Eve Anderson Recruitment Ltd.
2022-09-30 01:39:59.039 +00:00 [DBG] Successfully parsed data for Registered Nurse from Southern Medical Services Company Limited.
2022-09-30 01:39:59.935 +00:00 [DBG] Successfully parsed data for Electrical Technician from National Flour Mills Limited.
2022-09-30 01:40:00.812 +00:00 [DBG] Successfully parsed data for Accounts Supervisor from Aegis Business Solutions Limited.
2022-09-30 01:40:01.767 +00:00 [DBG] Successfully parsed data for Accounts Administrator -Billing & Inventory from Dairy Distributors Limited.
2022-09-30 01:40:02.629 +00:00 [DBG] Successfully parsed data for Maintenance & Engineering Manager, CCPSL from ANSA McAL Group of Companies.
2022-09-30 01:40:03.859 +00:00 [DBG] Successfully parsed data for Head of Quality, ABS from ANSA McAL Group of Companies.
2022-09-30 01:40:05.169 +00:00 [DBG] Successfully parsed data for Branch Sales Representative from Island Finance Ltd.
2022-09-30 01:40:06.325 +00:00 [DBG] Successfully parsed data for Branch Sales Representative from Island Finance Ltd.
2022-09-30 01:40:07.180 +00:00 [DBG] Successfully parsed data for Production Manager, Caribbean Clay Processing Services Limited from ANSA McAL Group of Companies.
2022-09-30 01:40:08.150 +00:00 [DBG] Successfully parsed data for Business Consulting Professionals from EY Caribbean.
2022-09-30 01:40:09.049 +00:00 [DBG] Successfully parsed data for Service Advisor, ANSA Motors from ANSA McAL Group of Companies.
2022-09-30 01:40:09.928 +00:00 [DBG] Successfully parsed data for Analyst Programmer II Innovation and Technology from Guardian Group.
2022-09-30 01:40:10.787 +00:00 [DBG] Successfully parsed data for IT Change Management Coordinator from Guardian Group.
2022-09-30 01:40:11.663 +00:00 [DBG] Successfully parsed data for Manager Deals Management from Guardian Group.
2022-09-30 01:40:12.522 +00:00 [DBG] Successfully parsed data for FACILITIES TECHNICIAN III from Kapok Hotel.
2022-09-30 01:40:13.572 +00:00 [DBG] Successfully parsed data for Data Preparedness Officer SC-8 (Caribbean Multi-Country Office) from United Nations World Food Programme.
2022-09-30 01:40:14.545 +00:00 [DBG] Successfully parsed data for Auditing Assistant (Internal Audit) from Public Transport Service Corporation of Trinidad and Tobago.
2022-09-30 01:40:15.448 +00:00 [DBG] Successfully parsed data for RELIEF SPANISH TEACHER from Bishop Anstey High School East & Trinity College East.
2022-09-30 01:40:16.353 +00:00 [DBG] Successfully parsed data for Technical Officer- Partnerships & Resource Development from International Federation of Red Cross & Red Cross & Red Cross Societies.
2022-09-30 01:40:17.212 +00:00 [DBG] Successfully parsed data for Network Engineer from Productive Business Solutions (PBS).
2022-09-30 01:40:18.356 +00:00 [DBG] Successfully parsed data for Commercial Business Officer from Urban Development Corporation of Trinidad & Tobago (UDeCOTT) Ltd.
2022-09-30 01:40:19.205 +00:00 [DBG] Successfully parsed data for Golang Developer - Remote Work / Ref. 0138E from BairesDev.
2022-09-30 01:40:20.228 +00:00 [DBG] Successfully parsed data for QA Analyst Senior - Remote Work / Ref. 0027E from BairesDev.
2022-09-30 01:40:21.073 +00:00 [DBG] Successfully parsed data for iOS Developer - Remote Work / Ref. 0047E from BairesDev.
2022-09-30 01:40:21.901 +00:00 [DBG] Successfully parsed data for Executive Headhunter - Remote Work / Ref. 0050E from BairesDev.
2022-09-30 01:40:22.757 +00:00 [DBG] Successfully parsed data for Senior DevOps - Remote Work / Ref. 0121E from BairesDev.
2022-09-30 01:40:23.637 +00:00 [DBG] Successfully parsed data for Android Developer - Remote Work / Ref. 0046E from BairesDev.
2022-09-30 01:40:24.629 +00:00 [DBG] Successfully parsed data for Angular Developer - Remote Work / Ref. 0615E from BairesDev.
2022-09-30 01:40:25.532 +00:00 [DBG] Successfully parsed data for QA Automation Senior - Remote Work / Ref. 0166E from BairesDev.
2022-09-30 01:40:26.623 +00:00 [DBG] Successfully parsed data for Consultant to review Disaster Laws and Policies in overseas NL from International Federation of Red Cross & Red Cross & Red Cross Societies.
2022-09-30 01:40:27.483 +00:00 [DBG] Successfully parsed data for PHP Developer - Remote Work / Ref. 0021E from BairesDev.
2022-09-30 01:40:28.450 +00:00 [DBG] Successfully parsed data for .NET Developer - Remote Work / Ref. 0001E from BairesDev.
2022-09-30 01:40:29.282 +00:00 [DBG] Successfully parsed data for Node Developer - Remote Work / Ref. 0111E from BairesDev.
2022-09-30 01:40:30.143 +00:00 [DBG] Successfully parsed data for React Developer - Remote Work / Ref. 0169E from BairesDev.
2022-09-30 01:40:30.976 +00:00 [DBG] Successfully parsed data for Java Developer - Remote Work / Ref. 0003E from BairesDev.
2022-09-30 01:40:31.916 +00:00 [DBG] Successfully parsed data for Python Developer - Remote Work / Ref. 0071E from BairesDev.
2022-09-30 01:40:32.826 +00:00 [DBG] Successfully parsed data for Administrative Assistant from Urban Development Corporation of Trinidad & Tobago (UDeCOTT) Ltd.
2022-09-30 01:40:34.003 +00:00 [DBG] Successfully parsed data for IT Recruiter - Remote Work / Ref. 0196E from BairesDev.
2022-09-30 01:40:34.852 +00:00 [DBG] Successfully parsed data for Talent Acquisition Leader - Remote Work / Ref. 0227E from BairesDev.
2022-09-30 01:40:35.705 +00:00 [DBG] Successfully parsed data for UX/UI Developer - Remote Work / Ref. 0066E from BairesDev.
2022-09-30 01:40:36.517 +00:00 [DBG] Successfully parsed data for Account Manager - Remote Work / Ref. 0224E from BairesDev.
2022-09-30 01:40:37.360 +00:00 [DBG] Successfully parsed data for Ruby on Rails Developer - Remote Work / Ref. 0494E from BairesDev.
2022-09-30 01:40:38.187 +00:00 [DBG] Successfully parsed data for Senior Project Manager - Remote Work / Ref. 0049E from BairesDev.
2022-09-30 01:40:39.268 +00:00 [DBG] Successfully parsed data for ICT Technician (Temporary) from Not Disclosed.
2022-09-30 01:40:40.388 +00:00 [DBG] Successfully parsed data for Senior Legal Advisor from Angostura Limited.
2022-09-30 01:40:41.738 +00:00 [DBG] Successfully parsed data for Warehouse & Distribution Manager from HRC Associates.
2022-09-30 01:40:42.637 +00:00 [DBG] Successfully parsed data for Maintenance Technician from Associated Brands Industries Ltd.
2022-09-30 01:40:43.763 +00:00 [DBG] Successfully parsed data for Senior Facilities Manager from iQor.
2022-09-30 01:40:44.615 +00:00 [DBG] Successfully parsed data for Monitoring and Evaluation Specialist from Hyacinth Guy Human Resource Company.
2022-09-30 01:40:45.495 +00:00 [DBG] Successfully parsed data for WEB DESIGNER from Council of Legal Education.
2022-09-30 01:40:46.497 +00:00 [DBG] Successfully parsed data for General Manager (Cylo Tracking) from HRC Associates.
2022-09-30 01:40:47.351 +00:00 [DBG] Successfully parsed data for CLINICAL LABORATORY SPECIALIST from Western Scientific Company Ltd.
2022-09-30 01:40:48.402 +00:00 [DBG] Successfully parsed data for Project Control Manager from Not Disclosed.
2022-09-30 01:40:49.304 +00:00 [DBG] Successfully parsed data for PS Core Network Engineer from Huawei Technologies (T&T) Ltd..
2022-09-30 01:40:50.275 +00:00 [DBG] Successfully parsed data for Assistant Company Secretary & Paralegal from NATIONAL GENERAL INSURANCE CO. N.V..
2022-09-30 01:40:51.144 +00:00 [DBG] Successfully parsed data for Systems Administrator from NIPDEC.
2022-09-30 01:40:52.001 +00:00 [DBG] Successfully parsed data for Senior Instrumentation & Controls Engineer - Design from Massy Wood Group.
2022-09-30 01:40:52.869 +00:00 [DBG] Successfully parsed data for Senior Communications Associate (Contract for Services) from The Children's Authority of Trinidad & Tobago.
2022-09-30 01:40:52.870 +00:00 [DBG] All job post data added to list successfully.
2022-09-30 01:40:53.699 +00:00 [INF] Updated/inserted Senior Financial Advisor (Belize) from Glo Recruitment & HR into database.
2022-09-30 01:40:53.784 +00:00 [INF] Updated/inserted Marketing Supervisor from IGT Latin America Corporation into database.
2022-09-30 01:40:53.952 +00:00 [INF] Updated/inserted Customer Service Representative, Berger Paints Jamaica Limited from ANSA McAL Group of Companies into database.
2022-09-30 01:40:54.036 +00:00 [INF] Updated/inserted Marketing and Sales Officer from Not Disclosed into database.
2022-09-30 01:40:54.120 +00:00 [INF] Updated/inserted Purchasing & Logistics Clerk from Western Scientific Company Ltd into database.
2022-09-30 01:40:54.205 +00:00 [INF] Updated/inserted Scientific Laboratory Specialist from Western Scientific Company Ltd into database.
2022-09-30 01:40:54.289 +00:00 [INF] Updated/inserted Accounting Assistant from Scott & Ahloy Limited into database.
2022-09-30 01:40:54.456 +00:00 [INF] Updated/inserted Senior Customs Manager from Not Disclosed into database.
2022-09-30 01:40:54.631 +00:00 [INF] Updated/inserted Merchandiser from Not Disclosed into database.
2022-09-30 01:40:54.798 +00:00 [INF] Updated/inserted DISPATCHER/PORTER from Not Disclosed into database.
2022-09-30 01:40:54.965 +00:00 [INF] Updated/inserted CSR from Not Disclosed into database.
2022-09-30 01:40:55.132 +00:00 [INF] Updated/inserted Inventory Analyst from Not Disclosed into database.
2022-09-30 01:40:55.217 +00:00 [INF] Updated/inserted Inventory Analyst from GCG Trinidad into database.
2022-09-30 01:40:55.385 +00:00 [INF] Updated/inserted PRODUCTION SHIFT MANAGER from Not Disclosed into database.
2022-09-30 01:40:55.553 +00:00 [INF] Updated/inserted Sales Representative from Not Disclosed into database.
2022-09-30 01:40:55.637 +00:00 [INF] Updated/inserted Front of House Staff from Stages on the Avenue into database.
2022-09-30 01:40:55.721 +00:00 [INF] Updated/inserted Psychologist from The Children's Authority of Trinidad & Tobago into database.
2022-09-30 01:40:55.805 +00:00 [INF] Updated/inserted Bartender from Stages on the Avenue into database.
2022-09-30 01:40:55.889 +00:00 [INF] Updated/inserted Operations Manager from Newtown Capital Group into database.
2022-09-30 01:40:55.973 +00:00 [INF] Updated/inserted Business Developer from Newtown Capital Group into database.
2022-09-30 01:40:56.058 +00:00 [INF] Updated/inserted ETL Developer (RBL) from HRC Associates into database.
2022-09-30 01:40:56.142 +00:00 [INF] Updated/inserted Communications Engineer (RBL) from HRC Associates into database.
2022-09-30 01:40:56.226 +00:00 [INF] Updated/inserted Assistant Accountant from Regency Recruitment and Resources Limited into database.
2022-09-30 01:40:56.310 +00:00 [INF] Updated/inserted Chief Architect (RBL) from HRC Associates into database.
2022-09-30 01:40:56.396 +00:00 [INF] Updated/inserted Network Administrator, Network Administrator II, and Network Analyst (RBL) from HRC Associates into database.
2022-09-30 01:40:56.481 +00:00 [INF] Updated/inserted Production Assistant from Newtown Capital Group into database.
2022-09-30 01:40:56.565 +00:00 [INF] Updated/inserted BI Analyst, BI Architect, and BI Developer (RBL) from HRC Associates into database.
2022-09-30 01:40:56.649 +00:00 [INF] Updated/inserted Manager Legal Services and Corporate Secretary from Eastman & Associates into database.
2022-09-30 01:40:56.733 +00:00 [INF] Updated/inserted Recruitment Expert from Regency Recruitment and Resources Limited into database.
2022-09-30 01:40:56.818 +00:00 [INF] Updated/inserted Import Export Officer from Regency Recruitment and Resources Limited into database.
2022-09-30 01:40:56.901 +00:00 [INF] Updated/inserted Manager, Research, Strategy & Marketing from Eastman & Associates into database.
2022-09-30 01:40:56.991 +00:00 [INF] Updated/inserted Senior Brownfield Project Engineer from NES Fircroft into database.
2022-09-30 01:40:57.075 +00:00 [INF] Updated/inserted RECOVERIES OFFICER from Tranquillity Credit Union into database.
2022-09-30 01:40:57.158 +00:00 [INF] Updated/inserted Technical Solutions Specialist from Telecommunications Services of Trinidad and Tobago Limited into database.
2022-09-30 01:40:57.242 +00:00 [INF] Updated/inserted MANAGER - INTERNAL AUDITOR from Eastman & Associates into database.
2022-09-30 01:40:57.326 +00:00 [INF] Updated/inserted Manager, Investment and Business Development from Eastman & Associates into database.
2022-09-30 01:40:57.411 +00:00 [INF] Updated/inserted Senior Account Executive from Eve Anderson Recruitment Ltd into database.
2022-09-30 01:40:57.578 +00:00 [INF] Updated/inserted Sr. Laboratory Technician from Nutrien (formerly PCS Nitrogen Trinidad Limited) into database.
2022-09-30 01:40:57.747 +00:00 [INF] Updated/inserted Administrative Support Officer from Dairy Distributors Limited into database.
2022-09-30 01:40:57.914 +00:00 [INF] Updated/inserted Medical Laboratory Technician from Southern Medical Services Company Limited into database.
2022-09-30 01:40:58.083 +00:00 [INF] Updated/inserted LEAD AUTOMOTIVE TECHNICIAN from Rahamut Enterprises Limited into database.
2022-09-30 01:40:58.252 +00:00 [INF] Updated/inserted Business Operations Assistant I from Eve Anderson Recruitment Ltd into database.
2022-09-30 01:40:58.419 +00:00 [INF] Updated/inserted Registered Nurse from Southern Medical Services Company Limited into database.
2022-09-30 01:40:58.587 +00:00 [INF] Updated/inserted Electrical Technician from National Flour Mills Limited into database.
2022-09-30 01:40:58.756 +00:00 [INF] Updated/inserted Accounts Supervisor from Aegis Business Solutions Limited into database.
2022-09-30 01:40:58.923 +00:00 [INF] Updated/inserted Accounts Administrator -Billing & Inventory from Dairy Distributors Limited into database.
2022-09-30 01:40:59.090 +00:00 [INF] Updated/inserted Maintenance & Engineering Manager, CCPSL from ANSA McAL Group of Companies into database.
2022-09-30 01:40:59.258 +00:00 [INF] Updated/inserted Head of Quality, ABS from ANSA McAL Group of Companies into database.
2022-09-30 01:40:59.425 +00:00 [INF] Updated/inserted Branch Sales Representative from Island Finance Ltd into database.
2022-09-30 01:40:59.593 +00:00 [INF] Updated/inserted Branch Sales Representative from Island Finance Ltd into database.
2022-09-30 01:40:59.761 +00:00 [INF] Updated/inserted Production Manager, Caribbean Clay Processing Services Limited from ANSA McAL Group of Companies into database.
2022-09-30 01:40:59.928 +00:00 [INF] Updated/inserted Business Consulting Professionals from EY Caribbean into database.
2022-09-30 01:41:00.095 +00:00 [INF] Updated/inserted Service Advisor, ANSA Motors from ANSA McAL Group of Companies into database.
2022-09-30 01:41:00.262 +00:00 [INF] Updated/inserted Analyst Programmer II Innovation and Technology from Guardian Group into database.
2022-09-30 01:41:00.429 +00:00 [INF] Updated/inserted IT Change Management Coordinator from Guardian Group into database.
2022-09-30 01:41:00.596 +00:00 [INF] Updated/inserted Manager Deals Management from Guardian Group into database.
2022-09-30 01:41:00.772 +00:00 [INF] Updated/inserted FACILITIES TECHNICIAN III from Kapok Hotel into database.
2022-09-30 01:41:00.939 +00:00 [INF] Updated/inserted Data Preparedness Officer SC-8 (Caribbean Multi-Country Office) from United Nations World Food Programme into database.
2022-09-30 01:41:01.107 +00:00 [INF] Updated/inserted Auditing Assistant (Internal Audit) from Public Transport Service Corporation of Trinidad and Tobago into database.
2022-09-30 01:41:01.275 +00:00 [INF] Updated/inserted RELIEF SPANISH TEACHER from Bishop Anstey High School East & Trinity College East into database.
2022-09-30 01:41:01.448 +00:00 [INF] Updated/inserted Technical Officer- Partnerships & Resource Development from International Federation of Red Cross & Red Cross & Red Cross Societies into database.
2022-09-30 01:41:01.617 +00:00 [INF] Updated/inserted Network Engineer from Productive Business Solutions (PBS) into database.
2022-09-30 01:41:01.784 +00:00 [INF] Updated/inserted Commercial Business Officer from Urban Development Corporation of Trinidad & Tobago (UDeCOTT) Ltd into database.
2022-09-30 01:41:01.952 +00:00 [INF] Updated/inserted Golang Developer - Remote Work / Ref. 0138E from BairesDev into database.
2022-09-30 01:41:02.119 +00:00 [INF] Updated/inserted QA Analyst Senior - Remote Work / Ref. 0027E from BairesDev into database.
2022-09-30 01:41:02.288 +00:00 [INF] Updated/inserted iOS Developer - Remote Work / Ref. 0047E from BairesDev into database.
2022-09-30 01:41:02.456 +00:00 [INF] Updated/inserted Executive Headhunter - Remote Work / Ref. 0050E from BairesDev into database.
2022-09-30 01:41:02.623 +00:00 [INF] Updated/inserted Senior DevOps - Remote Work / Ref. 0121E from BairesDev into database.
2022-09-30 01:41:02.794 +00:00 [INF] Updated/inserted Android Developer - Remote Work / Ref. 0046E from BairesDev into database.
2022-09-30 01:41:02.963 +00:00 [INF] Updated/inserted Angular Developer - Remote Work / Ref. 0615E from BairesDev into database.
2022-09-30 01:41:03.133 +00:00 [INF] Updated/inserted QA Automation Senior - Remote Work / Ref. 0166E from BairesDev into database.
2022-09-30 01:41:03.301 +00:00 [INF] Updated/inserted Consultant to review Disaster Laws and Policies in overseas NL from International Federation of Red Cross & Red Cross & Red Cross Societies into database.
2022-09-30 01:41:03.625 +00:00 [INF] Updated/inserted PHP Developer - Remote Work / Ref. 0021E from BairesDev into database.
2022-09-30 01:41:03.793 +00:00 [INF] Updated/inserted .NET Developer - Remote Work / Ref. 0001E from BairesDev into database.
2022-09-30 01:41:03.960 +00:00 [INF] Updated/inserted Node Developer - Remote Work / Ref. 0111E from BairesDev into database.
2022-09-30 01:41:04.128 +00:00 [INF] Updated/inserted React Developer - Remote Work / Ref. 0169E from BairesDev into database.
2022-09-30 01:41:04.295 +00:00 [INF] Updated/inserted Java Developer - Remote Work / Ref. 0003E from BairesDev into database.
2022-09-30 01:41:04.462 +00:00 [INF] Updated/inserted Python Developer - Remote Work / Ref. 0071E from BairesDev into database.
2022-09-30 01:41:04.630 +00:00 [INF] Updated/inserted Administrative Assistant from Urban Development Corporation of Trinidad & Tobago (UDeCOTT) Ltd into database.
2022-09-30 01:41:04.796 +00:00 [INF] Updated/inserted IT Recruiter - Remote Work / Ref. 0196E from BairesDev into database.
2022-09-30 01:41:04.964 +00:00 [INF] Updated/inserted Talent Acquisition Leader - Remote Work / Ref. 0227E from BairesDev into database.
2022-09-30 01:41:05.131 +00:00 [INF] Updated/inserted UX/UI Developer - Remote Work / Ref. 0066E from BairesDev into database.
2022-09-30 01:41:05.297 +00:00 [INF] Updated/inserted Account Manager - Remote Work / Ref. 0224E from BairesDev into database.
2022-09-30 01:41:05.465 +00:00 [INF] Updated/inserted Ruby on Rails Developer - Remote Work / Ref. 0494E from BairesDev into database.
2022-09-30 01:41:05.633 +00:00 [INF] Updated/inserted Senior Project Manager - Remote Work / Ref. 0049E from BairesDev into database.
2022-09-30 01:41:05.801 +00:00 [INF] Updated/inserted ICT Technician (Temporary) from Not Disclosed into database.
2022-09-30 01:41:05.968 +00:00 [INF] Updated/inserted Senior Legal Advisor from Angostura Limited into database.
2022-09-30 01:41:06.135 +00:00 [INF] Updated/inserted Warehouse & Distribution Manager from HRC Associates into database.
2022-09-30 01:41:06.304 +00:00 [INF] Updated/inserted Maintenance Technician from Associated Brands Industries Ltd into database.
2022-09-30 01:41:06.471 +00:00 [INF] Updated/inserted Senior Facilities Manager from iQor into database.
2022-09-30 01:41:06.639 +00:00 [INF] Updated/inserted Monitoring and Evaluation Specialist from Hyacinth Guy Human Resource Company into database.
2022-09-30 01:41:06.806 +00:00 [INF] Updated/inserted WEB DESIGNER from Council of Legal Education into database.
2022-09-30 01:41:06.974 +00:00 [INF] Updated/inserted General Manager (Cylo Tracking) from HRC Associates into database.
2022-09-30 01:41:07.141 +00:00 [INF] Updated/inserted CLINICAL LABORATORY SPECIALIST from Western Scientific Company Ltd into database.
2022-09-30 01:41:07.308 +00:00 [INF] Updated/inserted Project Control Manager from Not Disclosed into database.
2022-09-30 01:41:07.475 +00:00 [INF] Updated/inserted PS Core Network Engineer from Huawei Technologies (T&T) Ltd. into database.
2022-09-30 01:41:07.642 +00:00 [INF] Updated/inserted Assistant Company Secretary & Paralegal from NATIONAL GENERAL INSURANCE CO. N.V. into database.
2022-09-30 01:41:07.809 +00:00 [INF] Updated/inserted Systems Administrator from NIPDEC into database.
2022-09-30 01:41:07.976 +00:00 [INF] Updated/inserted Senior Instrumentation & Controls Engineer - Design from Massy Wood Group into database.
2022-09-30 01:41:08.143 +00:00 [INF] Updated/inserted Senior Communications Associate (Contract for Services) from The Children's Authority of Trinidad & Tobago into database.
2022-09-30 01:41:08.821 +00:00 [INF] Finished fetching current posts successfully.
