2022-09-24 01:39:34.107 +00:00 [DBG] Successfully parsed data for Quantity Surveyor from Not Disclosed.
2022-09-24 01:39:35.398 +00:00 [DBG] Successfully parsed data for MEDICAL ATTENDANT from Southern Medical Services Company Limited.
2022-09-24 01:39:36.561 +00:00 [DBG] Successfully parsed data for Inventory Analyst from Not Disclosed.
2022-09-24 01:39:37.665 +00:00 [DBG] Successfully parsed data for Systems Administrator from NIPDEC.
2022-09-24 01:39:38.740 +00:00 [DBG] Successfully parsed data for Senior Instrumentation & Controls Engineer - Design from Massy Wood Group.
2022-09-24 01:39:39.775 +00:00 [DBG] Successfully parsed data for WEB DESIGNER from Hugh Wooding Law School.
2022-09-24 01:39:40.834 +00:00 [DBG] Successfully parsed data for Receptionist Oil and Gas from Eve Anderson Recruitment Ltd.
2022-09-24 01:39:41.860 +00:00 [DBG] Successfully parsed data for Sales Representative from Not Disclosed.
2022-09-24 01:39:43.002 +00:00 [DBG] Successfully parsed data for CSR from Not Disclosed.
2022-09-24 01:39:44.032 +00:00 [DBG] Successfully parsed data for Senior Communications Associate (Contract for Services) from The Children's Authority of Trinidad & Tobago.
2022-09-24 01:39:45.054 +00:00 [DBG] Successfully parsed data for Volunteer Programme Coordinator from The Children's Authority of Trinidad & Tobago.
2022-09-24 01:39:46.037 +00:00 [DBG] Successfully parsed data for Customer Service Representative - Seasonal from iQor.
2022-09-24 01:39:47.132 +00:00 [DBG] Successfully parsed data for Reporting Supervisor from iQor.
2022-09-24 01:39:48.159 +00:00 [DBG] Successfully parsed data for Sales & Marketing Representative from RecruitmentXperts Ltd.
2022-09-24 01:39:49.298 +00:00 [DBG] Successfully parsed data for Accounts Clerk - Reconciliation from Productive Business Solutions (PBS).
2022-09-24 01:39:50.309 +00:00 [DBG] Successfully parsed data for General Manager, Couva Shopping Complex from Hyacinth Guy Human Resource Company.
2022-09-24 01:39:51.260 +00:00 [DBG] Successfully parsed data for Monitoring and Evaluation Specialist from Hyacinth Guy Human Resource Company.
2022-09-24 01:39:52.472 +00:00 [DBG] Successfully parsed data for Driver (6 month contract, Shift) from RecruitmentXperts Ltd.
2022-09-24 01:39:53.661 +00:00 [DBG] Successfully parsed data for Assistant General Manager from Regency Recruitment and Resources Limited.
2022-09-24 01:39:54.774 +00:00 [DBG] Successfully parsed data for Car Park Attendant from Southern Medical Services Company Limited.
2022-09-24 01:39:55.785 +00:00 [DBG] Successfully parsed data for Quantity Surveyor/ Technician from Not Disclosed.
2022-09-24 01:39:56.772 +00:00 [DBG] Successfully parsed data for Senior Analyst - Sales Forecasting from S.M. Jaleel & Company Limited.
2022-09-24 01:39:57.746 +00:00 [DBG] Successfully parsed data for Accounts Supervisor from Aegis Business Solutions Limited.
2022-09-24 01:39:58.730 +00:00 [DBG] Successfully parsed data for Process Engineer II from Massy Wood Group.
2022-09-24 01:39:59.739 +00:00 [DBG] Successfully parsed data for COMMUNICATION STUDIES TEACHER from Bishop Anstey High School East & Trinity College East.
2022-09-24 01:40:00.750 +00:00 [DBG] Successfully parsed data for Project Delivery Lead - Secondment from Massy Wood Group.
2022-09-24 01:40:01.769 +00:00 [DBG] Successfully parsed data for Project Delivery Lead from Massy Wood Group.
2022-09-24 01:40:02.874 +00:00 [DBG] Successfully parsed data for Business Operations Assistant II from Eve Anderson Recruitment Ltd.
2022-09-24 01:40:03.929 +00:00 [DBG] Successfully parsed data for Internal Auditor from National Flour Mills Limited.
2022-09-24 01:40:05.028 +00:00 [DBG] Successfully parsed data for Group IFRS Compliance Manager from ANSA McAL Group of Companies.
2022-09-24 01:40:06.142 +00:00 [DBG] Successfully parsed data for GRAPHIC ARTIST from Eastman & Associates.
2022-09-24 01:40:07.618 +00:00 [DBG] Successfully parsed data for Collection Officer from NES Fircroft.
2022-09-24 01:40:08.617 +00:00 [DBG] Successfully parsed data for Marketing and Sales Officer from Not Disclosed.
2022-09-24 01:40:09.640 +00:00 [DBG] Successfully parsed data for Performance Analyst from Phoenix Park Gas Processors Limited.
2022-09-24 01:40:10.813 +00:00 [DBG] Successfully parsed data for Manager - Deal Advisory from KPMG Caricom Business Services Limited.
2022-09-24 01:40:11.857 +00:00 [DBG] Successfully parsed data for Tax Manager from KPMG Caricom Business Services Limited.
2022-09-24 01:40:12.999 +00:00 [DBG] Successfully parsed data for Sales Associate from PSCU Credit Union Co-operative Society Limited.
2022-09-24 01:40:14.030 +00:00 [DBG] Successfully parsed data for PRINCIPAL, SPECIAL EDUCATION from RecruitmentXperts Ltd.
2022-09-24 01:40:14.996 +00:00 [DBG] Successfully parsed data for Account Executive from Regency Recruitment and Resources Limited.
2022-09-24 01:40:16.044 +00:00 [DBG] Successfully parsed data for Instrumentation & Controls Engineer II from Massy Wood Group.
2022-09-24 01:40:17.064 +00:00 [DBG] Successfully parsed data for Senior Electrical Engineer - Design from Massy Wood Group.
2022-09-24 01:40:17.998 +00:00 [DBG] Successfully parsed data for Accounting Assistant from The Dachin Group of Companies.
2022-09-24 01:40:19.014 +00:00 [DBG] Successfully parsed data for Trade Marketing Assistant from Kaleidoscope Paints Limited.
2022-09-24 01:40:20.160 +00:00 [DBG] Successfully parsed data for Laboratory Shift Supervisor from Kenson Group of Companies.
2022-09-24 01:40:21.109 +00:00 [DBG] Successfully parsed data for Laboratory Technician from Kenson Group of Companies.
2022-09-24 01:40:22.087 +00:00 [DBG] Successfully parsed data for HSSE Manager from GCG Trinidad.
2022-09-24 01:40:23.255 +00:00 [DBG] Successfully parsed data for CEDI- Sales & Operations Manager from Ramco Industries Limited.
2022-09-24 01:40:24.244 +00:00 [DBG] Successfully parsed data for Legal Services Manager from S.M. Jaleel & Company Limited.
2022-09-24 01:40:25.252 +00:00 [DBG] Successfully parsed data for Operations Analyst from National Flour Mills Limited.
2022-09-24 01:40:26.345 +00:00 [DBG] Successfully parsed data for Tractor Driver from Not Disclosed.
2022-09-24 01:40:27.414 +00:00 [DBG] Successfully parsed data for Retail Associate from Digicel.
2022-09-24 01:40:28.477 +00:00 [DBG] Successfully parsed data for Account Executive from Digicel.
2022-09-24 01:40:29.474 +00:00 [DBG] Successfully parsed data for Accounting Assistant from The Maritime Financial Group.
2022-09-24 01:40:30.485 +00:00 [DBG] Successfully parsed data for FASHION MARKETING ASSISTANT from Ecliff Elie Limited.
2022-09-24 01:40:31.445 +00:00 [DBG] Successfully parsed data for Branch Supervisor from J & K Signature Styles.
2022-09-24 01:40:32.465 +00:00 [DBG] Successfully parsed data for Senior Technical Support Professional from Amplia Communications Limited.
2022-09-24 01:40:33.385 +00:00 [DBG] Successfully parsed data for Accountant from Not Disclosed.
2022-09-24 01:40:34.373 +00:00 [DBG] Successfully parsed data for Finance Intern from CGA Limited.
2022-09-24 01:40:35.672 +00:00 [DBG] Successfully parsed data for Country Ecommerce Officer from UNICOMER (Trinidad) Ltd.
2022-09-24 01:40:36.673 +00:00 [DBG] Successfully parsed data for TECHNICIAN from Not Disclosed.
2022-09-24 01:40:37.636 +00:00 [DBG] Successfully parsed data for Customer Service Representative from Not Disclosed.
2022-09-24 01:40:38.590 +00:00 [DBG] Successfully parsed data for Project Coordinator from Associated Brands Industries Ltd.
2022-09-24 01:40:39.535 +00:00 [DBG] Successfully parsed data for Maintenance Planning Assistant from Associated Brands Industries Ltd.
2022-09-24 01:40:40.543 +00:00 [DBG] Successfully parsed data for DISPATCHER/PORTER from Not Disclosed.
2022-09-24 01:40:41.609 +00:00 [DBG] Successfully parsed data for Merchandiser from Not Disclosed.
2022-09-24 01:40:43.320 +00:00 [DBG] Successfully parsed data for Senior Customs Manager from Not Disclosed.
2022-09-24 01:40:44.575 +00:00 [DBG] Successfully parsed data for RESEARCH OFFICER from North Central Regional Health Authority.
2022-09-24 01:40:45.446 +00:00 [DBG] Successfully parsed data for EXECUTIVE SECRETARY from North Central Regional Health Authority.
2022-09-24 01:40:46.294 +00:00 [DBG] Successfully parsed data for MANAGER, LEGAL from North Central Regional Health Authority.
2022-09-24 01:40:47.137 +00:00 [DBG] Successfully parsed data for ELECTRICAL ENGINEER I from North Central Regional Health Authority.
2022-09-24 01:40:47.988 +00:00 [DBG] Successfully parsed data for Corporate Services Administrator from Regency Recruitment and Resources Limited.
2022-09-24 01:40:48.841 +00:00 [DBG] Successfully parsed data for Store Supervisor (Courts) from UNICOMER (Trinidad) Ltd.
2022-09-24 01:40:49.709 +00:00 [DBG] Successfully parsed data for Optometrist from UNICOMER (Trinidad) Ltd.
2022-09-24 01:40:51.090 +00:00 [DBG] Successfully parsed data for Fulfillment Planner from UNICOMER (Trinidad) Ltd.
2022-09-24 01:40:51.968 +00:00 [DBG] Successfully parsed data for Customer Service Sales Representative from iQor.
2022-09-24 01:40:52.918 +00:00 [DBG] Successfully parsed data for Senior Financial Advisor (Belize) from Glo Recruitment & HR.
2022-09-24 01:40:53.802 +00:00 [DBG] Successfully parsed data for Finance Manager, Standard Distributors Limited from ANSA McAL Group of Companies.
2022-09-24 01:40:54.966 +00:00 [DBG] Successfully parsed data for Buyer, Standard Distributors Limited from ANSA McAL Group of Companies.
2022-09-24 01:40:55.834 +00:00 [DBG] Successfully parsed data for Senior Procurement Officer from Electrical Industries Group Ltd (EIG).
2022-09-24 01:40:56.846 +00:00 [DBG] Successfully parsed data for Enrolled Nursing Assistant - Pool from Not Disclosed.
2022-09-24 01:40:57.888 +00:00 [DBG] Successfully parsed data for Health Care Sector Lead from Not Disclosed.
2022-09-24 01:40:58.798 +00:00 [DBG] Successfully parsed data for Claims Technician from Not Disclosed.
2022-09-24 01:40:59.853 +00:00 [DBG] Successfully parsed data for Bilingual-IT Desktop Support Technician from ESP.CO. UK. Ltd / ESP GLOBAL.
2022-09-24 01:41:00.776 +00:00 [DBG] Successfully parsed data for Draughting Technician from Delta Window and Doors.
2022-09-24 01:41:02.021 +00:00 [DBG] Successfully parsed data for Part Qualified Accountant from Actavo.
2022-09-24 01:41:02.968 +00:00 [DBG] Successfully parsed data for Group IT Cloud Engineer from Digicel.
2022-09-24 01:41:03.907 +00:00 [DBG] Successfully parsed data for IT Security Specialist (Trinidad) from Caribbean Airlines Limited.
2022-09-24 01:41:04.796 +00:00 [DBG] Successfully parsed data for Manager - Managed Services & Major Projects from Productive Business Solutions (PBS).
2022-09-24 01:41:05.872 +00:00 [DBG] Successfully parsed data for Mechanical Engineer II - Downstream Oil & Gas from NES Fircroft.
2022-09-24 01:41:09.354 +00:00 [DBG] Successfully parsed data for Logistics Manager from Angostura Limited.
2022-09-24 01:41:10.380 +00:00 [DBG] Successfully parsed data for Supply Planner from Angostura Limited.
2022-09-24 01:41:11.324 +00:00 [DBG] Successfully parsed data for Corporate Trainer from Regency Recruitment and Resources Limited.
2022-09-24 01:41:12.254 +00:00 [DBG] Successfully parsed data for Facilities Coordinator, Standard Distributors Limited from ANSA McAL Group of Companies.
2022-09-24 01:41:13.329 +00:00 [DBG] Successfully parsed data for Programmer Trainee from Republic Bank Limited.
2022-09-24 01:41:14.298 +00:00 [DBG] Successfully parsed data for Account Executive, Carib Glassworks Limited from ANSA McAL Group of Companies.
2022-09-24 01:41:15.163 +00:00 [DBG] Successfully parsed data for Project Assistant- Production from Aegis Business Solutions Limited.
2022-09-24 01:41:16.060 +00:00 [DBG] Successfully parsed data for Community Engagement Intern- Facebook and Tiktok from Aegis Business Solutions Limited.
2022-09-24 01:41:17.126 +00:00 [DBG] Successfully parsed data for Marketing Coordinator from Aegis Business Solutions Limited.
2022-09-24 01:41:18.090 +00:00 [DBG] Successfully parsed data for Network Technician from Regency Recruitment and Resources Limited.
2022-09-24 01:41:19.025 +00:00 [DBG] Successfully parsed data for Legal Advisor from Radiant Law.
2022-09-24 01:41:19.026 +00:00 [DBG] All job post data added to list successfully.
2022-09-24 01:41:19.919 +00:00 [INF] Updated/inserted Quantity Surveyor from Not Disclosed into database.
2022-09-24 01:41:20.113 +00:00 [INF] Updated/inserted MEDICAL ATTENDANT from Southern Medical Services Company Limited into database.
2022-09-24 01:41:20.200 +00:00 [INF] Updated/inserted Inventory Analyst from Not Disclosed into database.
2022-09-24 01:41:20.285 +00:00 [INF] Updated/inserted Systems Administrator from NIPDEC into database.
2022-09-24 01:41:20.371 +00:00 [INF] Updated/inserted Senior Instrumentation & Controls Engineer - Design from Massy Wood Group into database.
2022-09-24 01:41:20.456 +00:00 [INF] Updated/inserted WEB DESIGNER from Hugh Wooding Law School into database.
2022-09-24 01:41:20.545 +00:00 [INF] Updated/inserted Receptionist Oil and Gas from Eve Anderson Recruitment Ltd into database.
2022-09-24 01:41:20.716 +00:00 [INF] Updated/inserted Sales Representative from Not Disclosed into database.
2022-09-24 01:41:20.888 +00:00 [INF] Updated/inserted CSR from Not Disclosed into database.
2022-09-24 01:41:20.973 +00:00 [INF] Updated/inserted Senior Communications Associate (Contract for Services) from The Children's Authority of Trinidad & Tobago into database.
2022-09-24 01:41:21.058 +00:00 [INF] Updated/inserted Volunteer Programme Coordinator from The Children's Authority of Trinidad & Tobago into database.
2022-09-24 01:41:21.147 +00:00 [INF] Updated/inserted Customer Service Representative - Seasonal from iQor into database.
2022-09-24 01:41:21.317 +00:00 [INF] Updated/inserted Reporting Supervisor from iQor into database.
2022-09-24 01:41:21.401 +00:00 [INF] Updated/inserted Sales & Marketing Representative from RecruitmentXperts Ltd into database.
2022-09-24 01:41:21.486 +00:00 [INF] Updated/inserted Accounts Clerk - Reconciliation from Productive Business Solutions (PBS) into database.
2022-09-24 01:41:21.571 +00:00 [INF] Updated/inserted General Manager, Couva Shopping Complex from Hyacinth Guy Human Resource Company into database.
2022-09-24 01:41:21.657 +00:00 [INF] Updated/inserted Monitoring and Evaluation Specialist from Hyacinth Guy Human Resource Company into database.
2022-09-24 01:41:21.744 +00:00 [INF] Updated/inserted Driver (6 month contract, Shift) from RecruitmentXperts Ltd into database.
2022-09-24 01:41:21.914 +00:00 [INF] Updated/inserted Assistant General Manager from Regency Recruitment and Resources Limited into database.
2022-09-24 01:41:21.999 +00:00 [INF] Updated/inserted Car Park Attendant from Southern Medical Services Company Limited into database.
2022-09-24 01:41:22.172 +00:00 [INF] Updated/inserted Quantity Surveyor/ Technician from Not Disclosed into database.
2022-09-24 01:41:22.256 +00:00 [INF] Updated/inserted Senior Analyst - Sales Forecasting from S.M. Jaleel & Company Limited into database.
2022-09-24 01:41:22.425 +00:00 [INF] Updated/inserted Accounts Supervisor from Aegis Business Solutions Limited into database.
2022-09-24 01:41:22.595 +00:00 [INF] Updated/inserted Process Engineer II from Massy Wood Group into database.
2022-09-24 01:41:22.771 +00:00 [INF] Updated/inserted COMMUNICATION STUDIES TEACHER from Bishop Anstey High School East & Trinity College East into database.
2022-09-24 01:41:22.950 +00:00 [INF] Updated/inserted Project Delivery Lead - Secondment from Massy Wood Group into database.
2022-09-24 01:41:23.119 +00:00 [INF] Updated/inserted Project Delivery Lead from Massy Wood Group into database.
2022-09-24 01:41:23.287 +00:00 [INF] Updated/inserted Business Operations Assistant II from Eve Anderson Recruitment Ltd into database.
2022-09-24 01:41:23.459 +00:00 [INF] Updated/inserted Internal Auditor from National Flour Mills Limited into database.
2022-09-24 01:41:23.628 +00:00 [INF] Updated/inserted Group IFRS Compliance Manager from ANSA McAL Group of Companies into database.
2022-09-24 01:41:23.800 +00:00 [INF] Updated/inserted GRAPHIC ARTIST from Eastman & Associates into database.
2022-09-24 01:41:23.969 +00:00 [INF] Updated/inserted Collection Officer from NES Fircroft into database.
2022-09-24 01:41:24.141 +00:00 [INF] Updated/inserted Marketing and Sales Officer from Not Disclosed into database.
2022-09-24 01:41:24.311 +00:00 [INF] Updated/inserted Performance Analyst from Phoenix Park Gas Processors Limited into database.
2022-09-24 01:41:24.480 +00:00 [INF] Updated/inserted Manager - Deal Advisory from KPMG Caricom Business Services Limited into database.
2022-09-24 01:41:24.649 +00:00 [INF] Updated/inserted Tax Manager from KPMG Caricom Business Services Limited into database.
2022-09-24 01:41:24.819 +00:00 [INF] Updated/inserted Sales Associate from PSCU Credit Union Co-operative Society Limited into database.
2022-09-24 01:41:24.989 +00:00 [INF] Updated/inserted PRINCIPAL, SPECIAL EDUCATION from RecruitmentXperts Ltd into database.
2022-09-24 01:41:25.161 +00:00 [INF] Updated/inserted Account Executive from Regency Recruitment and Resources Limited into database.
2022-09-24 01:41:25.329 +00:00 [INF] Updated/inserted Instrumentation & Controls Engineer II from Massy Wood Group into database.
2022-09-24 01:41:25.500 +00:00 [INF] Updated/inserted Senior Electrical Engineer - Design from Massy Wood Group into database.
2022-09-24 01:41:25.668 +00:00 [INF] Updated/inserted Accounting Assistant from The Dachin Group of Companies into database.
2022-09-24 01:41:25.838 +00:00 [INF] Updated/inserted Trade Marketing Assistant from Kaleidoscope Paints Limited into database.
2022-09-24 01:41:26.007 +00:00 [INF] Updated/inserted Laboratory Shift Supervisor from Kenson Group of Companies into database.
2022-09-24 01:41:26.180 +00:00 [INF] Updated/inserted Laboratory Technician from Kenson Group of Companies into database.
2022-09-24 01:41:26.349 +00:00 [INF] Updated/inserted HSSE Manager from GCG Trinidad into database.
2022-09-24 01:41:26.519 +00:00 [INF] Updated/inserted CEDI- Sales & Operations Manager from Ramco Industries Limited into database.
2022-09-24 01:41:26.692 +00:00 [INF] Updated/inserted Legal Services Manager from S.M. Jaleel & Company Limited into database.
2022-09-24 01:41:26.862 +00:00 [INF] Updated/inserted Operations Analyst from National Flour Mills Limited into database.
2022-09-24 01:41:27.042 +00:00 [INF] Updated/inserted Tractor Driver from Not Disclosed into database.
2022-09-24 01:41:27.213 +00:00 [INF] Updated/inserted Retail Associate from Digicel into database.
2022-09-24 01:41:27.383 +00:00 [INF] Updated/inserted Account Executive from Digicel into database.
2022-09-24 01:41:27.552 +00:00 [INF] Updated/inserted Accounting Assistant from The Maritime Financial Group into database.
2022-09-24 01:41:27.721 +00:00 [INF] Updated/inserted FASHION MARKETING ASSISTANT from Ecliff Elie Limited into database.
2022-09-24 01:41:27.890 +00:00 [INF] Updated/inserted Branch Supervisor from J & K Signature Styles into database.
2022-09-24 01:41:28.058 +00:00 [INF] Updated/inserted Senior Technical Support Professional from Amplia Communications Limited into database.
2022-09-24 01:41:28.228 +00:00 [INF] Updated/inserted Accountant from Not Disclosed into database.
2022-09-24 01:41:28.402 +00:00 [INF] Updated/inserted Finance Intern from CGA Limited into database.
2022-09-24 01:41:28.571 +00:00 [INF] Updated/inserted Country Ecommerce Officer from UNICOMER (Trinidad) Ltd into database.
2022-09-24 01:41:28.740 +00:00 [INF] Updated/inserted TECHNICIAN from Not Disclosed into database.
2022-09-24 01:41:28.908 +00:00 [INF] Updated/inserted Customer Service Representative from Not Disclosed into database.
2022-09-24 01:41:29.086 +00:00 [INF] Updated/inserted Project Coordinator from Associated Brands Industries Ltd into database.
2022-09-24 01:41:29.254 +00:00 [INF] Updated/inserted Maintenance Planning Assistant from Associated Brands Industries Ltd into database.
2022-09-24 01:41:29.435 +00:00 [INF] Updated/inserted DISPATCHER/PORTER from Not Disclosed into database.
2022-09-24 01:41:29.624 +00:00 [INF] Updated/inserted Merchandiser from Not Disclosed into database.
2022-09-24 01:41:29.793 +00:00 [INF] Updated/inserted Senior Customs Manager from Not Disclosed into database.
2022-09-24 01:41:29.970 +00:00 [INF] Updated/inserted RESEARCH OFFICER from North Central Regional Health Authority into database.
2022-09-24 01:41:30.138 +00:00 [INF] Updated/inserted EXECUTIVE SECRETARY from North Central Regional Health Authority into database.
2022-09-24 01:41:30.308 +00:00 [INF] Updated/inserted MANAGER, LEGAL from North Central Regional Health Authority into database.
2022-09-24 01:41:30.477 +00:00 [INF] Updated/inserted ELECTRICAL ENGINEER I from North Central Regional Health Authority into database.
2022-09-24 01:41:30.646 +00:00 [INF] Updated/inserted Corporate Services Administrator from Regency Recruitment and Resources Limited into database.
2022-09-24 01:41:30.816 +00:00 [INF] Updated/inserted Store Supervisor (Courts) from UNICOMER (Trinidad) Ltd into database.
2022-09-24 01:41:30.988 +00:00 [INF] Updated/inserted Optometrist from UNICOMER (Trinidad) Ltd into database.
2022-09-24 01:41:31.158 +00:00 [INF] Updated/inserted Fulfillment Planner from UNICOMER (Trinidad) Ltd into database.
2022-09-24 01:41:31.331 +00:00 [INF] Updated/inserted Customer Service Sales Representative from iQor into database.
2022-09-24 01:41:31.503 +00:00 [INF] Updated/inserted Senior Financial Advisor (Belize) from Glo Recruitment & HR into database.
2022-09-24 01:41:31.672 +00:00 [INF] Updated/inserted Finance Manager, Standard Distributors Limited from ANSA McAL Group of Companies into database.
2022-09-24 01:41:31.842 +00:00 [INF] Updated/inserted Buyer, Standard Distributors Limited from ANSA McAL Group of Companies into database.
2022-09-24 01:41:32.010 +00:00 [INF] Updated/inserted Senior Procurement Officer from Electrical Industries Group Ltd (EIG) into database.
2022-09-24 01:41:32.179 +00:00 [INF] Updated/inserted Enrolled Nursing Assistant - Pool from Not Disclosed into database.
2022-09-24 01:41:32.349 +00:00 [INF] Updated/inserted Health Care Sector Lead from Not Disclosed into database.
2022-09-24 01:41:32.520 +00:00 [INF] Updated/inserted Claims Technician from Not Disclosed into database.
2022-09-24 01:41:32.690 +00:00 [INF] Updated/inserted Bilingual-IT Desktop Support Technician from ESP.CO. UK. Ltd / ESP GLOBAL into database.
2022-09-24 01:41:32.860 +00:00 [INF] Updated/inserted Draughting Technician from Delta Window and Doors into database.
2022-09-24 01:41:33.033 +00:00 [INF] Updated/inserted Part Qualified Accountant from Actavo into database.
2022-09-24 01:41:33.202 +00:00 [INF] Updated/inserted Group IT Cloud Engineer from Digicel into database.
2022-09-24 01:41:33.371 +00:00 [INF] Updated/inserted IT Security Specialist (Trinidad) from Caribbean Airlines Limited into database.
2022-09-24 01:41:33.541 +00:00 [INF] Updated/inserted Manager - Managed Services & Major Projects from Productive Business Solutions (PBS) into database.
2022-09-24 01:41:33.712 +00:00 [INF] Updated/inserted Mechanical Engineer II - Downstream Oil & Gas from NES Fircroft into database.
2022-09-24 01:41:33.885 +00:00 [INF] Updated/inserted Logistics Manager from Angostura Limited into database.
2022-09-24 01:41:34.055 +00:00 [INF] Updated/inserted Supply Planner from Angostura Limited into database.
2022-09-24 01:41:34.224 +00:00 [INF] Updated/inserted Corporate Trainer from Regency Recruitment and Resources Limited into database.
2022-09-24 01:41:34.395 +00:00 [INF] Updated/inserted Facilities Coordinator, Standard Distributors Limited from ANSA McAL Group of Companies into database.
2022-09-24 01:41:34.563 +00:00 [INF] Updated/inserted Programmer Trainee from Republic Bank Limited into database.
2022-09-24 01:41:34.734 +00:00 [INF] Updated/inserted Account Executive, Carib Glassworks Limited from ANSA McAL Group of Companies into database.
2022-09-24 01:41:34.903 +00:00 [INF] Updated/inserted Project Assistant- Production from Aegis Business Solutions Limited into database.
2022-09-24 01:41:35.079 +00:00 [INF] Updated/inserted Community Engagement Intern- Facebook and Tiktok from Aegis Business Solutions Limited into database.
2022-09-24 01:41:35.248 +00:00 [INF] Updated/inserted Marketing Coordinator from Aegis Business Solutions Limited into database.
2022-09-24 01:41:35.418 +00:00 [INF] Updated/inserted Network Technician from Regency Recruitment and Resources Limited into database.
2022-09-24 01:41:35.588 +00:00 [INF] Updated/inserted Legal Advisor from Radiant Law into database.
2022-09-24 01:41:36.502 +00:00 [INF] Finished fetching current posts successfully.
