2022-09-29 01:39:18.633 +00:00 [DBG] Successfully parsed data for Monitoring and Evaluation Specialist from Hyacinth Guy Human Resource Company.
2022-09-29 01:39:19.944 +00:00 [DBG] Successfully parsed data for Sales Representative from Not Disclosed.
2022-09-29 01:39:21.285 +00:00 [DBG] Successfully parsed data for Senior Customs Manager from Not Disclosed.
2022-09-29 01:39:22.119 +00:00 [DBG] Successfully parsed data for PRODUCTION SHIFT MANAGER from Not Disclosed.
2022-09-29 01:39:23.798 +00:00 [DBG] Successfully parsed data for Inventory Analyst from Not Disclosed.
2022-09-29 01:39:24.689 +00:00 [DBG] Successfully parsed data for CSR from Not Disclosed.
2022-09-29 01:39:25.545 +00:00 [DBG] Successfully parsed data for DISPATCHER/PORTER from Not Disclosed.
2022-09-29 01:39:26.732 +00:00 [DBG] Successfully parsed data for Merchandiser from Not Disclosed.
2022-09-29 01:39:27.839 +00:00 [DBG] Successfully parsed data for Sr. Laboratory Technician from Nutrien (formerly PCS Nitrogen Trinidad Limited).
2022-09-29 01:39:28.739 +00:00 [DBG] Successfully parsed data for Administrative Support Officer from Dairy Distributors Limited.
2022-09-29 01:39:29.616 +00:00 [DBG] Successfully parsed data for Medical Laboratory Technician from Southern Medical Services Company Limited.
2022-09-29 01:39:30.527 +00:00 [DBG] Successfully parsed data for LEAD AUTOMOTIVE TECHNICIAN from Rahamut Enterprises Limited.
2022-09-29 01:39:31.445 +00:00 [DBG] Successfully parsed data for Business Operations Assistant I from Eve Anderson Recruitment Ltd.
2022-09-29 01:39:32.417 +00:00 [DBG] Successfully parsed data for Registered Nurse from Southern Medical Services Company Limited.
2022-09-29 01:39:33.459 +00:00 [DBG] Successfully parsed data for Internal Auditor Assistant from Jo-Anne Mouttet & Associates.
2022-09-29 01:39:34.352 +00:00 [DBG] Successfully parsed data for Sales Representative from Jo-Anne Mouttet & Associates.
2022-09-29 01:39:35.563 +00:00 [DBG] Successfully parsed data for Pre-Sales Consultant from Eve Anderson Recruitment Ltd.
2022-09-29 01:39:36.441 +00:00 [DBG] Successfully parsed data for Electrical Technician from National Flour Mills Limited.
2022-09-29 01:39:37.233 +00:00 [DBG] Successfully parsed data for Accounts Supervisor from Aegis Business Solutions Limited.
2022-09-29 01:39:38.118 +00:00 [DBG] Successfully parsed data for Accounts Administrator -Billing & Inventory from Dairy Distributors Limited.
2022-09-29 01:39:39.369 +00:00 [DBG] Successfully parsed data for Maintenance & Engineering Manager, CCPSL from ANSA McAL Group of Companies.
2022-09-29 01:39:40.265 +00:00 [DBG] Successfully parsed data for Head of Quality, ABS from ANSA McAL Group of Companies.
2022-09-29 01:39:41.697 +00:00 [DBG] Successfully parsed data for Branch Sales Representative from Island Finance Ltd.
2022-09-29 01:39:42.817 +00:00 [DBG] Successfully parsed data for Branch Sales Representative from Island Finance Ltd.
2022-09-29 01:39:43.681 +00:00 [DBG] Successfully parsed data for Production Manager, Caribbean Clay Processing Services Limited from ANSA McAL Group of Companies.
2022-09-29 01:39:44.620 +00:00 [DBG] Successfully parsed data for Business Consulting Professionals from EY Caribbean.
2022-09-29 01:39:45.470 +00:00 [DBG] Successfully parsed data for Customer Service Representative, ANSA Coatings Limited from ANSA McAL Group of Companies.
2022-09-29 01:39:46.353 +00:00 [DBG] Successfully parsed data for Service Advisor, ANSA Motors from ANSA McAL Group of Companies.
2022-09-29 01:39:47.488 +00:00 [DBG] Successfully parsed data for Analyst Programmer II Innovation and Technology from Guardian Group.
2022-09-29 01:39:48.420 +00:00 [DBG] Successfully parsed data for IT Change Management Coordinator from Guardian Group.
2022-09-29 01:39:49.290 +00:00 [DBG] Successfully parsed data for Quantity Surveyor/ Technician from Not Disclosed.
2022-09-29 01:39:50.402 +00:00 [DBG] Successfully parsed data for Manager Deals Management from Guardian Group.
2022-09-29 01:39:51.252 +00:00 [DBG] Successfully parsed data for FACILITIES TECHNICIAN III from Kapok Hotel.
2022-09-29 01:39:52.260 +00:00 [DBG] Successfully parsed data for Telephone Operator / Receptionist from Eastman & Associates.
2022-09-29 01:39:53.119 +00:00 [DBG] Successfully parsed data for Data Preparedness Officer SC-8 (Caribbean Multi-Country Office) from United Nations World Food Programme.
2022-09-29 01:39:54.008 +00:00 [DBG] Successfully parsed data for Auditing Assistant (Internal Audit) from Public Transport Service Corporation of Trinidad and Tobago.
2022-09-29 01:39:54.935 +00:00 [DBG] Successfully parsed data for Senior Financial Advisor (Belize) from Glo Recruitment & HR.
2022-09-29 01:39:56.789 +00:00 [DBG] Successfully parsed data for RELIEF SPANISH TEACHER from Bishop Anstey High School East & Trinity College East.
2022-09-29 01:39:57.733 +00:00 [DBG] Successfully parsed data for Technical Officer- Partnerships & Resource Development from International Federation of Red Cross & Red Cross & Red Cross Societies.
2022-09-29 01:39:58.830 +00:00 [DBG] Successfully parsed data for Network Engineer from Productive Business Solutions (PBS).
2022-09-29 01:39:59.753 +00:00 [DBG] Successfully parsed data for Commercial Business Officer from Urban Development Corporation of Trinidad & Tobago (UDeCOTT) Ltd.
2022-09-29 01:40:00.676 +00:00 [DBG] Successfully parsed data for Golang Developer - Remote Work / Ref. 0138E from BairesDev.
2022-09-29 01:40:01.606 +00:00 [DBG] Successfully parsed data for QA Analyst Senior - Remote Work / Ref. 0027E from BairesDev.
2022-09-29 01:40:05.761 +00:00 [DBG] Successfully parsed data for iOS Developer - Remote Work / Ref. 0047E from BairesDev.
2022-09-29 01:40:10.040 +00:00 [DBG] Successfully parsed data for Executive Headhunter - Remote Work / Ref. 0050E from BairesDev.
2022-09-29 01:40:11.390 +00:00 [DBG] Successfully parsed data for Senior DevOps - Remote Work / Ref. 0121E from BairesDev.
2022-09-29 01:40:12.257 +00:00 [DBG] Successfully parsed data for Android Developer - Remote Work / Ref. 0046E from BairesDev.
2022-09-29 01:40:13.209 +00:00 [DBG] Successfully parsed data for Angular Developer - Remote Work / Ref. 0615E from BairesDev.
2022-09-29 01:40:14.110 +00:00 [DBG] Successfully parsed data for QA Automation Senior - Remote Work / Ref. 0166E from BairesDev.
2022-09-29 01:40:15.418 +00:00 [DBG] Successfully parsed data for Consultant to review Disaster Laws and Policies in overseas NL from International Federation of Red Cross & Red Cross & Red Cross Societies.
2022-09-29 01:40:16.828 +00:00 [DBG] Successfully parsed data for PHP Developer - Remote Work / Ref. 0021E from BairesDev.
2022-09-29 01:40:17.886 +00:00 [DBG] Successfully parsed data for .NET Developer - Remote Work / Ref. 0001E from BairesDev.
2022-09-29 01:40:18.793 +00:00 [DBG] Successfully parsed data for Node Developer - Remote Work / Ref. 0111E from BairesDev.
2022-09-29 01:40:19.724 +00:00 [DBG] Successfully parsed data for React Developer - Remote Work / Ref. 0169E from BairesDev.
2022-09-29 01:40:20.729 +00:00 [DBG] Successfully parsed data for Java Developer - Remote Work / Ref. 0003E from BairesDev.
2022-09-29 01:40:21.797 +00:00 [DBG] Successfully parsed data for Python Developer - Remote Work / Ref. 0071E from BairesDev.
2022-09-29 01:40:22.732 +00:00 [DBG] Successfully parsed data for Administrative Assistant from Urban Development Corporation of Trinidad & Tobago (UDeCOTT) Ltd.
2022-09-29 01:40:23.656 +00:00 [DBG] Successfully parsed data for IT Recruiter - Remote Work / Ref. 0196E from BairesDev.
2022-09-29 01:40:24.510 +00:00 [DBG] Successfully parsed data for Talent Acquisition Leader - Remote Work / Ref. 0227E from BairesDev.
2022-09-29 01:40:25.626 +00:00 [DBG] Successfully parsed data for UX/UI Developer - Remote Work / Ref. 0066E from BairesDev.
2022-09-29 01:40:26.532 +00:00 [DBG] Successfully parsed data for Account Manager - Remote Work / Ref. 0224E from BairesDev.
2022-09-29 01:40:27.375 +00:00 [DBG] Successfully parsed data for Ruby on Rails Developer - Remote Work / Ref. 0494E from BairesDev.
2022-09-29 01:40:28.291 +00:00 [DBG] Successfully parsed data for Senior Project Manager - Remote Work / Ref. 0049E from BairesDev.
2022-09-29 01:40:29.320 +00:00 [DBG] Successfully parsed data for ICT Technician (Temporary) from Not Disclosed.
2022-09-29 01:40:30.199 +00:00 [DBG] Successfully parsed data for Senior Legal Advisor from Angostura Limited.
2022-09-29 01:40:31.487 +00:00 [DBG] Successfully parsed data for Warehouse & Distribution Manager from HRC Associates.
2022-09-29 01:40:32.511 +00:00 [DBG] Successfully parsed data for Maintenance Technician from Associated Brands Industries Ltd.
2022-09-29 01:40:34.050 +00:00 [DBG] Successfully parsed data for Senior Facilities Manager from iQor.
2022-09-29 01:40:35.000 +00:00 [DBG] Successfully parsed data for WEB DESIGNER from Council of Legal Education.
2022-09-29 01:40:36.001 +00:00 [DBG] Successfully parsed data for General Manager (Cylo Tracking) from HRC Associates.
2022-09-29 01:40:36.962 +00:00 [DBG] Successfully parsed data for CLINICAL LABORATORY SPECIALIST from Western Scientific Company Ltd.
2022-09-29 01:40:37.848 +00:00 [DBG] Successfully parsed data for Project Control Manager from Not Disclosed.
2022-09-29 01:40:38.715 +00:00 [DBG] Successfully parsed data for PS Core Network Engineer from Huawei Technologies (T&T) Ltd..
2022-09-29 01:40:39.594 +00:00 [DBG] Successfully parsed data for Assistant Company Secretary & Paralegal from NATIONAL GENERAL INSURANCE CO. N.V..
2022-09-29 01:40:40.437 +00:00 [DBG] Successfully parsed data for Technical Assistant 11 - IT Security from National Insurance Board (NIB).
2022-09-29 01:40:41.363 +00:00 [DBG] Successfully parsed data for Systems Administrator from NIPDEC.
2022-09-29 01:40:42.274 +00:00 [DBG] Successfully parsed data for Senior Instrumentation & Controls Engineer - Design from Massy Wood Group.
2022-09-29 01:40:43.165 +00:00 [DBG] Successfully parsed data for Senior Communications Associate (Contract for Services) from The Children's Authority of Trinidad & Tobago.
2022-09-29 01:40:44.037 +00:00 [DBG] Successfully parsed data for Volunteer Programme Coordinator from The Children's Authority of Trinidad & Tobago.
2022-09-29 01:40:45.018 +00:00 [DBG] Successfully parsed data for Customer Service Representative - Seasonal from iQor.
2022-09-29 01:40:45.898 +00:00 [DBG] Successfully parsed data for General Manager, Couva Shopping Complex from Hyacinth Guy Human Resource Company.
2022-09-29 01:40:46.745 +00:00 [DBG] Successfully parsed data for Assistant General Manager from Regency Recruitment and Resources Limited.
2022-09-29 01:40:47.630 +00:00 [DBG] Successfully parsed data for Senior Analyst - Sales Forecasting from S.M. Jaleel & Company Limited.
2022-09-29 01:40:48.591 +00:00 [DBG] Successfully parsed data for Process Engineer II from Massy Wood Group.
2022-09-29 01:40:49.432 +00:00 [DBG] Successfully parsed data for COMMUNICATION STUDIES TEACHER from Bishop Anstey High School East & Trinity College East.
2022-09-29 01:40:50.324 +00:00 [DBG] Successfully parsed data for Project Delivery Lead from Massy Wood Group.
2022-09-29 01:40:51.204 +00:00 [DBG] Successfully parsed data for Group IFRS Compliance Manager from ANSA McAL Group of Companies.
2022-09-29 01:40:52.109 +00:00 [DBG] Successfully parsed data for Collection Officer from NES Fircroft.
2022-09-29 01:40:53.011 +00:00 [DBG] Successfully parsed data for Performance Analyst from Phoenix Park Gas Processors Limited.
2022-09-29 01:40:53.987 +00:00 [DBG] Successfully parsed data for PRINCIPAL, SPECIAL EDUCATION from RecruitmentXperts Ltd.
2022-09-29 01:40:54.823 +00:00 [DBG] Successfully parsed data for Account Executive from Regency Recruitment and Resources Limited.
2022-09-29 01:40:55.916 +00:00 [DBG] Successfully parsed data for Trade Marketing Assistant from Kaleidoscope Paints Limited.
2022-09-29 01:40:56.810 +00:00 [DBG] Successfully parsed data for HSSE Manager from GCG Trinidad.
2022-09-29 01:40:58.194 +00:00 [DBG] Successfully parsed data for CEDI- Sales & Operations Manager from Ramco Industries Limited.
2022-09-29 01:40:59.069 +00:00 [DBG] Successfully parsed data for Legal Services Manager from S.M. Jaleel & Company Limited.
2022-09-29 01:41:00.006 +00:00 [DBG] Successfully parsed data for Operations Analyst from National Flour Mills Limited.
2022-09-29 01:41:00.820 +00:00 [DBG] Successfully parsed data for Tractor Driver from Not Disclosed.
2022-09-29 01:41:01.728 +00:00 [DBG] Successfully parsed data for Retail Associate from Digicel.
2022-09-29 01:41:02.797 +00:00 [DBG] Successfully parsed data for Account Executive from Digicel.
2022-09-29 01:41:04.227 +00:00 [DBG] Successfully parsed data for Accounting Assistant from The Maritime Financial Group.
2022-09-29 01:41:04.228 +00:00 [DBG] All job post data added to list successfully.
2022-09-29 01:41:04.911 +00:00 [INF] Updated/inserted Monitoring and Evaluation Specialist from Hyacinth Guy Human Resource Company into database.
2022-09-29 01:41:05.090 +00:00 [INF] Updated/inserted Sales Representative from Not Disclosed into database.
2022-09-29 01:41:05.249 +00:00 [INF] Updated/inserted Senior Customs Manager from Not Disclosed into database.
2022-09-29 01:41:05.411 +00:00 [INF] Updated/inserted PRODUCTION SHIFT MANAGER from Not Disclosed into database.
2022-09-29 01:41:05.579 +00:00 [INF] Updated/inserted Inventory Analyst from Not Disclosed into database.
2022-09-29 01:41:05.752 +00:00 [INF] Updated/inserted CSR from Not Disclosed into database.
2022-09-29 01:41:05.915 +00:00 [INF] Updated/inserted DISPATCHER/PORTER from Not Disclosed into database.
2022-09-29 01:41:06.074 +00:00 [INF] Updated/inserted Merchandiser from Not Disclosed into database.
2022-09-29 01:41:06.234 +00:00 [INF] Updated/inserted Sr. Laboratory Technician from Nutrien (formerly PCS Nitrogen Trinidad Limited) into database.
2022-09-29 01:41:06.316 +00:00 [INF] Updated/inserted Administrative Support Officer from Dairy Distributors Limited into database.
2022-09-29 01:41:06.477 +00:00 [INF] Updated/inserted Medical Laboratory Technician from Southern Medical Services Company Limited into database.
2022-09-29 01:41:06.638 +00:00 [INF] Updated/inserted LEAD AUTOMOTIVE TECHNICIAN from Rahamut Enterprises Limited into database.
2022-09-29 01:41:06.718 +00:00 [INF] Updated/inserted Business Operations Assistant I from Eve Anderson Recruitment Ltd into database.
2022-09-29 01:41:06.799 +00:00 [INF] Updated/inserted Registered Nurse from Southern Medical Services Company Limited into database.
2022-09-29 01:41:06.880 +00:00 [INF] Updated/inserted Internal Auditor Assistant from Jo-Anne Mouttet & Associates into database.
2022-09-29 01:41:06.961 +00:00 [INF] Updated/inserted Sales Representative from Jo-Anne Mouttet & Associates into database.
2022-09-29 01:41:07.042 +00:00 [INF] Updated/inserted Pre-Sales Consultant from Eve Anderson Recruitment Ltd into database.
2022-09-29 01:41:07.123 +00:00 [INF] Updated/inserted Electrical Technician from National Flour Mills Limited into database.
2022-09-29 01:41:07.283 +00:00 [INF] Updated/inserted Accounts Supervisor from Aegis Business Solutions Limited into database.
2022-09-29 01:41:07.364 +00:00 [INF] Updated/inserted Accounts Administrator -Billing & Inventory from Dairy Distributors Limited into database.
2022-09-29 01:41:07.444 +00:00 [INF] Updated/inserted Maintenance & Engineering Manager, CCPSL from ANSA McAL Group of Companies into database.
2022-09-29 01:41:07.526 +00:00 [INF] Updated/inserted Head of Quality, ABS from ANSA McAL Group of Companies into database.
2022-09-29 01:41:07.687 +00:00 [INF] Updated/inserted Branch Sales Representative from Island Finance Ltd into database.
2022-09-29 01:41:07.848 +00:00 [INF] Updated/inserted Branch Sales Representative from Island Finance Ltd into database.
2022-09-29 01:41:07.927 +00:00 [INF] Updated/inserted Production Manager, Caribbean Clay Processing Services Limited from ANSA McAL Group of Companies into database.
2022-09-29 01:41:08.008 +00:00 [INF] Updated/inserted Business Consulting Professionals from EY Caribbean into database.
2022-09-29 01:41:08.089 +00:00 [INF] Updated/inserted Customer Service Representative, ANSA Coatings Limited from ANSA McAL Group of Companies into database.
2022-09-29 01:41:08.170 +00:00 [INF] Updated/inserted Service Advisor, ANSA Motors from ANSA McAL Group of Companies into database.
2022-09-29 01:41:08.331 +00:00 [INF] Updated/inserted Analyst Programmer II Innovation and Technology from Guardian Group into database.
2022-09-29 01:41:08.492 +00:00 [INF] Updated/inserted IT Change Management Coordinator from Guardian Group into database.
2022-09-29 01:41:08.653 +00:00 [INF] Updated/inserted Quantity Surveyor/ Technician from Not Disclosed into database.
2022-09-29 01:41:08.814 +00:00 [INF] Updated/inserted Manager Deals Management from Guardian Group into database.
2022-09-29 01:41:08.975 +00:00 [INF] Updated/inserted FACILITIES TECHNICIAN III from Kapok Hotel into database.
2022-09-29 01:41:09.139 +00:00 [INF] Updated/inserted Telephone Operator / Receptionist from Eastman & Associates into database.
2022-09-29 01:41:09.317 +00:00 [INF] Updated/inserted Data Preparedness Officer SC-8 (Caribbean Multi-Country Office) from United Nations World Food Programme into database.
2022-09-29 01:41:09.479 +00:00 [INF] Updated/inserted Auditing Assistant (Internal Audit) from Public Transport Service Corporation of Trinidad and Tobago into database.
2022-09-29 01:41:09.652 +00:00 [INF] Updated/inserted Senior Financial Advisor (Belize) from Glo Recruitment & HR into database.
2022-09-29 01:41:09.812 +00:00 [INF] Updated/inserted RELIEF SPANISH TEACHER from Bishop Anstey High School East & Trinity College East into database.
2022-09-29 01:41:09.975 +00:00 [INF] Updated/inserted Technical Officer- Partnerships & Resource Development from International Federation of Red Cross & Red Cross & Red Cross Societies into database.
2022-09-29 01:41:10.136 +00:00 [INF] Updated/inserted Network Engineer from Productive Business Solutions (PBS) into database.
2022-09-29 01:41:10.297 +00:00 [INF] Updated/inserted Commercial Business Officer from Urban Development Corporation of Trinidad & Tobago (UDeCOTT) Ltd into database.
2022-09-29 01:41:10.461 +00:00 [INF] Updated/inserted Golang Developer - Remote Work / Ref. 0138E from BairesDev into database.
2022-09-29 01:41:10.623 +00:00 [INF] Updated/inserted QA Analyst Senior - Remote Work / Ref. 0027E from BairesDev into database.
2022-09-29 01:41:10.783 +00:00 [INF] Updated/inserted iOS Developer - Remote Work / Ref. 0047E from BairesDev into database.
2022-09-29 01:41:10.945 +00:00 [INF] Updated/inserted Executive Headhunter - Remote Work / Ref. 0050E from BairesDev into database.
2022-09-29 01:41:11.112 +00:00 [INF] Updated/inserted Senior DevOps - Remote Work / Ref. 0121E from BairesDev into database.
2022-09-29 01:41:11.273 +00:00 [INF] Updated/inserted Android Developer - Remote Work / Ref. 0046E from BairesDev into database.
2022-09-29 01:41:11.435 +00:00 [INF] Updated/inserted Angular Developer - Remote Work / Ref. 0615E from BairesDev into database.
2022-09-29 01:41:11.595 +00:00 [INF] Updated/inserted QA Automation Senior - Remote Work / Ref. 0166E from BairesDev into database.
2022-09-29 01:41:11.754 +00:00 [INF] Updated/inserted Consultant to review Disaster Laws and Policies in overseas NL from International Federation of Red Cross & Red Cross & Red Cross Societies into database.
2022-09-29 01:41:11.915 +00:00 [INF] Updated/inserted PHP Developer - Remote Work / Ref. 0021E from BairesDev into database.
2022-09-29 01:41:12.075 +00:00 [INF] Updated/inserted .NET Developer - Remote Work / Ref. 0001E from BairesDev into database.
2022-09-29 01:41:12.235 +00:00 [INF] Updated/inserted Node Developer - Remote Work / Ref. 0111E from BairesDev into database.
2022-09-29 01:41:12.396 +00:00 [INF] Updated/inserted React Developer - Remote Work / Ref. 0169E from BairesDev into database.
2022-09-29 01:41:12.557 +00:00 [INF] Updated/inserted Java Developer - Remote Work / Ref. 0003E from BairesDev into database.
2022-09-29 01:41:12.720 +00:00 [INF] Updated/inserted Python Developer - Remote Work / Ref. 0071E from BairesDev into database.
2022-09-29 01:41:12.882 +00:00 [INF] Updated/inserted Administrative Assistant from Urban Development Corporation of Trinidad & Tobago (UDeCOTT) Ltd into database.
2022-09-29 01:41:13.059 +00:00 [INF] Updated/inserted IT Recruiter - Remote Work / Ref. 0196E from BairesDev into database.
2022-09-29 01:41:13.221 +00:00 [INF] Updated/inserted Talent Acquisition Leader - Remote Work / Ref. 0227E from BairesDev into database.
2022-09-29 01:41:13.381 +00:00 [INF] Updated/inserted UX/UI Developer - Remote Work / Ref. 0066E from BairesDev into database.
2022-09-29 01:41:13.547 +00:00 [INF] Updated/inserted Account Manager - Remote Work / Ref. 0224E from BairesDev into database.
2022-09-29 01:41:13.714 +00:00 [INF] Updated/inserted Ruby on Rails Developer - Remote Work / Ref. 0494E from BairesDev into database.
2022-09-29 01:41:13.895 +00:00 [INF] Updated/inserted Senior Project Manager - Remote Work / Ref. 0049E from BairesDev into database.
2022-09-29 01:41:14.055 +00:00 [INF] Updated/inserted ICT Technician (Temporary) from Not Disclosed into database.
2022-09-29 01:41:14.232 +00:00 [INF] Updated/inserted Senior Legal Advisor from Angostura Limited into database.
2022-09-29 01:41:14.393 +00:00 [INF] Updated/inserted Warehouse & Distribution Manager from HRC Associates into database.
2022-09-29 01:41:14.553 +00:00 [INF] Updated/inserted Maintenance Technician from Associated Brands Industries Ltd into database.
2022-09-29 01:41:14.714 +00:00 [INF] Updated/inserted Senior Facilities Manager from iQor into database.
2022-09-29 01:41:14.875 +00:00 [INF] Updated/inserted WEB DESIGNER from Council of Legal Education into database.
2022-09-29 01:41:15.042 +00:00 [INF] Updated/inserted General Manager (Cylo Tracking) from HRC Associates into database.
2022-09-29 01:41:15.201 +00:00 [INF] Updated/inserted CLINICAL LABORATORY SPECIALIST from Western Scientific Company Ltd into database.
2022-09-29 01:41:15.361 +00:00 [INF] Updated/inserted Project Control Manager from Not Disclosed into database.
2022-09-29 01:41:15.524 +00:00 [INF] Updated/inserted PS Core Network Engineer from Huawei Technologies (T&T) Ltd. into database.
2022-09-29 01:41:15.685 +00:00 [INF] Updated/inserted Assistant Company Secretary & Paralegal from NATIONAL GENERAL INSURANCE CO. N.V. into database.
2022-09-29 01:41:15.851 +00:00 [INF] Updated/inserted Technical Assistant 11 - IT Security from National Insurance Board (NIB) into database.
2022-09-29 01:41:16.011 +00:00 [INF] Updated/inserted Systems Administrator from NIPDEC into database.
2022-09-29 01:41:16.172 +00:00 [INF] Updated/inserted Senior Instrumentation & Controls Engineer - Design from Massy Wood Group into database.
2022-09-29 01:41:16.332 +00:00 [INF] Updated/inserted Senior Communications Associate (Contract for Services) from The Children's Authority of Trinidad & Tobago into database.
2022-09-29 01:41:16.494 +00:00 [INF] Updated/inserted Volunteer Programme Coordinator from The Children's Authority of Trinidad & Tobago into database.
2022-09-29 01:41:16.655 +00:00 [INF] Updated/inserted Customer Service Representative - Seasonal from iQor into database.
2022-09-29 01:41:16.816 +00:00 [INF] Updated/inserted General Manager, Couva Shopping Complex from Hyacinth Guy Human Resource Company into database.
2022-09-29 01:41:16.977 +00:00 [INF] Updated/inserted Assistant General Manager from Regency Recruitment and Resources Limited into database.
2022-09-29 01:41:17.138 +00:00 [INF] Updated/inserted Senior Analyst - Sales Forecasting from S.M. Jaleel & Company Limited into database.
2022-09-29 01:41:17.299 +00:00 [INF] Updated/inserted Process Engineer II from Massy Wood Group into database.
2022-09-29 01:41:17.459 +00:00 [INF] Updated/inserted COMMUNICATION STUDIES TEACHER from Bishop Anstey High School East & Trinity College East into database.
2022-09-29 01:41:17.630 +00:00 [INF] Updated/inserted Project Delivery Lead from Massy Wood Group into database.
2022-09-29 01:41:17.790 +00:00 [INF] Updated/inserted Group IFRS Compliance Manager from ANSA McAL Group of Companies into database.
2022-09-29 01:41:17.951 +00:00 [INF] Updated/inserted Collection Officer from NES Fircroft into database.
2022-09-29 01:41:18.111 +00:00 [INF] Updated/inserted Performance Analyst from Phoenix Park Gas Processors Limited into database.
2022-09-29 01:41:18.271 +00:00 [INF] Updated/inserted PRINCIPAL, SPECIAL EDUCATION from RecruitmentXperts Ltd into database.
2022-09-29 01:41:18.446 +00:00 [INF] Updated/inserted Account Executive from Regency Recruitment and Resources Limited into database.
2022-09-29 01:41:18.607 +00:00 [INF] Updated/inserted Trade Marketing Assistant from Kaleidoscope Paints Limited into database.
2022-09-29 01:41:18.767 +00:00 [INF] Updated/inserted HSSE Manager from GCG Trinidad into database.
2022-09-29 01:41:18.928 +00:00 [INF] Updated/inserted CEDI- Sales & Operations Manager from Ramco Industries Limited into database.
2022-09-29 01:41:19.091 +00:00 [INF] Updated/inserted Legal Services Manager from S.M. Jaleel & Company Limited into database.
2022-09-29 01:41:19.251 +00:00 [INF] Updated/inserted Operations Analyst from National Flour Mills Limited into database.
2022-09-29 01:41:19.411 +00:00 [INF] Updated/inserted Tractor Driver from Not Disclosed into database.
2022-09-29 01:41:19.573 +00:00 [INF] Updated/inserted Retail Associate from Digicel into database.
2022-09-29 01:41:19.733 +00:00 [INF] Updated/inserted Account Executive from Digicel into database.
2022-09-29 01:41:19.894 +00:00 [INF] Updated/inserted Accounting Assistant from The Maritime Financial Group into database.
2022-09-29 01:41:20.583 +00:00 [INF] Finished fetching current posts successfully.
